2014-10-30 17:25:32,365 - 接收对 http://127.0.0.1:520/Services/SystemSetting/MyMessageService 的 HTTP 响应时发生错误。这可能是由于服务终结点绑定未使用 HTTP 协议造成的。这还可能是由于服务器中止了 HTTP 请求上下文(可能由于服务关闭)所致。有关详细信息，请参见服务器日志。
System.ServiceModel.CommunicationException: 接收对 http://127.0.0.1:520/Services/SystemSetting/MyMessageService 的 HTTP 响应时发生错误。这可能是由于服务终结点绑定未使用 HTTP 协议造成的。这还可能是由于服务器中止了 HTTP 请求上下文(可能由于服务关闭)所致。有关详细信息，请参见服务器日志。 ---> System.Net.WebException: 基础连接已经关闭: 接收时发生错误。 ---> System.IO.IOException: 无法从传输连接中读取数据: 远程主机强迫关闭了一个现有的连接。。 ---> System.Net.Sockets.SocketException: 远程主机强迫关闭了一个现有的连接。
   在 System.Net.Sockets.Socket.Receive(Byte[] buffer, Int32 offset, Int32 size, SocketFlags socketFlags)
   在 System.Net.Sockets.NetworkStream.Read(Byte[] buffer, Int32 offset, Int32 size)
   --- 内部异常堆栈跟踪的结尾 ---
   在 System.Net.Sockets.NetworkStream.Read(Byte[] buffer, Int32 offset, Int32 size)
   在 System.Net.PooledStream.Read(Byte[] buffer, Int32 offset, Int32 size)
   在 System.Net.Connection.SyncRead(HttpWebRequest request, Boolean userRetrievedStream, Boolean probeRead)
   --- 内部异常堆栈跟踪的结尾 ---
   在 System.Net.HttpWebRequest.GetResponse()
   在 System.ServiceModel.Channels.HttpChannelFactory`1.HttpRequestChannel.HttpChannelRequest.WaitForReply(TimeSpan timeout)
   --- 内部异常堆栈跟踪的结尾 ---

Server stack trace: 
   在 System.ServiceModel.Channels.HttpChannelUtilities.ProcessGetResponseWebException(WebException webException, HttpWebRequest request, HttpAbortReason abortReason)
   在 System.ServiceModel.Channels.HttpChannelFactory`1.HttpRequestChannel.HttpChannelRequest.WaitForReply(TimeSpan timeout)
   在 System.ServiceModel.Channels.RequestChannel.Request(Message message, TimeSpan timeout)
   在 System.ServiceModel.Dispatcher.RequestChannelBinder.Request(Message message, TimeSpan timeout)
   在 System.ServiceModel.Channels.ServiceChannel.Call(String action, Boolean oneway, ProxyOperationRuntime operation, Object[] ins, Object[] outs, TimeSpan timeout)
   在 System.ServiceModel.Channels.ServiceChannelProxy.InvokeService(IMethodCallMessage methodCall, ProxyOperationRuntime operation)
   在 System.ServiceModel.Channels.ServiceChannelProxy.Invoke(IMessage message)

Exception rethrown at [0]: 
   在 System.Runtime.Remoting.Proxies.RealProxy.HandleReturnMessage(IMessage reqMsg, IMessage retMsg)
   在 System.Runtime.Remoting.Proxies.RealProxy.PrivateInvoke(MessageData& msgData, Int32 type)
   在 BPiaoBao.AppServices.Contracts.SystemSetting.IMyMessageService.GetUnReadMsgCount()
   在 BPiaoBao.Client.ViewModel.MainViewModel.<>c__DisplayClass15.<GetNoticeList>b__11(IMyMessageService service) 位置 e:\工程项目\V3.0\BTicket（客户端）\BTicket(2014-05-29)\BPiaoBao\BPiaoBao\BPiaoBao.Client\ViewModel\MainViewModel.cs:行号 501
   在 BPiaoBao.Client.UIExt.CommunicateManager.Invoke[T](Action`1 act, Action`1 error) 位置 e:\工程项目\V3.0\BTicket（客户端）\BTicket(2014-05-29)\BPiaoBao\BPiaoBao\BPiaoBao.Client.UIExt\Communicate\CommunicateManager.cs:行号 55
