2014-11-19 10:59:51,608 - 队列错误
System.InvalidOperationException: 此计算机上尚未安装消息队列。
   在 System.Messaging.Interop.SafeNativeMethods.MQPathNameToFormatName(String pathName, StringBuilder formatName, Int32& count)
   在 System.Messaging.MessageQueue.ResolveFormatNameFromQueuePath(String queuePath, Boolean throwException)
   在 System.Messaging.MessageQueue.Exists(String path)
   在 BPiaoBao.AppServices.Hosting.BootStrapper.ReviceMessage() 位置 e:\工程项目\V3.0\BTicket（客户端）\BTicket(2014-05-29)\BPiaoBao\BPiaoBao\BPiaoBao.AppServices.Hosting\BootStrapper.cs:行号 95
2014-11-19 11:01:55,932 - 队列错误
System.InvalidOperationException: 此计算机上尚未安装消息队列。
   在 System.Messaging.Interop.SafeNativeMethods.MQPathNameToFormatName(String pathName, StringBuilder formatName, Int32& count)
   在 System.Messaging.MessageQueue.ResolveFormatNameFromQueuePath(String queuePath, Boolean throwException)
   在 System.Messaging.MessageQueue.Exists(String path)
   在 BPiaoBao.AppServices.Hosting.BootStrapper.ReviceMessage() 位置 e:\工程项目\V3.0\BTicket（客户端）\BTicket(2014-05-29)\BPiaoBao\BPiaoBao\BPiaoBao.AppServices.Hosting\BootStrapper.cs:行号 95
2014-11-19 11:04:04,159 - 队列错误
System.InvalidOperationException: 此计算机上尚未安装消息队列。
   在 System.Messaging.Interop.SafeNativeMethods.MQPathNameToFormatName(String pathName, StringBuilder formatName, Int32& count)
   在 System.Messaging.MessageQueue.ResolveFormatNameFromQueuePath(String queuePath, Boolean throwException)
   在 System.Messaging.MessageQueue.Exists(String path)
   在 BPiaoBao.AppServices.Hosting.BootStrapper.ReviceMessage() 位置 e:\工程项目\V3.0\BTicket（客户端）\BTicket(2014-05-29)\BPiaoBao\BPiaoBao\BPiaoBao.AppServices.Hosting\BootStrapper.cs:行号 95
2014-11-19 11:11:41,887 - 队列错误
System.InvalidOperationException: 此计算机上尚未安装消息队列。
   在 System.Messaging.Interop.SafeNativeMethods.MQPathNameToFormatName(String pathName, StringBuilder formatName, Int32& count)
   在 System.Messaging.MessageQueue.ResolveFormatNameFromQueuePath(String queuePath, Boolean throwException)
   在 System.Messaging.MessageQueue.Exists(String path)
   在 BPiaoBao.AppServices.Hosting.BootStrapper.ReviceMessage() 位置 e:\工程项目\V3.0\BTicket（客户端）\BTicket(2014-05-29)\BPiaoBao\BPiaoBao\BPiaoBao.AppServices.Hosting\BootStrapper.cs:行号 95
2014-11-19 11:21:18,720 - 队列错误
System.InvalidOperationException: 此计算机上尚未安装消息队列。
   在 System.Messaging.Interop.SafeNativeMethods.MQPathNameToFormatName(String pathName, StringBuilder formatName, Int32& count)
   在 System.Messaging.MessageQueue.ResolveFormatNameFromQueuePath(String queuePath, Boolean throwException)
   在 System.Messaging.MessageQueue.Exists(String path)
   在 BPiaoBao.AppServices.Hosting.BootStrapper.ReviceMessage() 位置 e:\工程项目\V3.0\BTicket（客户端）\BTicket(2014-05-29)\BPiaoBao\BPiaoBao\BPiaoBao.AppServices.Hosting\BootStrapper.cs:行号 95
2014-11-19 11:48:38,354 - 队列错误
System.InvalidOperationException: 此计算机上尚未安装消息队列。
   在 System.Messaging.Interop.SafeNativeMethods.MQPathNameToFormatName(String pathName, StringBuilder formatName, Int32& count)
   在 System.Messaging.MessageQueue.ResolveFormatNameFromQueuePath(String queuePath, Boolean throwException)
   在 System.Messaging.MessageQueue.Exists(String path)
   在 BPiaoBao.AppServices.Hosting.BootStrapper.ReviceMessage() 位置 e:\工程项目\V3.0\BTicket（客户端）\BTicket(2014-05-29)\BPiaoBao\BPiaoBao\BPiaoBao.AppServices.Hosting\BootStrapper.cs:行号 95
2014-11-19 11:51:30,668 - 商户不存在
