2014-11-13 15:34:47,383 - 队列错误
System.InvalidOperationException: 此计算机上尚未安装消息队列。
   在 System.Messaging.Interop.SafeNativeMethods.MQPathNameToFormatName(String pathName, StringBuilder formatName, Int32& count)
   在 System.Messaging.MessageQueue.ResolveFormatNameFromQueuePath(String queuePath, Boolean throwException)
   在 System.Messaging.MessageQueue.Exists(String path)
   在 BPiaoBao.AppServices.Hosting.BootStrapper.ReviceMessage() 位置 e:\工程项目\V3.0\BTicket（客户端）\BTicket(2014-05-29)\BPiaoBao\BPiaoBao\BPiaoBao.AppServices.Hosting\BootStrapper.cs:行号 95
2014-11-13 15:37:39,973 - 值不能为 null。
参数名: parameters
System.ArgumentNullException: 值不能为 null。
参数名: parameters
   在 System.ServiceModel.Dispatcher.OperationFormatter.SerializeReply(MessageVersion messageVersion, Object[] parameters, Object result)
   在 System.ServiceModel.Dispatcher.DispatchOperationRuntime.SerializeOutputs(MessageRpc& rpc)
   在 System.ServiceModel.Dispatcher.DispatchOperationRuntime.InvokeBegin(MessageRpc& rpc)
   在 System.ServiceModel.Dispatcher.ImmutableDispatchRuntime.ProcessMessage5(MessageRpc& rpc)
   在 System.ServiceModel.Dispatcher.ImmutableDispatchRuntime.ProcessMessage41(MessageRpc& rpc)
   在 System.ServiceModel.Dispatcher.ImmutableDispatchRuntime.ProcessMessage4(MessageRpc& rpc)
   在 System.ServiceModel.Dispatcher.ImmutableDispatchRuntime.ProcessMessage31(MessageRpc& rpc)
   在 System.ServiceModel.Dispatcher.ImmutableDispatchRuntime.ProcessMessage3(MessageRpc& rpc)
   在 System.ServiceModel.Dispatcher.ImmutableDispatchRuntime.ProcessMessage2(MessageRpc& rpc)
   在 System.ServiceModel.Dispatcher.ImmutableDispatchRuntime.ProcessMessage11(MessageRpc& rpc)
   在 System.ServiceModel.Dispatcher.ImmutableDispatchRuntime.ProcessMessage1(MessageRpc& rpc)
   在 System.ServiceModel.Dispatcher.MessageRpc.Process(Boolean isOperationContextSet)
2014-11-13 15:40:34,937 - 队列错误
System.InvalidOperationException: 此计算机上尚未安装消息队列。
   在 System.Messaging.Interop.SafeNativeMethods.MQPathNameToFormatName(String pathName, StringBuilder formatName, Int32& count)
   在 System.Messaging.MessageQueue.ResolveFormatNameFromQueuePath(String queuePath, Boolean throwException)
   在 System.Messaging.MessageQueue.Exists(String path)
   在 BPiaoBao.AppServices.Hosting.BootStrapper.ReviceMessage() 位置 e:\工程项目\V3.0\BTicket（客户端）\BTicket(2014-05-29)\BPiaoBao\BPiaoBao\BPiaoBao.AppServices.Hosting\BootStrapper.cs:行号 95
2014-11-13 15:42:48,788 - 值不能为 null。
参数名: parameters
System.ArgumentNullException: 值不能为 null。
参数名: parameters
   在 System.ServiceModel.Dispatcher.OperationFormatter.SerializeReply(MessageVersion messageVersion, Object[] parameters, Object result)
   在 System.ServiceModel.Dispatcher.DispatchOperationRuntime.SerializeOutputs(MessageRpc& rpc)
   在 System.ServiceModel.Dispatcher.DispatchOperationRuntime.InvokeBegin(MessageRpc& rpc)
   在 System.ServiceModel.Dispatcher.ImmutableDispatchRuntime.ProcessMessage5(MessageRpc& rpc)
   在 System.ServiceModel.Dispatcher.ImmutableDispatchRuntime.ProcessMessage41(MessageRpc& rpc)
   在 System.ServiceModel.Dispatcher.ImmutableDispatchRuntime.ProcessMessage4(MessageRpc& rpc)
   在 System.ServiceModel.Dispatcher.ImmutableDispatchRuntime.ProcessMessage31(MessageRpc& rpc)
   在 System.ServiceModel.Dispatcher.ImmutableDispatchRuntime.ProcessMessage3(MessageRpc& rpc)
   在 System.ServiceModel.Dispatcher.ImmutableDispatchRuntime.ProcessMessage2(MessageRpc& rpc)
   在 System.ServiceModel.Dispatcher.ImmutableDispatchRuntime.ProcessMessage11(MessageRpc& rpc)
   在 System.ServiceModel.Dispatcher.ImmutableDispatchRuntime.ProcessMessage1(MessageRpc& rpc)
   在 System.ServiceModel.Dispatcher.MessageRpc.Process(Boolean isOperationContextSet)
2014-11-13 15:51:43,319 - 队列错误
System.InvalidOperationException: 此计算机上尚未安装消息队列。
   在 System.Messaging.Interop.SafeNativeMethods.MQPathNameToFormatName(String pathName, StringBuilder formatName, Int32& count)
   在 System.Messaging.MessageQueue.ResolveFormatNameFromQueuePath(String queuePath, Boolean throwException)
   在 System.Messaging.MessageQueue.Exists(String path)
   在 BPiaoBao.AppServices.Hosting.BootStrapper.ReviceMessage() 位置 e:\工程项目\V3.0\BTicket（客户端）\BTicket(2014-05-29)\BPiaoBao\BPiaoBao\BPiaoBao.AppServices.Hosting\BootStrapper.cs:行号 95
2014-11-13 15:54:45,785 - 队列错误
System.InvalidOperationException: 此计算机上尚未安装消息队列。
   在 System.Messaging.Interop.SafeNativeMethods.MQPathNameToFormatName(String pathName, StringBuilder formatName, Int32& count)
   在 System.Messaging.MessageQueue.ResolveFormatNameFromQueuePath(String queuePath, Boolean throwException)
   在 System.Messaging.MessageQueue.Exists(String path)
   在 BPiaoBao.AppServices.Hosting.BootStrapper.ReviceMessage() 位置 e:\工程项目\V3.0\BTicket（客户端）\BTicket(2014-05-29)\BPiaoBao\BPiaoBao\BPiaoBao.AppServices.Hosting\BootStrapper.cs:行号 95
2014-11-13 15:58:54,499 - 值不能为 null。
参数名: parameters
System.ArgumentNullException: 值不能为 null。
参数名: parameters
   在 System.ServiceModel.Dispatcher.OperationFormatter.SerializeReply(MessageVersion messageVersion, Object[] parameters, Object result)
   在 System.ServiceModel.Dispatcher.DispatchOperationRuntime.SerializeOutputs(MessageRpc& rpc)
   在 System.ServiceModel.Dispatcher.DispatchOperationRuntime.InvokeBegin(MessageRpc& rpc)
   在 System.ServiceModel.Dispatcher.ImmutableDispatchRuntime.ProcessMessage5(MessageRpc& rpc)
   在 System.ServiceModel.Dispatcher.ImmutableDispatchRuntime.ProcessMessage41(MessageRpc& rpc)
   在 System.ServiceModel.Dispatcher.ImmutableDispatchRuntime.ProcessMessage4(MessageRpc& rpc)
   在 System.ServiceModel.Dispatcher.ImmutableDispatchRuntime.ProcessMessage31(MessageRpc& rpc)
   在 System.ServiceModel.Dispatcher.ImmutableDispatchRuntime.ProcessMessage3(MessageRpc& rpc)
   在 System.ServiceModel.Dispatcher.ImmutableDispatchRuntime.ProcessMessage2(MessageRpc& rpc)
   在 System.ServiceModel.Dispatcher.ImmutableDispatchRuntime.ProcessMessage11(MessageRpc& rpc)
   在 System.ServiceModel.Dispatcher.ImmutableDispatchRuntime.ProcessMessage1(MessageRpc& rpc)
   在 System.ServiceModel.Dispatcher.MessageRpc.Process(Boolean isOperationContextSet)
2014-11-13 16:00:49,200 - 值不能为 null。
参数名: parameters
System.ArgumentNullException: 值不能为 null。
参数名: parameters
   在 System.ServiceModel.Dispatcher.OperationFormatter.SerializeReply(MessageVersion messageVersion, Object[] parameters, Object result)
   在 System.ServiceModel.Dispatcher.DispatchOperationRuntime.SerializeOutputs(MessageRpc& rpc)
   在 System.ServiceModel.Dispatcher.DispatchOperationRuntime.InvokeBegin(MessageRpc& rpc)
   在 System.ServiceModel.Dispatcher.ImmutableDispatchRuntime.ProcessMessage5(MessageRpc& rpc)
   在 System.ServiceModel.Dispatcher.ImmutableDispatchRuntime.ProcessMessage41(MessageRpc& rpc)
   在 System.ServiceModel.Dispatcher.ImmutableDispatchRuntime.ProcessMessage4(MessageRpc& rpc)
   在 System.ServiceModel.Dispatcher.ImmutableDispatchRuntime.ProcessMessage31(MessageRpc& rpc)
   在 System.ServiceModel.Dispatcher.ImmutableDispatchRuntime.ProcessMessage3(MessageRpc& rpc)
   在 System.ServiceModel.Dispatcher.ImmutableDispatchRuntime.ProcessMessage2(MessageRpc& rpc)
   在 System.ServiceModel.Dispatcher.ImmutableDispatchRuntime.ProcessMessage11(MessageRpc& rpc)
   在 System.ServiceModel.Dispatcher.ImmutableDispatchRuntime.ProcessMessage1(MessageRpc& rpc)
   在 System.ServiceModel.Dispatcher.MessageRpc.Process(Boolean isOperationContextSet)
2014-11-13 16:01:14,900 - 值不能为 null。
参数名: parameters
System.ArgumentNullException: 值不能为 null。
参数名: parameters
   在 System.ServiceModel.Dispatcher.OperationFormatter.SerializeReply(MessageVersion messageVersion, Object[] parameters, Object result)
   在 System.ServiceModel.Dispatcher.DispatchOperationRuntime.SerializeOutputs(MessageRpc& rpc)
   在 System.ServiceModel.Dispatcher.DispatchOperationRuntime.InvokeBegin(MessageRpc& rpc)
   在 System.ServiceModel.Dispatcher.ImmutableDispatchRuntime.ProcessMessage5(MessageRpc& rpc)
   在 System.ServiceModel.Dispatcher.ImmutableDispatchRuntime.ProcessMessage41(MessageRpc& rpc)
   在 System.ServiceModel.Dispatcher.ImmutableDispatchRuntime.ProcessMessage4(MessageRpc& rpc)
   在 System.ServiceModel.Dispatcher.ImmutableDispatchRuntime.ProcessMessage31(MessageRpc& rpc)
   在 System.ServiceModel.Dispatcher.ImmutableDispatchRuntime.ProcessMessage3(MessageRpc& rpc)
   在 System.ServiceModel.Dispatcher.ImmutableDispatchRuntime.ProcessMessage2(MessageRpc& rpc)
   在 System.ServiceModel.Dispatcher.ImmutableDispatchRuntime.ProcessMessage11(MessageRpc& rpc)
   在 System.ServiceModel.Dispatcher.ImmutableDispatchRuntime.ProcessMessage1(MessageRpc& rpc)
   在 System.ServiceModel.Dispatcher.MessageRpc.Process(Boolean isOperationContextSet)
2014-11-13 16:05:02,976 - 队列错误
System.InvalidOperationException: 此计算机上尚未安装消息队列。
   在 System.Messaging.Interop.SafeNativeMethods.MQPathNameToFormatName(String pathName, StringBuilder formatName, Int32& count)
   在 System.Messaging.MessageQueue.ResolveFormatNameFromQueuePath(String queuePath, Boolean throwException)
   在 System.Messaging.MessageQueue.Exists(String path)
   在 BPiaoBao.AppServices.Hosting.BootStrapper.ReviceMessage() 位置 e:\工程项目\V3.0\BTicket（客户端）\BTicket(2014-05-29)\BPiaoBao\BPiaoBao\BPiaoBao.AppServices.Hosting\BootStrapper.cs:行号 95
2014-11-13 16:10:13,431 - 值不能为 null。
参数名: parameters
System.ArgumentNullException: 值不能为 null。
参数名: parameters
   在 System.ServiceModel.Dispatcher.OperationFormatter.SerializeReply(MessageVersion messageVersion, Object[] parameters, Object result)
   在 System.ServiceModel.Dispatcher.DispatchOperationRuntime.SerializeOutputs(MessageRpc& rpc)
   在 System.ServiceModel.Dispatcher.DispatchOperationRuntime.InvokeBegin(MessageRpc& rpc)
   在 System.ServiceModel.Dispatcher.ImmutableDispatchRuntime.ProcessMessage5(MessageRpc& rpc)
   在 System.ServiceModel.Dispatcher.ImmutableDispatchRuntime.ProcessMessage41(MessageRpc& rpc)
   在 System.ServiceModel.Dispatcher.ImmutableDispatchRuntime.ProcessMessage4(MessageRpc& rpc)
   在 System.ServiceModel.Dispatcher.ImmutableDispatchRuntime.ProcessMessage31(MessageRpc& rpc)
   在 System.ServiceModel.Dispatcher.ImmutableDispatchRuntime.ProcessMessage3(MessageRpc& rpc)
   在 System.ServiceModel.Dispatcher.ImmutableDispatchRuntime.ProcessMessage2(MessageRpc& rpc)
   在 System.ServiceModel.Dispatcher.ImmutableDispatchRuntime.ProcessMessage11(MessageRpc& rpc)
   在 System.ServiceModel.Dispatcher.ImmutableDispatchRuntime.ProcessMessage1(MessageRpc& rpc)
   在 System.ServiceModel.Dispatcher.MessageRpc.Process(Boolean isOperationContextSet)
2014-11-13 16:10:53,869 - 值不能为 null。
参数名: parameters
System.ArgumentNullException: 值不能为 null。
参数名: parameters
   在 System.ServiceModel.Dispatcher.OperationFormatter.SerializeReply(MessageVersion messageVersion, Object[] parameters, Object result)
   在 System.ServiceModel.Dispatcher.DispatchOperationRuntime.SerializeOutputs(MessageRpc& rpc)
   在 System.ServiceModel.Dispatcher.DispatchOperationRuntime.InvokeBegin(MessageRpc& rpc)
   在 System.ServiceModel.Dispatcher.ImmutableDispatchRuntime.ProcessMessage5(MessageRpc& rpc)
   在 System.ServiceModel.Dispatcher.ImmutableDispatchRuntime.ProcessMessage41(MessageRpc& rpc)
   在 System.ServiceModel.Dispatcher.ImmutableDispatchRuntime.ProcessMessage4(MessageRpc& rpc)
   在 System.ServiceModel.Dispatcher.ImmutableDispatchRuntime.ProcessMessage31(MessageRpc& rpc)
   在 System.ServiceModel.Dispatcher.ImmutableDispatchRuntime.ProcessMessage3(MessageRpc& rpc)
   在 System.ServiceModel.Dispatcher.ImmutableDispatchRuntime.ProcessMessage2(MessageRpc& rpc)
   在 System.ServiceModel.Dispatcher.ImmutableDispatchRuntime.ProcessMessage11(MessageRpc& rpc)
   在 System.ServiceModel.Dispatcher.ImmutableDispatchRuntime.ProcessMessage1(MessageRpc& rpc)
   在 System.ServiceModel.Dispatcher.MessageRpc.Process(Boolean isOperationContextSet)
2014-11-13 16:19:27,612 - 队列错误
System.InvalidOperationException: 此计算机上尚未安装消息队列。
   在 System.Messaging.Interop.SafeNativeMethods.MQPathNameToFormatName(String pathName, StringBuilder formatName, Int32& count)
   在 System.Messaging.MessageQueue.ResolveFormatNameFromQueuePath(String queuePath, Boolean throwException)
   在 System.Messaging.MessageQueue.Exists(String path)
   在 BPiaoBao.AppServices.Hosting.BootStrapper.ReviceMessage() 位置 e:\工程项目\V3.0\BTicket（客户端）\BTicket(2014-05-29)\BPiaoBao\BPiaoBao\BPiaoBao.AppServices.Hosting\BootStrapper.cs:行号 95
2014-11-13 16:23:01,939 - 队列错误
System.InvalidOperationException: 此计算机上尚未安装消息队列。
   在 System.Messaging.Interop.SafeNativeMethods.MQPathNameToFormatName(String pathName, StringBuilder formatName, Int32& count)
   在 System.Messaging.MessageQueue.ResolveFormatNameFromQueuePath(String queuePath, Boolean throwException)
   在 System.Messaging.MessageQueue.Exists(String path)
   在 BPiaoBao.AppServices.Hosting.BootStrapper.ReviceMessage() 位置 e:\工程项目\V3.0\BTicket（客户端）\BTicket(2014-05-29)\BPiaoBao\BPiaoBao\BPiaoBao.AppServices.Hosting\BootStrapper.cs:行号 95
2014-11-13 16:32:02,083 - 值不能为 null。
参数名: parameters
System.ArgumentNullException: 值不能为 null。
参数名: parameters
   在 System.ServiceModel.Dispatcher.OperationFormatter.SerializeReply(MessageVersion messageVersion, Object[] parameters, Object result)
   在 System.ServiceModel.Dispatcher.DispatchOperationRuntime.SerializeOutputs(MessageRpc& rpc)
   在 System.ServiceModel.Dispatcher.DispatchOperationRuntime.InvokeBegin(MessageRpc& rpc)
   在 System.ServiceModel.Dispatcher.ImmutableDispatchRuntime.ProcessMessage5(MessageRpc& rpc)
   在 System.ServiceModel.Dispatcher.ImmutableDispatchRuntime.ProcessMessage41(MessageRpc& rpc)
   在 System.ServiceModel.Dispatcher.ImmutableDispatchRuntime.ProcessMessage4(MessageRpc& rpc)
   在 System.ServiceModel.Dispatcher.ImmutableDispatchRuntime.ProcessMessage31(MessageRpc& rpc)
   在 System.ServiceModel.Dispatcher.ImmutableDispatchRuntime.ProcessMessage3(MessageRpc& rpc)
   在 System.ServiceModel.Dispatcher.ImmutableDispatchRuntime.ProcessMessage2(MessageRpc& rpc)
   在 System.ServiceModel.Dispatcher.ImmutableDispatchRuntime.ProcessMessage11(MessageRpc& rpc)
   在 System.ServiceModel.Dispatcher.ImmutableDispatchRuntime.ProcessMessage1(MessageRpc& rpc)
   在 System.ServiceModel.Dispatcher.MessageRpc.Process(Boolean isOperationContextSet)
2014-11-13 16:37:59,088 - 值不能为 null。
参数名: parameters
System.ArgumentNullException: 值不能为 null。
参数名: parameters
   在 System.ServiceModel.Dispatcher.OperationFormatter.SerializeReply(MessageVersion messageVersion, Object[] parameters, Object result)
   在 System.ServiceModel.Dispatcher.DispatchOperationRuntime.SerializeOutputs(MessageRpc& rpc)
   在 System.ServiceModel.Dispatcher.DispatchOperationRuntime.InvokeBegin(MessageRpc& rpc)
   在 System.ServiceModel.Dispatcher.ImmutableDispatchRuntime.ProcessMessage5(MessageRpc& rpc)
   在 System.ServiceModel.Dispatcher.ImmutableDispatchRuntime.ProcessMessage41(MessageRpc& rpc)
   在 System.ServiceModel.Dispatcher.ImmutableDispatchRuntime.ProcessMessage4(MessageRpc& rpc)
   在 System.ServiceModel.Dispatcher.ImmutableDispatchRuntime.ProcessMessage31(MessageRpc& rpc)
   在 System.ServiceModel.Dispatcher.ImmutableDispatchRuntime.ProcessMessage3(MessageRpc& rpc)
   在 System.ServiceModel.Dispatcher.ImmutableDispatchRuntime.ProcessMessage2(MessageRpc& rpc)
   在 System.ServiceModel.Dispatcher.ImmutableDispatchRuntime.ProcessMessage11(MessageRpc& rpc)
   在 System.ServiceModel.Dispatcher.ImmutableDispatchRuntime.ProcessMessage1(MessageRpc& rpc)
   在 System.ServiceModel.Dispatcher.MessageRpc.Process(Boolean isOperationContextSet)
2014-11-13 16:40:37,609 - 值不能为 null。
参数名: parameters
System.ArgumentNullException: 值不能为 null。
参数名: parameters
   在 System.ServiceModel.Dispatcher.OperationFormatter.SerializeReply(MessageVersion messageVersion, Object[] parameters, Object result)
   在 System.ServiceModel.Dispatcher.DispatchOperationRuntime.SerializeOutputs(MessageRpc& rpc)
   在 System.ServiceModel.Dispatcher.DispatchOperationRuntime.InvokeBegin(MessageRpc& rpc)
   在 System.ServiceModel.Dispatcher.ImmutableDispatchRuntime.ProcessMessage5(MessageRpc& rpc)
   在 System.ServiceModel.Dispatcher.ImmutableDispatchRuntime.ProcessMessage41(MessageRpc& rpc)
   在 System.ServiceModel.Dispatcher.ImmutableDispatchRuntime.ProcessMessage4(MessageRpc& rpc)
   在 System.ServiceModel.Dispatcher.ImmutableDispatchRuntime.ProcessMessage31(MessageRpc& rpc)
   在 System.ServiceModel.Dispatcher.ImmutableDispatchRuntime.ProcessMessage3(MessageRpc& rpc)
   在 System.ServiceModel.Dispatcher.ImmutableDispatchRuntime.ProcessMessage2(MessageRpc& rpc)
   在 System.ServiceModel.Dispatcher.ImmutableDispatchRuntime.ProcessMessage11(MessageRpc& rpc)
   在 System.ServiceModel.Dispatcher.ImmutableDispatchRuntime.ProcessMessage1(MessageRpc& rpc)
   在 System.ServiceModel.Dispatcher.MessageRpc.Process(Boolean isOperationContextSet)
2014-11-13 16:41:49,297 - 值不能为 null。
参数名: parameters
System.ArgumentNullException: 值不能为 null。
参数名: parameters
   在 System.ServiceModel.Dispatcher.OperationFormatter.SerializeReply(MessageVersion messageVersion, Object[] parameters, Object result)
   在 System.ServiceModel.Dispatcher.DispatchOperationRuntime.SerializeOutputs(MessageRpc& rpc)
   在 System.ServiceModel.Dispatcher.DispatchOperationRuntime.InvokeBegin(MessageRpc& rpc)
   在 System.ServiceModel.Dispatcher.ImmutableDispatchRuntime.ProcessMessage5(MessageRpc& rpc)
   在 System.ServiceModel.Dispatcher.ImmutableDispatchRuntime.ProcessMessage41(MessageRpc& rpc)
   在 System.ServiceModel.Dispatcher.ImmutableDispatchRuntime.ProcessMessage4(MessageRpc& rpc)
   在 System.ServiceModel.Dispatcher.ImmutableDispatchRuntime.ProcessMessage31(MessageRpc& rpc)
   在 System.ServiceModel.Dispatcher.ImmutableDispatchRuntime.ProcessMessage3(MessageRpc& rpc)
   在 System.ServiceModel.Dispatcher.ImmutableDispatchRuntime.ProcessMessage2(MessageRpc& rpc)
   在 System.ServiceModel.Dispatcher.ImmutableDispatchRuntime.ProcessMessage11(MessageRpc& rpc)
   在 System.ServiceModel.Dispatcher.ImmutableDispatchRuntime.ProcessMessage1(MessageRpc& rpc)
   在 System.ServiceModel.Dispatcher.MessageRpc.Process(Boolean isOperationContextSet)
2014-11-13 16:43:38,080 - 值不能为 null。
参数名: parameters
System.ArgumentNullException: 值不能为 null。
参数名: parameters
   在 System.ServiceModel.Dispatcher.OperationFormatter.SerializeReply(MessageVersion messageVersion, Object[] parameters, Object result)
   在 System.ServiceModel.Dispatcher.DispatchOperationRuntime.SerializeOutputs(MessageRpc& rpc)
   在 System.ServiceModel.Dispatcher.DispatchOperationRuntime.InvokeBegin(MessageRpc& rpc)
   在 System.ServiceModel.Dispatcher.ImmutableDispatchRuntime.ProcessMessage5(MessageRpc& rpc)
   在 System.ServiceModel.Dispatcher.ImmutableDispatchRuntime.ProcessMessage41(MessageRpc& rpc)
   在 System.ServiceModel.Dispatcher.ImmutableDispatchRuntime.ProcessMessage4(MessageRpc& rpc)
   在 System.ServiceModel.Dispatcher.ImmutableDispatchRuntime.ProcessMessage31(MessageRpc& rpc)
   在 System.ServiceModel.Dispatcher.ImmutableDispatchRuntime.ProcessMessage3(MessageRpc& rpc)
   在 System.ServiceModel.Dispatcher.ImmutableDispatchRuntime.ProcessMessage2(MessageRpc& rpc)
   在 System.ServiceModel.Dispatcher.ImmutableDispatchRuntime.ProcessMessage11(MessageRpc& rpc)
   在 System.ServiceModel.Dispatcher.ImmutableDispatchRuntime.ProcessMessage1(MessageRpc& rpc)
   在 System.ServiceModel.Dispatcher.MessageRpc.Process(Boolean isOperationContextSet)
2014-11-13 16:44:25,480 - 值不能为 null。
参数名: parameters
System.ArgumentNullException: 值不能为 null。
参数名: parameters
   在 System.ServiceModel.Dispatcher.OperationFormatter.SerializeReply(MessageVersion messageVersion, Object[] parameters, Object result)
   在 System.ServiceModel.Dispatcher.DispatchOperationRuntime.SerializeOutputs(MessageRpc& rpc)
   在 System.ServiceModel.Dispatcher.DispatchOperationRuntime.InvokeBegin(MessageRpc& rpc)
   在 System.ServiceModel.Dispatcher.ImmutableDispatchRuntime.ProcessMessage5(MessageRpc& rpc)
   在 System.ServiceModel.Dispatcher.ImmutableDispatchRuntime.ProcessMessage41(MessageRpc& rpc)
   在 System.ServiceModel.Dispatcher.ImmutableDispatchRuntime.ProcessMessage4(MessageRpc& rpc)
   在 System.ServiceModel.Dispatcher.ImmutableDispatchRuntime.ProcessMessage31(MessageRpc& rpc)
   在 System.ServiceModel.Dispatcher.ImmutableDispatchRuntime.ProcessMessage3(MessageRpc& rpc)
   在 System.ServiceModel.Dispatcher.ImmutableDispatchRuntime.ProcessMessage2(MessageRpc& rpc)
   在 System.ServiceModel.Dispatcher.ImmutableDispatchRuntime.ProcessMessage11(MessageRpc& rpc)
   在 System.ServiceModel.Dispatcher.ImmutableDispatchRuntime.ProcessMessage1(MessageRpc& rpc)
   在 System.ServiceModel.Dispatcher.MessageRpc.Process(Boolean isOperationContextSet)
2014-11-13 16:55:46,932 - 队列错误
System.InvalidOperationException: 此计算机上尚未安装消息队列。
   在 System.Messaging.Interop.SafeNativeMethods.MQPathNameToFormatName(String pathName, StringBuilder formatName, Int32& count)
   在 System.Messaging.MessageQueue.ResolveFormatNameFromQueuePath(String queuePath, Boolean throwException)
   在 System.Messaging.MessageQueue.Exists(String path)
   在 BPiaoBao.AppServices.Hosting.BootStrapper.ReviceMessage() 位置 e:\工程项目\V3.0\BTicket（客户端）\BTicket(2014-05-29)\BPiaoBao\BPiaoBao\BPiaoBao.AppServices.Hosting\BootStrapper.cs:行号 95
2014-11-13 17:11:16,934 - 队列错误
System.InvalidOperationException: 此计算机上尚未安装消息队列。
   在 System.Messaging.Interop.SafeNativeMethods.MQPathNameToFormatName(String pathName, StringBuilder formatName, Int32& count)
   在 System.Messaging.MessageQueue.ResolveFormatNameFromQueuePath(String queuePath, Boolean throwException)
   在 System.Messaging.MessageQueue.Exists(String path)
   在 BPiaoBao.AppServices.Hosting.BootStrapper.ReviceMessage() 位置 e:\工程项目\V3.0\BTicket（客户端）\BTicket(2014-05-29)\BPiaoBao\BPiaoBao\BPiaoBao.AppServices.Hosting\BootStrapper.cs:行号 95
2014-11-13 17:23:47,813 - 队列错误
System.InvalidOperationException: 此计算机上尚未安装消息队列。
   在 System.Messaging.Interop.SafeNativeMethods.MQPathNameToFormatName(String pathName, StringBuilder formatName, Int32& count)
   在 System.Messaging.MessageQueue.ResolveFormatNameFromQueuePath(String queuePath, Boolean throwException)
   在 System.Messaging.MessageQueue.Exists(String path)
   在 BPiaoBao.AppServices.Hosting.BootStrapper.ReviceMessage() 位置 e:\工程项目\V3.0\BTicket（客户端）\BTicket(2014-05-29)\BPiaoBao\BPiaoBao\BPiaoBao.AppServices.Hosting\BootStrapper.cs:行号 95
2014-11-13 17:41:31,639 - 值不能为 null。
参数名: parameters
System.ArgumentNullException: 值不能为 null。
参数名: parameters
   在 System.ServiceModel.Dispatcher.OperationFormatter.SerializeReply(MessageVersion messageVersion, Object[] parameters, Object result)
   在 System.ServiceModel.Dispatcher.DispatchOperationRuntime.SerializeOutputs(MessageRpc& rpc)
   在 System.ServiceModel.Dispatcher.DispatchOperationRuntime.InvokeBegin(MessageRpc& rpc)
   在 System.ServiceModel.Dispatcher.ImmutableDispatchRuntime.ProcessMessage5(MessageRpc& rpc)
   在 System.ServiceModel.Dispatcher.ImmutableDispatchRuntime.ProcessMessage41(MessageRpc& rpc)
   在 System.ServiceModel.Dispatcher.ImmutableDispatchRuntime.ProcessMessage4(MessageRpc& rpc)
   在 System.ServiceModel.Dispatcher.ImmutableDispatchRuntime.ProcessMessage31(MessageRpc& rpc)
   在 System.ServiceModel.Dispatcher.ImmutableDispatchRuntime.ProcessMessage3(MessageRpc& rpc)
   在 System.ServiceModel.Dispatcher.ImmutableDispatchRuntime.ProcessMessage2(MessageRpc& rpc)
   在 System.ServiceModel.Dispatcher.ImmutableDispatchRuntime.ProcessMessage11(MessageRpc& rpc)
   在 System.ServiceModel.Dispatcher.ImmutableDispatchRuntime.ProcessMessage1(MessageRpc& rpc)
   在 System.ServiceModel.Dispatcher.MessageRpc.Process(Boolean isOperationContextSet)
2014-11-13 17:43:16,431 - 值不能为 null。
参数名: parameters
System.ArgumentNullException: 值不能为 null。
参数名: parameters
   在 System.ServiceModel.Dispatcher.OperationFormatter.SerializeReply(MessageVersion messageVersion, Object[] parameters, Object result)
   在 System.ServiceModel.Dispatcher.DispatchOperationRuntime.SerializeOutputs(MessageRpc& rpc)
   在 System.ServiceModel.Dispatcher.DispatchOperationRuntime.InvokeBegin(MessageRpc& rpc)
   在 System.ServiceModel.Dispatcher.ImmutableDispatchRuntime.ProcessMessage5(MessageRpc& rpc)
   在 System.ServiceModel.Dispatcher.ImmutableDispatchRuntime.ProcessMessage41(MessageRpc& rpc)
   在 System.ServiceModel.Dispatcher.ImmutableDispatchRuntime.ProcessMessage4(MessageRpc& rpc)
   在 System.ServiceModel.Dispatcher.ImmutableDispatchRuntime.ProcessMessage31(MessageRpc& rpc)
   在 System.ServiceModel.Dispatcher.ImmutableDispatchRuntime.ProcessMessage3(MessageRpc& rpc)
   在 System.ServiceModel.Dispatcher.ImmutableDispatchRuntime.ProcessMessage2(MessageRpc& rpc)
   在 System.ServiceModel.Dispatcher.ImmutableDispatchRuntime.ProcessMessage11(MessageRpc& rpc)
   在 System.ServiceModel.Dispatcher.ImmutableDispatchRuntime.ProcessMessage1(MessageRpc& rpc)
   在 System.ServiceModel.Dispatcher.MessageRpc.Process(Boolean isOperationContextSet)
2014-11-13 17:44:43,008 - 值不能为 null。
参数名: parameters
System.ArgumentNullException: 值不能为 null。
参数名: parameters
   在 System.ServiceModel.Dispatcher.OperationFormatter.SerializeReply(MessageVersion messageVersion, Object[] parameters, Object result)
   在 System.ServiceModel.Dispatcher.DispatchOperationRuntime.SerializeOutputs(MessageRpc& rpc)
   在 System.ServiceModel.Dispatcher.DispatchOperationRuntime.InvokeBegin(MessageRpc& rpc)
   在 System.ServiceModel.Dispatcher.ImmutableDispatchRuntime.ProcessMessage5(MessageRpc& rpc)
   在 System.ServiceModel.Dispatcher.ImmutableDispatchRuntime.ProcessMessage41(MessageRpc& rpc)
   在 System.ServiceModel.Dispatcher.ImmutableDispatchRuntime.ProcessMessage4(MessageRpc& rpc)
   在 System.ServiceModel.Dispatcher.ImmutableDispatchRuntime.ProcessMessage31(MessageRpc& rpc)
   在 System.ServiceModel.Dispatcher.ImmutableDispatchRuntime.ProcessMessage3(MessageRpc& rpc)
   在 System.ServiceModel.Dispatcher.ImmutableDispatchRuntime.ProcessMessage2(MessageRpc& rpc)
   在 System.ServiceModel.Dispatcher.ImmutableDispatchRuntime.ProcessMessage11(MessageRpc& rpc)
   在 System.ServiceModel.Dispatcher.ImmutableDispatchRuntime.ProcessMessage1(MessageRpc& rpc)
   在 System.ServiceModel.Dispatcher.MessageRpc.Process(Boolean isOperationContextSet)
2014-11-13 17:45:22,131 - 值不能为 null。
参数名: parameters
System.ArgumentNullException: 值不能为 null。
参数名: parameters
   在 System.ServiceModel.Dispatcher.OperationFormatter.SerializeReply(MessageVersion messageVersion, Object[] parameters, Object result)
   在 System.ServiceModel.Dispatcher.DispatchOperationRuntime.SerializeOutputs(MessageRpc& rpc)
   在 System.ServiceModel.Dispatcher.DispatchOperationRuntime.InvokeBegin(MessageRpc& rpc)
   在 System.ServiceModel.Dispatcher.ImmutableDispatchRuntime.ProcessMessage5(MessageRpc& rpc)
   在 System.ServiceModel.Dispatcher.ImmutableDispatchRuntime.ProcessMessage41(MessageRpc& rpc)
   在 System.ServiceModel.Dispatcher.ImmutableDispatchRuntime.ProcessMessage4(MessageRpc& rpc)
   在 System.ServiceModel.Dispatcher.ImmutableDispatchRuntime.ProcessMessage31(MessageRpc& rpc)
   在 System.ServiceModel.Dispatcher.ImmutableDispatchRuntime.ProcessMessage3(MessageRpc& rpc)
   在 System.ServiceModel.Dispatcher.ImmutableDispatchRuntime.ProcessMessage2(MessageRpc& rpc)
   在 System.ServiceModel.Dispatcher.ImmutableDispatchRuntime.ProcessMessage11(MessageRpc& rpc)
   在 System.ServiceModel.Dispatcher.ImmutableDispatchRuntime.ProcessMessage1(MessageRpc& rpc)
   在 System.ServiceModel.Dispatcher.MessageRpc.Process(Boolean isOperationContextSet)
2014-11-13 17:45:42,097 - 值不能为 null。
参数名: parameters
System.ArgumentNullException: 值不能为 null。
参数名: parameters
   在 System.ServiceModel.Dispatcher.OperationFormatter.SerializeReply(MessageVersion messageVersion, Object[] parameters, Object result)
   在 System.ServiceModel.Dispatcher.DispatchOperationRuntime.SerializeOutputs(MessageRpc& rpc)
   在 System.ServiceModel.Dispatcher.DispatchOperationRuntime.InvokeBegin(MessageRpc& rpc)
   在 System.ServiceModel.Dispatcher.ImmutableDispatchRuntime.ProcessMessage5(MessageRpc& rpc)
   在 System.ServiceModel.Dispatcher.ImmutableDispatchRuntime.ProcessMessage41(MessageRpc& rpc)
   在 System.ServiceModel.Dispatcher.ImmutableDispatchRuntime.ProcessMessage4(MessageRpc& rpc)
   在 System.ServiceModel.Dispatcher.ImmutableDispatchRuntime.ProcessMessage31(MessageRpc& rpc)
   在 System.ServiceModel.Dispatcher.ImmutableDispatchRuntime.ProcessMessage3(MessageRpc& rpc)
   在 System.ServiceModel.Dispatcher.ImmutableDispatchRuntime.ProcessMessage2(MessageRpc& rpc)
   在 System.ServiceModel.Dispatcher.ImmutableDispatchRuntime.ProcessMessage11(MessageRpc& rpc)
   在 System.ServiceModel.Dispatcher.ImmutableDispatchRuntime.ProcessMessage1(MessageRpc& rpc)
   在 System.ServiceModel.Dispatcher.MessageRpc.Process(Boolean isOperationContextSet)
2014-11-13 17:46:59,340 - 值不能为 null。
参数名: parameters
System.ArgumentNullException: 值不能为 null。
参数名: parameters
   在 System.ServiceModel.Dispatcher.OperationFormatter.SerializeReply(MessageVersion messageVersion, Object[] parameters, Object result)
   在 System.ServiceModel.Dispatcher.DispatchOperationRuntime.SerializeOutputs(MessageRpc& rpc)
   在 System.ServiceModel.Dispatcher.DispatchOperationRuntime.InvokeBegin(MessageRpc& rpc)
   在 System.ServiceModel.Dispatcher.ImmutableDispatchRuntime.ProcessMessage5(MessageRpc& rpc)
   在 System.ServiceModel.Dispatcher.ImmutableDispatchRuntime.ProcessMessage41(MessageRpc& rpc)
   在 System.ServiceModel.Dispatcher.ImmutableDispatchRuntime.ProcessMessage4(MessageRpc& rpc)
   在 System.ServiceModel.Dispatcher.ImmutableDispatchRuntime.ProcessMessage31(MessageRpc& rpc)
   在 System.ServiceModel.Dispatcher.ImmutableDispatchRuntime.ProcessMessage3(MessageRpc& rpc)
   在 System.ServiceModel.Dispatcher.ImmutableDispatchRuntime.ProcessMessage2(MessageRpc& rpc)
   在 System.ServiceModel.Dispatcher.ImmutableDispatchRuntime.ProcessMessage11(MessageRpc& rpc)
   在 System.ServiceModel.Dispatcher.ImmutableDispatchRuntime.ProcessMessage1(MessageRpc& rpc)
   在 System.ServiceModel.Dispatcher.MessageRpc.Process(Boolean isOperationContextSet)
2014-11-13 17:48:51,429 - 队列错误
System.InvalidOperationException: 此计算机上尚未安装消息队列。
   在 System.Messaging.Interop.SafeNativeMethods.MQPathNameToFormatName(String pathName, StringBuilder formatName, Int32& count)
   在 System.Messaging.MessageQueue.ResolveFormatNameFromQueuePath(String queuePath, Boolean throwException)
   在 System.Messaging.MessageQueue.Exists(String path)
   在 BPiaoBao.AppServices.Hosting.BootStrapper.ReviceMessage() 位置 e:\工程项目\V3.0\BTicket（客户端）\BTicket(2014-05-29)\BPiaoBao\BPiaoBao\BPiaoBao.AppServices.Hosting\BootStrapper.cs:行号 95
2014-11-13 18:03:10,623 - 队列错误
System.InvalidOperationException: 此计算机上尚未安装消息队列。
   在 System.Messaging.Interop.SafeNativeMethods.MQPathNameToFormatName(String pathName, StringBuilder formatName, Int32& count)
   在 System.Messaging.MessageQueue.ResolveFormatNameFromQueuePath(String queuePath, Boolean throwException)
   在 System.Messaging.MessageQueue.Exists(String path)
   在 BPiaoBao.AppServices.Hosting.BootStrapper.ReviceMessage() 位置 e:\工程项目\V3.0\BTicket（客户端）\BTicket(2014-05-29)\BPiaoBao\BPiaoBao\BPiaoBao.AppServices.Hosting\BootStrapper.cs:行号 95
2014-11-13 18:06:14,977 - 队列错误
System.InvalidOperationException: 此计算机上尚未安装消息队列。
   在 System.Messaging.Interop.SafeNativeMethods.MQPathNameToFormatName(String pathName, StringBuilder formatName, Int32& count)
   在 System.Messaging.MessageQueue.ResolveFormatNameFromQueuePath(String queuePath, Boolean throwException)
   在 System.Messaging.MessageQueue.Exists(String path)
   在 BPiaoBao.AppServices.Hosting.BootStrapper.ReviceMessage() 位置 e:\工程项目\V3.0\BTicket（客户端）\BTicket(2014-05-29)\BPiaoBao\BPiaoBao\BPiaoBao.AppServices.Hosting\BootStrapper.cs:行号 95
2014-11-13 18:09:50,953 - 队列错误
System.InvalidOperationException: 此计算机上尚未安装消息队列。
   在 System.Messaging.Interop.SafeNativeMethods.MQPathNameToFormatName(String pathName, StringBuilder formatName, Int32& count)
   在 System.Messaging.MessageQueue.ResolveFormatNameFromQueuePath(String queuePath, Boolean throwException)
   在 System.Messaging.MessageQueue.Exists(String path)
   在 BPiaoBao.AppServices.Hosting.BootStrapper.ReviceMessage() 位置 e:\工程项目\V3.0\BTicket（客户端）\BTicket(2014-05-29)\BPiaoBao\BPiaoBao\BPiaoBao.AppServices.Hosting\BootStrapper.cs:行号 95
2014-11-13 18:44:11,499 - 队列错误
System.InvalidOperationException: 此计算机上尚未安装消息队列。
   在 System.Messaging.Interop.SafeNativeMethods.MQPathNameToFormatName(String pathName, StringBuilder formatName, Int32& count)
   在 System.Messaging.MessageQueue.ResolveFormatNameFromQueuePath(String queuePath, Boolean throwException)
   在 System.Messaging.MessageQueue.Exists(String path)
   在 BPiaoBao.AppServices.Hosting.BootStrapper.ReviceMessage() 位置 e:\工程项目\V3.0\BTicket（客户端）\BTicket(2014-05-29)\BPiaoBao\BPiaoBao\BPiaoBao.AppServices.Hosting\BootStrapper.cs:行号 95
2014-11-13 18:49:04,910 - 值不能为 null。
参数名: parameters
System.ArgumentNullException: 值不能为 null。
参数名: parameters
   在 System.ServiceModel.Dispatcher.OperationFormatter.SerializeReply(MessageVersion messageVersion, Object[] parameters, Object result)
   在 System.ServiceModel.Dispatcher.DispatchOperationRuntime.SerializeOutputs(MessageRpc& rpc)
   在 System.ServiceModel.Dispatcher.DispatchOperationRuntime.InvokeBegin(MessageRpc& rpc)
   在 System.ServiceModel.Dispatcher.ImmutableDispatchRuntime.ProcessMessage5(MessageRpc& rpc)
   在 System.ServiceModel.Dispatcher.ImmutableDispatchRuntime.ProcessMessage41(MessageRpc& rpc)
   在 System.ServiceModel.Dispatcher.ImmutableDispatchRuntime.ProcessMessage4(MessageRpc& rpc)
   在 System.ServiceModel.Dispatcher.ImmutableDispatchRuntime.ProcessMessage31(MessageRpc& rpc)
   在 System.ServiceModel.Dispatcher.ImmutableDispatchRuntime.ProcessMessage3(MessageRpc& rpc)
   在 System.ServiceModel.Dispatcher.ImmutableDispatchRuntime.ProcessMessage2(MessageRpc& rpc)
   在 System.ServiceModel.Dispatcher.ImmutableDispatchRuntime.ProcessMessage11(MessageRpc& rpc)
   在 System.ServiceModel.Dispatcher.ImmutableDispatchRuntime.ProcessMessage1(MessageRpc& rpc)
   在 System.ServiceModel.Dispatcher.MessageRpc.Process(Boolean isOperationContextSet)
2014-11-13 18:55:35,940 - 队列错误
System.InvalidOperationException: 此计算机上尚未安装消息队列。
   在 System.Messaging.Interop.SafeNativeMethods.MQPathNameToFormatName(String pathName, StringBuilder formatName, Int32& count)
   在 System.Messaging.MessageQueue.ResolveFormatNameFromQueuePath(String queuePath, Boolean throwException)
   在 System.Messaging.MessageQueue.Exists(String path)
   在 BPiaoBao.AppServices.Hosting.BootStrapper.ReviceMessage() 位置 e:\工程项目\V3.0\BTicket（客户端）\BTicket(2014-05-29)\BPiaoBao\BPiaoBao\BPiaoBao.AppServices.Hosting\BootStrapper.cs:行号 95
2014-11-13 19:03:02,100 - 队列错误
System.InvalidOperationException: 此计算机上尚未安装消息队列。
   在 System.Messaging.Interop.SafeNativeMethods.MQPathNameToFormatName(String pathName, StringBuilder formatName, Int32& count)
   在 System.Messaging.MessageQueue.ResolveFormatNameFromQueuePath(String queuePath, Boolean throwException)
   在 System.Messaging.MessageQueue.Exists(String path)
   在 BPiaoBao.AppServices.Hosting.BootStrapper.ReviceMessage() 位置 e:\工程项目\V3.0\BTicket（客户端）\BTicket(2014-05-29)\BPiaoBao\BPiaoBao\BPiaoBao.AppServices.Hosting\BootStrapper.cs:行号 95
2014-11-13 19:04:20,763 - 值不能为 null。
参数名: parameters
System.ArgumentNullException: 值不能为 null。
参数名: parameters
   在 System.ServiceModel.Dispatcher.OperationFormatter.SerializeReply(MessageVersion messageVersion, Object[] parameters, Object result)
   在 System.ServiceModel.Dispatcher.DispatchOperationRuntime.SerializeOutputs(MessageRpc& rpc)
   在 System.ServiceModel.Dispatcher.DispatchOperationRuntime.InvokeBegin(MessageRpc& rpc)
   在 System.ServiceModel.Dispatcher.ImmutableDispatchRuntime.ProcessMessage5(MessageRpc& rpc)
   在 System.ServiceModel.Dispatcher.ImmutableDispatchRuntime.ProcessMessage41(MessageRpc& rpc)
   在 System.ServiceModel.Dispatcher.ImmutableDispatchRuntime.ProcessMessage4(MessageRpc& rpc)
   在 System.ServiceModel.Dispatcher.ImmutableDispatchRuntime.ProcessMessage31(MessageRpc& rpc)
   在 System.ServiceModel.Dispatcher.ImmutableDispatchRuntime.ProcessMessage3(MessageRpc& rpc)
   在 System.ServiceModel.Dispatcher.ImmutableDispatchRuntime.ProcessMessage2(MessageRpc& rpc)
   在 System.ServiceModel.Dispatcher.ImmutableDispatchRuntime.ProcessMessage11(MessageRpc& rpc)
   在 System.ServiceModel.Dispatcher.ImmutableDispatchRuntime.ProcessMessage1(MessageRpc& rpc)
   在 System.ServiceModel.Dispatcher.MessageRpc.Process(Boolean isOperationContextSet)
2014-11-13 19:05:19,879 - 值不能为 null。
参数名: parameters
System.ArgumentNullException: 值不能为 null。
参数名: parameters
   在 System.ServiceModel.Dispatcher.OperationFormatter.SerializeReply(MessageVersion messageVersion, Object[] parameters, Object result)
   在 System.ServiceModel.Dispatcher.DispatchOperationRuntime.SerializeOutputs(MessageRpc& rpc)
   在 System.ServiceModel.Dispatcher.DispatchOperationRuntime.InvokeBegin(MessageRpc& rpc)
   在 System.ServiceModel.Dispatcher.ImmutableDispatchRuntime.ProcessMessage5(MessageRpc& rpc)
   在 System.ServiceModel.Dispatcher.ImmutableDispatchRuntime.ProcessMessage41(MessageRpc& rpc)
   在 System.ServiceModel.Dispatcher.ImmutableDispatchRuntime.ProcessMessage4(MessageRpc& rpc)
   在 System.ServiceModel.Dispatcher.ImmutableDispatchRuntime.ProcessMessage31(MessageRpc& rpc)
   在 System.ServiceModel.Dispatcher.ImmutableDispatchRuntime.ProcessMessage3(MessageRpc& rpc)
   在 System.ServiceModel.Dispatcher.ImmutableDispatchRuntime.ProcessMessage2(MessageRpc& rpc)
   在 System.ServiceModel.Dispatcher.ImmutableDispatchRuntime.ProcessMessage11(MessageRpc& rpc)
   在 System.ServiceModel.Dispatcher.ImmutableDispatchRuntime.ProcessMessage1(MessageRpc& rpc)
   在 System.ServiceModel.Dispatcher.MessageRpc.Process(Boolean isOperationContextSet)
2014-11-13 19:06:17,612 - 队列错误
System.InvalidOperationException: 此计算机上尚未安装消息队列。
   在 System.Messaging.Interop.SafeNativeMethods.MQPathNameToFormatName(String pathName, StringBuilder formatName, Int32& count)
   在 System.Messaging.MessageQueue.ResolveFormatNameFromQueuePath(String queuePath, Boolean throwException)
   在 System.Messaging.MessageQueue.Exists(String path)
   在 BPiaoBao.AppServices.Hosting.BootStrapper.ReviceMessage() 位置 e:\工程项目\V3.0\BTicket（客户端）\BTicket(2014-05-29)\BPiaoBao\BPiaoBao\BPiaoBao.AppServices.Hosting\BootStrapper.cs:行号 95
2014-11-13 19:14:20,357 - 队列错误
System.InvalidOperationException: 此计算机上尚未安装消息队列。
   在 System.Messaging.Interop.SafeNativeMethods.MQPathNameToFormatName(String pathName, StringBuilder formatName, Int32& count)
   在 System.Messaging.MessageQueue.ResolveFormatNameFromQueuePath(String queuePath, Boolean throwException)
   在 System.Messaging.MessageQueue.Exists(String path)
   在 BPiaoBao.AppServices.Hosting.BootStrapper.ReviceMessage() 位置 e:\工程项目\V3.0\BTicket（客户端）\BTicket(2014-05-29)\BPiaoBao\BPiaoBao\BPiaoBao.AppServices.Hosting\BootStrapper.cs:行号 95
2014-11-13 19:31:00,161 - 队列错误
System.InvalidOperationException: 此计算机上尚未安装消息队列。
   在 System.Messaging.Interop.SafeNativeMethods.MQPathNameToFormatName(String pathName, StringBuilder formatName, Int32& count)
   在 System.Messaging.MessageQueue.ResolveFormatNameFromQueuePath(String queuePath, Boolean throwException)
   在 System.Messaging.MessageQueue.Exists(String path)
   在 BPiaoBao.AppServices.Hosting.BootStrapper.ReviceMessage() 位置 e:\工程项目\V3.0\BTicket（客户端）\BTicket(2014-05-29)\BPiaoBao\BPiaoBao\BPiaoBao.AppServices.Hosting\BootStrapper.cs:行号 95
2014-11-13 19:37:00,711 - Store update, insert, or delete statement affected an unexpected number of rows (0). Entities may have been modified or deleted since entities were loaded. Refresh ObjectStateManager entries.
System.Data.Entity.Infrastructure.DbUpdateConcurrencyException: Store update, insert, or delete statement affected an unexpected number of rows (0). Entities may have been modified or deleted since entities were loaded. Refresh ObjectStateManager entries. ---> System.Data.Entity.Core.OptimisticConcurrencyException: Store update, insert, or delete statement affected an unexpected number of rows (0). Entities may have been modified or deleted since entities were loaded. Refresh ObjectStateManager entries.
   在 System.Data.Entity.Core.Mapping.Update.Internal.UpdateTranslator.ValidateRowsAffected(Int64 rowsAffected, UpdateCommand source)
   在 System.Data.Entity.Core.Mapping.Update.Internal.UpdateTranslator.Update()
   在 System.Data.Entity.Core.EntityClient.Internal.EntityAdapter.<Update>b__2(UpdateTranslator ut)
   在 System.Data.Entity.Core.EntityClient.Internal.EntityAdapter.Update[T](T noChangesResult, Func`2 updateFunction, Boolean throwOnClosedConnection)
   在 System.Data.Entity.Core.EntityClient.Internal.EntityAdapter.Update(Boolean throwOnClosedConnection)
   在 System.Data.Entity.Core.Objects.ObjectContext.<SaveChangesToStore>b__b()
   在 System.Data.Entity.Core.Objects.ObjectContext.ExecuteInTransaction[T](Func`1 func, IDbExecutionStrategy executionStrategy, Boolean startLocalTransaction, Boolean releaseConnectionOnSuccess)
   在 System.Data.Entity.Core.Objects.ObjectContext.SaveChangesToStore(SaveOptions options, IDbExecutionStrategy executionStrategy)
   在 System.Data.Entity.Core.Objects.ObjectContext.<>c__DisplayClass9.<SaveChanges>b__6()
   在 System.Data.Entity.SqlServer.DefaultSqlExecutionStrategy.Execute[TResult](Func`1 operation)
   在 System.Data.Entity.Core.Objects.ObjectContext.SaveChanges(SaveOptions options)
   在 System.Data.Entity.Internal.InternalContext.SaveChanges()
   --- 内部异常堆栈跟踪的结尾 ---
   在 JoveZhao.Framework.EFRepository.UnitOfWork.EFUnitOfWork`1.Commit() 位置 e:\工程项目\V3.0\BTicket（客户端）\BTicket(2014-05-29)\BPiaoBao\BPiaoBao\JoveZhao.Framework.EFRepository\UnitOfWork\EFUnitOfWork.cs:行号 52
   在 BPiaoBao.AppServices.DomesticTicket.OrderService.ChoosePolicy(PolicyDto policy, String orderId) 位置 e:\工程项目\V3.0\BTicket（客户端）\BTicket(2014-05-29)\BPiaoBao\BPiaoBao\BPiaoBao.AppServices\DomesticTicket\OrderService.cs:行号 2293
   在 SyncInvokeChoosePolicy(Object , Object[] , Object[] )
   在 System.ServiceModel.Dispatcher.SyncMethodInvoker.Invoke(Object instance, Object[] inputs, Object[]& outputs)
   在 System.ServiceModel.Dispatcher.DispatchOperationRuntime.InvokeBegin(MessageRpc& rpc)
   在 System.ServiceModel.Dispatcher.ImmutableDispatchRuntime.ProcessMessage5(MessageRpc& rpc)
   在 System.ServiceModel.Dispatcher.ImmutableDispatchRuntime.ProcessMessage41(MessageRpc& rpc)
   在 System.ServiceModel.Dispatcher.ImmutableDispatchRuntime.ProcessMessage4(MessageRpc& rpc)
   在 System.ServiceModel.Dispatcher.ImmutableDispatchRuntime.ProcessMessage31(MessageRpc& rpc)
   在 System.ServiceModel.Dispatcher.ImmutableDispatchRuntime.ProcessMessage3(MessageRpc& rpc)
   在 System.ServiceModel.Dispatcher.ImmutableDispatchRuntime.ProcessMessage2(MessageRpc& rpc)
   在 System.ServiceModel.Dispatcher.ImmutableDispatchRuntime.ProcessMessage11(MessageRpc& rpc)
   在 System.ServiceModel.Dispatcher.ImmutableDispatchRuntime.ProcessMessage1(MessageRpc& rpc)
   在 System.ServiceModel.Dispatcher.MessageRpc.Process(Boolean isOperationContextSet)
