2014-09-30 13:29:41,755 - 您查询的航班已售完
System.ServiceModel.FaultException: 您查询的航班已售完

Server stack trace: 
   在 System.ServiceModel.Channels.ServiceChannel.HandleReply(ProxyOperationRuntime operation, ProxyRpc& rpc)
   在 System.ServiceModel.Channels.ServiceChannel.Call(String action, Boolean oneway, ProxyOperationRuntime operation, Object[] ins, Object[] outs, TimeSpan timeout)
   在 System.ServiceModel.Channels.ServiceChannelProxy.InvokeService(IMethodCallMessage methodCall, ProxyOperationRuntime operation)
   在 System.ServiceModel.Channels.ServiceChannelProxy.Invoke(IMessage message)

Exception rethrown at [0]: 
   在 System.Runtime.Remoting.Proxies.RealProxy.HandleReturnMessage(IMessage reqMsg, IMessage retMsg)
   在 System.Runtime.Remoting.Proxies.RealProxy.PrivateInvoke(MessageData& msgData, Int32 type)
   在 BPiaoBao.AppServices.Contracts.DomesticTicket.IFlightDestineService.QueryOnewayFlight(String formCityCode, String toCityCode, DateTime takeDate, Boolean IsShare, String carrayCode)
   在 BPiaoBao.Client.DomesticTicket.ViewModel.TicketBookingQueryViewModel.<QueryFlightInfoResult>b__35(IFlightDestineService service) 位置 e:\工程项目\V3.0\BTicket（客户端）\BTicket(2014-05-29)\BPiaoBao\BPiaoBao\BPiaoBao.Client.DomesticTicket\ViewModel\TicketBookingQueryViewModel.cs:行号 1317
   在 BPiaoBao.Client.UIExt.CommunicateManager.Invoke[T](Action`1 act, Action`1 error) 位置 e:\工程项目\V3.0\BTicket（客户端）\BTicket(2014-05-29)\BPiaoBao\BPiaoBao\BPiaoBao.Client.UIExt\Communicate\CommunicateManager.cs:行号 55
2014-09-30 13:30:17,644 - 未将对象引用设置到对象的实例。
System.ServiceModel.FaultException: 未将对象引用设置到对象的实例。

Server stack trace: 
   在 System.ServiceModel.Channels.ServiceChannel.HandleReply(ProxyOperationRuntime operation, ProxyRpc& rpc)
   在 System.ServiceModel.Channels.ServiceChannel.Call(String action, Boolean oneway, ProxyOperationRuntime operation, Object[] ins, Object[] outs, TimeSpan timeout)
   在 System.ServiceModel.Channels.ServiceChannelProxy.InvokeService(IMethodCallMessage methodCall, ProxyOperationRuntime operation)
   在 System.ServiceModel.Channels.ServiceChannelProxy.Invoke(IMessage message)

Exception rethrown at [0]: 
   在 System.Runtime.Remoting.Proxies.RealProxy.HandleReturnMessage(IMessage reqMsg, IMessage retMsg)
   在 System.Runtime.Remoting.Proxies.RealProxy.PrivateInvoke(MessageData& msgData, Int32 type)
   在 BPiaoBao.AppServices.Contracts.DomesticTicket.IFlightDestineService.QueryOnewayFlight(String formCityCode, String toCityCode, DateTime takeDate, Boolean IsShare, String carrayCode)
   在 BPiaoBao.Client.DomesticTicket.ViewModel.TicketBookingQueryViewModel.<QueryFlightInfoResult>b__35(IFlightDestineService service) 位置 e:\工程项目\V3.0\BTicket（客户端）\BTicket(2014-05-29)\BPiaoBao\BPiaoBao\BPiaoBao.Client.DomesticTicket\ViewModel\TicketBookingQueryViewModel.cs:行号 1317
   在 BPiaoBao.Client.UIExt.CommunicateManager.Invoke[T](Action`1 act, Action`1 error) 位置 e:\工程项目\V3.0\BTicket（客户端）\BTicket(2014-05-29)\BPiaoBao\BPiaoBao\BPiaoBao.Client.UIExt\Communicate\CommunicateManager.cs:行号 55
2014-09-30 13:30:54,872 - 未将对象引用设置到对象的实例。
System.ServiceModel.FaultException: 未将对象引用设置到对象的实例。

Server stack trace: 
   在 System.ServiceModel.Channels.ServiceChannel.HandleReply(ProxyOperationRuntime operation, ProxyRpc& rpc)
   在 System.ServiceModel.Channels.ServiceChannel.Call(String action, Boolean oneway, ProxyOperationRuntime operation, Object[] ins, Object[] outs, TimeSpan timeout)
   在 System.ServiceModel.Channels.ServiceChannelProxy.InvokeService(IMethodCallMessage methodCall, ProxyOperationRuntime operation)
   在 System.ServiceModel.Channels.ServiceChannelProxy.Invoke(IMessage message)

Exception rethrown at [0]: 
   在 System.Runtime.Remoting.Proxies.RealProxy.HandleReturnMessage(IMessage reqMsg, IMessage retMsg)
   在 System.Runtime.Remoting.Proxies.RealProxy.PrivateInvoke(MessageData& msgData, Int32 type)
   在 BPiaoBao.AppServices.Contracts.DomesticTicket.IFlightDestineService.QueryOnewayFlight(String formCityCode, String toCityCode, DateTime takeDate, Boolean IsShare, String carrayCode)
   在 BPiaoBao.Client.DomesticTicket.ViewModel.TicketBookingQueryViewModel.<QueryFlightInfoResult>b__35(IFlightDestineService service) 位置 e:\工程项目\V3.0\BTicket（客户端）\BTicket(2014-05-29)\BPiaoBao\BPiaoBao\BPiaoBao.Client.DomesticTicket\ViewModel\TicketBookingQueryViewModel.cs:行号 1317
   在 BPiaoBao.Client.UIExt.CommunicateManager.Invoke[T](Action`1 act, Action`1 error) 位置 e:\工程项目\V3.0\BTicket（客户端）\BTicket(2014-05-29)\BPiaoBao\BPiaoBao\BPiaoBao.Client.UIExt\Communicate\CommunicateManager.cs:行号 55
2014-09-30 13:42:50,327 - 成人证件号中含有航信不识别的证件号码，请仔细检查！【INVALID FOID】
System.ServiceModel.FaultException: 成人证件号中含有航信不识别的证件号码，请仔细检查！【INVALID FOID】

Server stack trace: 
   在 System.ServiceModel.Channels.ServiceChannel.HandleReply(ProxyOperationRuntime operation, ProxyRpc& rpc)
   在 System.ServiceModel.Channels.ServiceChannel.Call(String action, Boolean oneway, ProxyOperationRuntime operation, Object[] ins, Object[] outs, TimeSpan timeout)
   在 System.ServiceModel.Channels.ServiceChannelProxy.InvokeService(IMethodCallMessage methodCall, ProxyOperationRuntime operation)
   在 System.ServiceModel.Channels.ServiceChannelProxy.Invoke(IMessage message)

Exception rethrown at [0]: 
   在 System.Runtime.Remoting.Proxies.RealProxy.HandleReturnMessage(IMessage reqMsg, IMessage retMsg)
   在 System.Runtime.Remoting.Proxies.RealProxy.PrivateInvoke(MessageData& msgData, Int32 type)
   在 BPiaoBao.AppServices.Contracts.DomesticTicket.IOrderService.Destine(DestineRequest destine, EnumDestineSource destineSource)
   在 BPiaoBao.Client.DomesticTicket.ViewModel.TicketBookingViewModel.<>c__DisplayClass26.<ExecuteOkCommandCommand>b__12(IOrderService service) 位置 e:\工程项目\V3.0\BTicket（客户端）\BTicket(2014-05-29)\BPiaoBao\BPiaoBao\BPiaoBao.Client.DomesticTicket\ViewModel\TicketBookingViewModel.cs:行号 641
2014-09-30 13:43:38,627 - 成人编码HG0GM4 没有P到价格信息！错误信息:没有符合条件的运价, 请使用手工处理  
System.ServiceModel.FaultException: 成人编码HG0GM4 没有P到价格信息！错误信息:没有符合条件的运价, 请使用手工处理  

Server stack trace: 
   在 System.ServiceModel.Channels.ServiceChannel.HandleReply(ProxyOperationRuntime operation, ProxyRpc& rpc)
   在 System.ServiceModel.Channels.ServiceChannel.Call(String action, Boolean oneway, ProxyOperationRuntime operation, Object[] ins, Object[] outs, TimeSpan timeout)
   在 System.ServiceModel.Channels.ServiceChannelProxy.InvokeService(IMethodCallMessage methodCall, ProxyOperationRuntime operation)
   在 System.ServiceModel.Channels.ServiceChannelProxy.Invoke(IMessage message)

Exception rethrown at [0]: 
   在 System.Runtime.Remoting.Proxies.RealProxy.HandleReturnMessage(IMessage reqMsg, IMessage retMsg)
   在 System.Runtime.Remoting.Proxies.RealProxy.PrivateInvoke(MessageData& msgData, Int32 type)
   在 BPiaoBao.AppServices.Contracts.DomesticTicket.IOrderService.Destine(DestineRequest destine, EnumDestineSource destineSource)
   在 BPiaoBao.Client.DomesticTicket.ViewModel.TicketBookingViewModel.<>c__DisplayClass26.<ExecuteOkCommandCommand>b__12(IOrderService service) 位置 e:\工程项目\V3.0\BTicket（客户端）\BTicket(2014-05-29)\BPiaoBao\BPiaoBao\BPiaoBao.Client.DomesticTicket\ViewModel\TicketBookingViewModel.cs:行号 641
2014-09-30 14:18:38,066 - 您查询的航班已售完
System.ServiceModel.FaultException: 您查询的航班已售完

Server stack trace: 
   在 System.ServiceModel.Channels.ServiceChannel.HandleReply(ProxyOperationRuntime operation, ProxyRpc& rpc)
   在 System.ServiceModel.Channels.ServiceChannel.Call(String action, Boolean oneway, ProxyOperationRuntime operation, Object[] ins, Object[] outs, TimeSpan timeout)
   在 System.ServiceModel.Channels.ServiceChannelProxy.InvokeService(IMethodCallMessage methodCall, ProxyOperationRuntime operation)
   在 System.ServiceModel.Channels.ServiceChannelProxy.Invoke(IMessage message)

Exception rethrown at [0]: 
   在 System.Runtime.Remoting.Proxies.RealProxy.HandleReturnMessage(IMessage reqMsg, IMessage retMsg)
   在 System.Runtime.Remoting.Proxies.RealProxy.PrivateInvoke(MessageData& msgData, Int32 type)
   在 BPiaoBao.AppServices.Contracts.DomesticTicket.IFlightDestineService.QueryOnewayFlight(String formCityCode, String toCityCode, DateTime takeDate, Boolean IsShare, String carrayCode)
   在 BPiaoBao.Client.DomesticTicket.ViewModel.TicketBookingQueryViewModel.<QueryFlightInfoResult>b__35(IFlightDestineService service) 位置 e:\工程项目\V3.0\BTicket（客户端）\BTicket(2014-05-29)\BPiaoBao\BPiaoBao\BPiaoBao.Client.DomesticTicket\ViewModel\TicketBookingQueryViewModel.cs:行号 1317
   在 BPiaoBao.Client.UIExt.CommunicateManager.Invoke[T](Action`1 act, Action`1 error) 位置 e:\工程项目\V3.0\BTicket（客户端）\BTicket(2014-05-29)\BPiaoBao\BPiaoBao\BPiaoBao.Client.UIExt\Communicate\CommunicateManager.cs:行号 55
