2014-09-09 17:55:16,087 - 您查询的航班已售完
System.ServiceModel.FaultException: 您查询的航班已售完

Server stack trace: 
   在 System.ServiceModel.Channels.ServiceChannel.HandleReply(ProxyOperationRuntime operation, ProxyRpc& rpc)
   在 System.ServiceModel.Channels.ServiceChannel.Call(String action, Boolean oneway, ProxyOperationRuntime operation, Object[] ins, Object[] outs, TimeSpan timeout)
   在 System.ServiceModel.Channels.ServiceChannelProxy.InvokeService(IMethodCallMessage methodCall, ProxyOperationRuntime operation)
   在 System.ServiceModel.Channels.ServiceChannelProxy.Invoke(IMessage message)

Exception rethrown at [0]: 
   在 System.Runtime.Remoting.Proxies.RealProxy.HandleReturnMessage(IMessage reqMsg, IMessage retMsg)
   在 System.Runtime.Remoting.Proxies.RealProxy.PrivateInvoke(MessageData& msgData, Int32 type)
   在 BPiaoBao.AppServices.Contracts.DomesticTicket.IFlightDestineService.QueryOnewayFlight(String formCityCode, String toCityCode, DateTime takeDate, Boolean IsShare, String carrayCode)
   在 BPiaoBao.Client.DomesticTicket.ViewModel.TicketBookingQueryViewModel.<QueryFlightInfoResult>b__23(IFlightDestineService service) 位置 e:\工程项目\V3.0\BTicket（客户端）\BTicket(2014-05-29)\BPiaoBao\BPiaoBao\BPiaoBao.Client.DomesticTicket\ViewModel\TicketBookingQueryViewModel.cs:行号 1080
   在 BPiaoBao.Client.UIExt.CommunicateManager.Invoke[T](Action`1 act, Action`1 error) 位置 e:\工程项目\V3.0\BTicket（客户端）\BTicket(2014-05-29)\BPiaoBao\BPiaoBao\BPiaoBao.Client.UIExt\Communicate\CommunicateManager.cs:行号 59
2014-09-09 18:01:07,258 - 您查询的航班已售完
System.ServiceModel.FaultException: 您查询的航班已售完

Server stack trace: 
   在 System.ServiceModel.Channels.ServiceChannel.HandleReply(ProxyOperationRuntime operation, ProxyRpc& rpc)
   在 System.ServiceModel.Channels.ServiceChannel.Call(String action, Boolean oneway, ProxyOperationRuntime operation, Object[] ins, Object[] outs, TimeSpan timeout)
   在 System.ServiceModel.Channels.ServiceChannelProxy.InvokeService(IMethodCallMessage methodCall, ProxyOperationRuntime operation)
   在 System.ServiceModel.Channels.ServiceChannelProxy.Invoke(IMessage message)

Exception rethrown at [0]: 
   在 System.Runtime.Remoting.Proxies.RealProxy.HandleReturnMessage(IMessage reqMsg, IMessage retMsg)
   在 System.Runtime.Remoting.Proxies.RealProxy.PrivateInvoke(MessageData& msgData, Int32 type)
   在 BPiaoBao.AppServices.Contracts.DomesticTicket.IFlightDestineService.QueryOnewayFlight(String formCityCode, String toCityCode, DateTime takeDate, Boolean IsShare, String carrayCode)
   在 BPiaoBao.Client.DomesticTicket.ViewModel.TicketBookingQueryViewModel.<QueryFlightInfoResult>b__23(IFlightDestineService service) 位置 e:\工程项目\V3.0\BTicket（客户端）\BTicket(2014-05-29)\BPiaoBao\BPiaoBao\BPiaoBao.Client.DomesticTicket\ViewModel\TicketBookingQueryViewModel.cs:行号 1080
   在 BPiaoBao.Client.UIExt.CommunicateManager.Invoke[T](Action`1 act, Action`1 error) 位置 e:\工程项目\V3.0\BTicket（客户端）\BTicket(2014-05-29)\BPiaoBao\BPiaoBao\BPiaoBao.Client.UIExt\Communicate\CommunicateManager.cs:行号 59
2014-09-09 18:01:55,513 - 您查询的航班已售完
System.ServiceModel.FaultException: 您查询的航班已售完

Server stack trace: 
   在 System.ServiceModel.Channels.ServiceChannel.HandleReply(ProxyOperationRuntime operation, ProxyRpc& rpc)
   在 System.ServiceModel.Channels.ServiceChannel.Call(String action, Boolean oneway, ProxyOperationRuntime operation, Object[] ins, Object[] outs, TimeSpan timeout)
   在 System.ServiceModel.Channels.ServiceChannelProxy.InvokeService(IMethodCallMessage methodCall, ProxyOperationRuntime operation)
   在 System.ServiceModel.Channels.ServiceChannelProxy.Invoke(IMessage message)

Exception rethrown at [0]: 
   在 System.Runtime.Remoting.Proxies.RealProxy.HandleReturnMessage(IMessage reqMsg, IMessage retMsg)
   在 System.Runtime.Remoting.Proxies.RealProxy.PrivateInvoke(MessageData& msgData, Int32 type)
   在 BPiaoBao.AppServices.Contracts.DomesticTicket.IFlightDestineService.QueryOnewayFlight(String formCityCode, String toCityCode, DateTime takeDate, Boolean IsShare, String carrayCode)
   在 BPiaoBao.Client.DomesticTicket.ViewModel.TicketBookingQueryViewModel.<QueryFlightInfoResult>b__23(IFlightDestineService service) 位置 e:\工程项目\V3.0\BTicket（客户端）\BTicket(2014-05-29)\BPiaoBao\BPiaoBao\BPiaoBao.Client.DomesticTicket\ViewModel\TicketBookingQueryViewModel.cs:行号 1080
   在 BPiaoBao.Client.UIExt.CommunicateManager.Invoke[T](Action`1 act, Action`1 error) 位置 e:\工程项目\V3.0\BTicket（客户端）\BTicket(2014-05-29)\BPiaoBao\BPiaoBao\BPiaoBao.Client.UIExt\Communicate\CommunicateManager.cs:行号 59
2014-09-09 18:03:45,252 - 您查询的航班已售完
System.ServiceModel.FaultException: 您查询的航班已售完

Server stack trace: 
   在 System.ServiceModel.Channels.ServiceChannel.HandleReply(ProxyOperationRuntime operation, ProxyRpc& rpc)
   在 System.ServiceModel.Channels.ServiceChannel.Call(String action, Boolean oneway, ProxyOperationRuntime operation, Object[] ins, Object[] outs, TimeSpan timeout)
   在 System.ServiceModel.Channels.ServiceChannelProxy.InvokeService(IMethodCallMessage methodCall, ProxyOperationRuntime operation)
   在 System.ServiceModel.Channels.ServiceChannelProxy.Invoke(IMessage message)

Exception rethrown at [0]: 
   在 System.Runtime.Remoting.Proxies.RealProxy.HandleReturnMessage(IMessage reqMsg, IMessage retMsg)
   在 System.Runtime.Remoting.Proxies.RealProxy.PrivateInvoke(MessageData& msgData, Int32 type)
   在 BPiaoBao.AppServices.Contracts.DomesticTicket.IFlightDestineService.QueryOnewayFlight(String formCityCode, String toCityCode, DateTime takeDate, Boolean IsShare, String carrayCode)
   在 BPiaoBao.Client.DomesticTicket.ViewModel.TicketBookingQueryViewModel.<QueryFlightInfoResult>b__23(IFlightDestineService service) 位置 e:\工程项目\V3.0\BTicket（客户端）\BTicket(2014-05-29)\BPiaoBao\BPiaoBao\BPiaoBao.Client.DomesticTicket\ViewModel\TicketBookingQueryViewModel.cs:行号 1080
   在 BPiaoBao.Client.UIExt.CommunicateManager.Invoke[T](Action`1 act, Action`1 error) 位置 e:\工程项目\V3.0\BTicket（客户端）\BTicket(2014-05-29)\BPiaoBao\BPiaoBao\BPiaoBao.Client.UIExt\Communicate\CommunicateManager.cs:行号 59
2014-09-09 18:14:28,906 - 航班起飞前1.5小时内不能预定机票！
System.ServiceModel.FaultException: 航班起飞前1.5小时内不能预定机票！

Server stack trace: 
   在 System.ServiceModel.Channels.ServiceChannel.HandleReply(ProxyOperationRuntime operation, ProxyRpc& rpc)
   在 System.ServiceModel.Channels.ServiceChannel.Call(String action, Boolean oneway, ProxyOperationRuntime operation, Object[] ins, Object[] outs, TimeSpan timeout)
   在 System.ServiceModel.Channels.ServiceChannelProxy.InvokeService(IMethodCallMessage methodCall, ProxyOperationRuntime operation)
   在 System.ServiceModel.Channels.ServiceChannelProxy.Invoke(IMessage message)

Exception rethrown at [0]: 
   在 System.Runtime.Remoting.Proxies.RealProxy.HandleReturnMessage(IMessage reqMsg, IMessage retMsg)
   在 System.Runtime.Remoting.Proxies.RealProxy.PrivateInvoke(MessageData& msgData, Int32 type)
   在 BPiaoBao.AppServices.Contracts.DomesticTicket.IOrderService.Destine(DestineRequest destine, EnumDestineSource destineSource)
   在 BPiaoBao.Client.DomesticTicket.ViewModel.TicketBookingViewModel.<>c__DisplayClass1c.<ExecuteOkCommandCommand>b__e(IOrderService service) 位置 e:\工程项目\V3.0\BTicket（客户端）\BTicket(2014-05-29)\BPiaoBao\BPiaoBao\BPiaoBao.Client.DomesticTicket\ViewModel\TicketBookingViewModel.cs:行号 614
2014-09-09 18:15:12,522 - 乘机人邓远的证件号42082119871072018只能18位
System.Exception: 乘机人邓远的证件号42082119871072018只能18位
   在 BPiaoBao.Client.DomesticTicket.ViewModel.PassengerInformationViewModel.Check() 位置 e:\工程项目\V3.0\BTicket（客户端）\BTicket(2014-05-29)\BPiaoBao\BPiaoBao\BPiaoBao.Client.DomesticTicket\ViewModel\PassengerInformationViewModel.cs:行号 437
   在 BPiaoBao.Client.DomesticTicket.ViewModel.TicketBookingViewModel.Check() 位置 e:\工程项目\V3.0\BTicket（客户端）\BTicket(2014-05-29)\BPiaoBao\BPiaoBao\BPiaoBao.Client.DomesticTicket\ViewModel\TicketBookingViewModel.cs:行号 717
   在 BPiaoBao.Client.DomesticTicket.ViewModel.TicketBookingViewModel.ExecuteOkCommandCommand() 位置 e:\工程项目\V3.0\BTicket（客户端）\BTicket(2014-05-29)\BPiaoBao\BPiaoBao\BPiaoBao.Client.DomesticTicket\ViewModel\TicketBookingViewModel.cs:行号 557
