2014-11-03 09:58:09,584 - 队列错误
System.InvalidOperationException: 此计算机上尚未安装消息队列。
   在 System.Messaging.Interop.SafeNativeMethods.MQPathNameToFormatName(String pathName, StringBuilder formatName, Int32& count)
   在 System.Messaging.MessageQueue.ResolveFormatNameFromQueuePath(String queuePath, Boolean throwException)
   在 System.Messaging.MessageQueue.Exists(String path)
   在 BPiaoBao.AppServices.Hosting.BootStrapper.ReviceMessage() 位置 e:\工程项目\V3.0\BTicket（客户端）\BTicket(2014-05-29)\BPiaoBao\BPiaoBao\BPiaoBao.AppServices.Hosting\BootStrapper.cs:行号 84
2014-11-03 10:04:56,040 - 队列错误
System.InvalidOperationException: 此计算机上尚未安装消息队列。
   在 System.Messaging.Interop.SafeNativeMethods.MQPathNameToFormatName(String pathName, StringBuilder formatName, Int32& count)
   在 System.Messaging.MessageQueue.ResolveFormatNameFromQueuePath(String queuePath, Boolean throwException)
   在 System.Messaging.MessageQueue.Exists(String path)
   在 BPiaoBao.AppServices.Hosting.BootStrapper.ReviceMessage() 位置 e:\工程项目\V3.0\BTicket（客户端）\BTicket(2014-05-29)\BPiaoBao\BPiaoBao\BPiaoBao.AppServices.Hosting\BootStrapper.cs:行号 84
2014-11-03 10:28:50,731 - 队列错误
System.InvalidOperationException: 此计算机上尚未安装消息队列。
   在 System.Messaging.Interop.SafeNativeMethods.MQPathNameToFormatName(String pathName, StringBuilder formatName, Int32& count)
   在 System.Messaging.MessageQueue.ResolveFormatNameFromQueuePath(String queuePath, Boolean throwException)
   在 System.Messaging.MessageQueue.Exists(String path)
   在 BPiaoBao.AppServices.Hosting.BootStrapper.ReviceMessage() 位置 e:\工程项目\V3.0\BTicket（客户端）\BTicket(2014-05-29)\BPiaoBao\BPiaoBao\BPiaoBao.AppServices.Hosting\BootStrapper.cs:行号 84
2014-11-03 10:35:20,068 - 队列错误
System.InvalidOperationException: 此计算机上尚未安装消息队列。
   在 System.Messaging.Interop.SafeNativeMethods.MQPathNameToFormatName(String pathName, StringBuilder formatName, Int32& count)
   在 System.Messaging.MessageQueue.ResolveFormatNameFromQueuePath(String queuePath, Boolean throwException)
   在 System.Messaging.MessageQueue.Exists(String path)
   在 BPiaoBao.AppServices.Hosting.BootStrapper.ReviceMessage() 位置 e:\工程项目\V3.0\BTicket（客户端）\BTicket(2014-05-29)\BPiaoBao\BPiaoBao\BPiaoBao.AppServices.Hosting\BootStrapper.cs:行号 84
2014-11-03 11:00:36,242 - 队列错误
System.InvalidOperationException: 此计算机上尚未安装消息队列。
   在 System.Messaging.Interop.SafeNativeMethods.MQPathNameToFormatName(String pathName, StringBuilder formatName, Int32& count)
   在 System.Messaging.MessageQueue.ResolveFormatNameFromQueuePath(String queuePath, Boolean throwException)
   在 System.Messaging.MessageQueue.Exists(String path)
   在 BPiaoBao.AppServices.Hosting.BootStrapper.ReviceMessage() 位置 e:\工程项目\V3.0\BTicket（客户端）\BTicket(2014-05-29)\BPiaoBao\BPiaoBao\BPiaoBao.AppServices.Hosting\BootStrapper.cs:行号 84
2014-11-03 14:30:29,250 - 队列错误
System.InvalidOperationException: 此计算机上尚未安装消息队列。
   在 System.Messaging.Interop.SafeNativeMethods.MQPathNameToFormatName(String pathName, StringBuilder formatName, Int32& count)
   在 System.Messaging.MessageQueue.ResolveFormatNameFromQueuePath(String queuePath, Boolean throwException)
   在 System.Messaging.MessageQueue.Exists(String path)
   在 BPiaoBao.AppServices.Hosting.BootStrapper.ReviceMessage() 位置 e:\工程项目\V3.0\BTicket（客户端）\BTicket(2014-05-29)\BPiaoBao\BPiaoBao\BPiaoBao.AppServices.Hosting\BootStrapper.cs:行号 84
2014-11-03 14:33:59,865 - 队列错误
System.InvalidOperationException: 此计算机上尚未安装消息队列。
   在 System.Messaging.Interop.SafeNativeMethods.MQPathNameToFormatName(String pathName, StringBuilder formatName, Int32& count)
   在 System.Messaging.MessageQueue.ResolveFormatNameFromQueuePath(String queuePath, Boolean throwException)
   在 System.Messaging.MessageQueue.Exists(String path)
   在 BPiaoBao.AppServices.Hosting.BootStrapper.ReviceMessage() 位置 e:\工程项目\V3.0\BTicket（客户端）\BTicket(2014-05-29)\BPiaoBao\BPiaoBao\BPiaoBao.AppServices.Hosting\BootStrapper.cs:行号 84
2014-11-03 14:49:20,281 - 队列错误
System.InvalidOperationException: 此计算机上尚未安装消息队列。
   在 System.Messaging.Interop.SafeNativeMethods.MQPathNameToFormatName(String pathName, StringBuilder formatName, Int32& count)
   在 System.Messaging.MessageQueue.ResolveFormatNameFromQueuePath(String queuePath, Boolean throwException)
   在 System.Messaging.MessageQueue.Exists(String path)
   在 BPiaoBao.AppServices.Hosting.BootStrapper.ReviceMessage() 位置 e:\工程项目\V3.0\BTicket（客户端）\BTicket(2014-05-29)\BPiaoBao\BPiaoBao\BPiaoBao.AppServices.Hosting\BootStrapper.cs:行号 84
2014-11-03 15:21:42,345 - 队列错误
System.InvalidOperationException: 此计算机上尚未安装消息队列。
   在 System.Messaging.Interop.SafeNativeMethods.MQPathNameToFormatName(String pathName, StringBuilder formatName, Int32& count)
   在 System.Messaging.MessageQueue.ResolveFormatNameFromQueuePath(String queuePath, Boolean throwException)
   在 System.Messaging.MessageQueue.Exists(String path)
   在 BPiaoBao.AppServices.Hosting.BootStrapper.ReviceMessage() 位置 e:\工程项目\V3.0\BTicket（客户端）\BTicket(2014-05-29)\BPiaoBao\BPiaoBao\BPiaoBao.AppServices.Hosting\BootStrapper.cs:行号 84
2014-11-03 15:23:03,550 - 队列错误
System.InvalidOperationException: 此计算机上尚未安装消息队列。
   在 System.Messaging.Interop.SafeNativeMethods.MQPathNameToFormatName(String pathName, StringBuilder formatName, Int32& count)
   在 System.Messaging.MessageQueue.ResolveFormatNameFromQueuePath(String queuePath, Boolean throwException)
   在 System.Messaging.MessageQueue.Exists(String path)
   在 BPiaoBao.AppServices.Hosting.BootStrapper.ReviceMessage() 位置 e:\工程项目\V3.0\BTicket（客户端）\BTicket(2014-05-29)\BPiaoBao\BPiaoBao\BPiaoBao.AppServices.Hosting\BootStrapper.cs:行号 84
2014-11-03 15:32:34,386 - 队列错误
System.InvalidOperationException: 此计算机上尚未安装消息队列。
   在 System.Messaging.Interop.SafeNativeMethods.MQPathNameToFormatName(String pathName, StringBuilder formatName, Int32& count)
   在 System.Messaging.MessageQueue.ResolveFormatNameFromQueuePath(String queuePath, Boolean throwException)
   在 System.Messaging.MessageQueue.Exists(String path)
   在 BPiaoBao.AppServices.Hosting.BootStrapper.ReviceMessage() 位置 e:\工程项目\V3.0\BTicket（客户端）\BTicket(2014-05-29)\BPiaoBao\BPiaoBao\BPiaoBao.AppServices.Hosting\BootStrapper.cs:行号 84
2014-11-03 15:52:42,512 - 队列错误
System.InvalidOperationException: 此计算机上尚未安装消息队列。
   在 System.Messaging.Interop.SafeNativeMethods.MQPathNameToFormatName(String pathName, StringBuilder formatName, Int32& count)
   在 System.Messaging.MessageQueue.ResolveFormatNameFromQueuePath(String queuePath, Boolean throwException)
   在 System.Messaging.MessageQueue.Exists(String path)
   在 BPiaoBao.AppServices.Hosting.BootStrapper.ReviceMessage() 位置 e:\工程项目\V3.0\BTicket（客户端）\BTicket(2014-05-29)\BPiaoBao\BPiaoBao\BPiaoBao.AppServices.Hosting\BootStrapper.cs:行号 84
2014-11-03 15:58:37,391 - Store update, insert, or delete statement affected an unexpected number of rows (0). Entities may have been modified or deleted since entities were loaded. Refresh ObjectStateManager entries.
System.Data.Entity.Infrastructure.DbUpdateConcurrencyException: Store update, insert, or delete statement affected an unexpected number of rows (0). Entities may have been modified or deleted since entities were loaded. Refresh ObjectStateManager entries. ---> System.Data.Entity.Core.OptimisticConcurrencyException: Store update, insert, or delete statement affected an unexpected number of rows (0). Entities may have been modified or deleted since entities were loaded. Refresh ObjectStateManager entries.
   在 System.Data.Entity.Core.Mapping.Update.Internal.UpdateTranslator.ValidateRowsAffected(Int64 rowsAffected, UpdateCommand source)
   在 System.Data.Entity.Core.Mapping.Update.Internal.UpdateTranslator.Update()
   在 System.Data.Entity.Core.EntityClient.Internal.EntityAdapter.<Update>b__2(UpdateTranslator ut)
   在 System.Data.Entity.Core.EntityClient.Internal.EntityAdapter.Update[T](T noChangesResult, Func`2 updateFunction, Boolean throwOnClosedConnection)
   在 System.Data.Entity.Core.EntityClient.Internal.EntityAdapter.Update(Boolean throwOnClosedConnection)
   在 System.Data.Entity.Core.Objects.ObjectContext.<SaveChangesToStore>b__b()
   在 System.Data.Entity.Core.Objects.ObjectContext.ExecuteInTransaction[T](Func`1 func, IDbExecutionStrategy executionStrategy, Boolean startLocalTransaction, Boolean releaseConnectionOnSuccess)
   在 System.Data.Entity.Core.Objects.ObjectContext.SaveChangesToStore(SaveOptions options, IDbExecutionStrategy executionStrategy)
   在 System.Data.Entity.Core.Objects.ObjectContext.<>c__DisplayClass9.<SaveChanges>b__6()
   在 System.Data.Entity.SqlServer.DefaultSqlExecutionStrategy.Execute[TResult](Func`1 operation)
   在 System.Data.Entity.Core.Objects.ObjectContext.SaveChanges(SaveOptions options)
   在 System.Data.Entity.Internal.InternalContext.SaveChanges()
   --- 内部异常堆栈跟踪的结尾 ---
   在 JoveZhao.Framework.EFRepository.UnitOfWork.EFUnitOfWork`1.Commit() 位置 e:\工程项目\V3.0\BTicket（客户端）\BTicket(2014-05-29)\BPiaoBao\BPiaoBao\JoveZhao.Framework.EFRepository\UnitOfWork\EFUnitOfWork.cs:行号 52
   在 BPiaoBao.AppServices.DomesticTicket.OrderService.ChoosePolicy(PolicyDto policy, String orderId) 位置 e:\工程项目\V3.0\BTicket（客户端）\BTicket(2014-05-29)\BPiaoBao\BPiaoBao\BPiaoBao.AppServices\DomesticTicket\OrderService.cs:行号 2286
   在 SyncInvokeChoosePolicy(Object , Object[] , Object[] )
   在 System.ServiceModel.Dispatcher.SyncMethodInvoker.Invoke(Object instance, Object[] inputs, Object[]& outputs)
   在 System.ServiceModel.Dispatcher.DispatchOperationRuntime.InvokeBegin(MessageRpc& rpc)
   在 System.ServiceModel.Dispatcher.ImmutableDispatchRuntime.ProcessMessage5(MessageRpc& rpc)
   在 System.ServiceModel.Dispatcher.ImmutableDispatchRuntime.ProcessMessage41(MessageRpc& rpc)
   在 System.ServiceModel.Dispatcher.ImmutableDispatchRuntime.ProcessMessage4(MessageRpc& rpc)
   在 System.ServiceModel.Dispatcher.ImmutableDispatchRuntime.ProcessMessage31(MessageRpc& rpc)
   在 System.ServiceModel.Dispatcher.ImmutableDispatchRuntime.ProcessMessage3(MessageRpc& rpc)
   在 System.ServiceModel.Dispatcher.ImmutableDispatchRuntime.ProcessMessage2(MessageRpc& rpc)
   在 System.ServiceModel.Dispatcher.ImmutableDispatchRuntime.ProcessMessage11(MessageRpc& rpc)
   在 System.ServiceModel.Dispatcher.ImmutableDispatchRuntime.ProcessMessage1(MessageRpc& rpc)
   在 System.ServiceModel.Dispatcher.MessageRpc.Process(Boolean isOperationContextSet)
2014-11-03 16:29:05,581 - 队列错误
System.InvalidOperationException: 此计算机上尚未安装消息队列。
   在 System.Messaging.Interop.SafeNativeMethods.MQPathNameToFormatName(String pathName, StringBuilder formatName, Int32& count)
   在 System.Messaging.MessageQueue.ResolveFormatNameFromQueuePath(String queuePath, Boolean throwException)
   在 System.Messaging.MessageQueue.Exists(String path)
   在 BPiaoBao.AppServices.Hosting.BootStrapper.ReviceMessage() 位置 e:\工程项目\V3.0\BTicket（客户端）\BTicket(2014-05-29)\BPiaoBao\BPiaoBao\BPiaoBao.AppServices.Hosting\BootStrapper.cs:行号 84
