2014-11-28 10:13:06,850 - 没有找到售后订单：3797
2014-11-28 10:22:47,503 - 2014/11/28 10:22:47:让超时的订单失效
2014-11-28 10:32:47,510 - 2014/11/28 10:32:47:让超时的订单失效
2014-11-28 10:42:47,518 - 2014/11/28 10:42:47:让超时的订单失效
2014-11-28 10:46:02,946 - 查询政策开始:=============================
时间:2014-11-28 10:46:00[4]平台:Today 查询政策用时:00:00:01.9933289 
查询政策结束:=============================

2014-11-28 10:46:03,057 - 接口政策总耗时:2175
2014-11-28 13:55:18,521 - 没有找到售后订单：3797
2014-11-28 14:05:12,473 - 2014/11/28 14:05:12:让超时的订单失效
2014-11-28 14:11:01,887 - Start=====================================================================

时间:2014-11-28 14:11:01.806
内容:
a=1
areaCity=ctu
未处理
End=====================================================================


2014-11-28 14:15:12,482 - 2014/11/28 14:15:12:让超时的订单失效
2014-11-28 14:18:39,401 - Start=====================================================================

时间:2014-11-28 14:18:39.400
内容:
={a:1,b:2}
areaCity=ctu
未处理
End=====================================================================


2014-11-28 14:21:08,731 - Start=====================================================================

时间:2014-11-28 14:21:08.731
内容:
={a:1,b:2}
areaCity=ctu
未处理
End=====================================================================


2014-11-28 14:25:12,485 - 2014/11/28 14:25:12:让超时的订单失效
2014-11-28 14:29:37,573 - Start=====================================================================

时间:2014-11-28 14:29:37.573
内容:
={a:1,b:2}
areaCity=ctu
未处理
End=====================================================================


2014-11-28 14:35:12,497 - 2014/11/28 14:35:12:让超时的订单失效
2014-11-28 14:45:12,506 - 2014/11/28 14:45:12:让超时的订单失效
2014-11-28 14:55:12,522 - 2014/11/28 14:55:12:让超时的订单失效
2014-11-28 15:05:12,532 - 2014/11/28 15:05:12:让超时的订单失效
2014-11-28 15:15:12,542 - 2014/11/28 15:15:12:让超时的订单失效
2014-11-28 15:25:12,550 - 2014/11/28 15:25:12:让超时的订单失效
2014-11-28 15:35:12,560 - 2014/11/28 15:35:12:让超时的订单失效
2014-11-28 15:45:12,571 - 2014/11/28 15:45:12:让超时的订单失效
2014-11-28 15:55:12,594 - 2014/11/28 15:55:12:让超时的订单失效
2014-11-28 15:58:37,950 - 没有找到售后订单：3797
2014-11-28 16:08:26,050 - 2014/11/28 16:08:26:让超时的订单失效
2014-11-28 16:18:26,050 - 2014/11/28 16:18:26:让超时的订单失效
2014-11-28 16:28:26,061 - 2014/11/28 16:28:26:让超时的订单失效
2014-11-28 16:38:26,069 - 2014/11/28 16:38:26:让超时的订单失效
2014-11-28 16:48:26,079 - 2014/11/28 16:48:26:让超时的订单失效
2014-11-28 16:58:26,094 - 2014/11/28 16:58:26:让超时的订单失效
