2014-11-13 16:15:02,527 - 2014/11/13 16:15:02:让超时的订单失效
2014-11-13 16:33:00,842 - 2014/11/13 16:33:00:让超时的订单失效
2014-11-13 16:43:02,426 - 2014/11/13 16:43:02:让超时的订单失效
2014-11-13 17:34:08,138 - 2014/11/13 17:34:08:让超时的订单失效
2014-11-13 17:44:25,342 - 2014/11/13 17:44:25:让超时的订单失效
2014-11-13 18:54:10,705 - 2014/11/13 18:54:10:让超时的订单失效
2014-11-13 19:11:43,106 - 查询政策开始:=============================
时间:2014-11-13 19:10:58[5]平台:PiaoMeng 查询政策用时:00:00:44.6228033 
查询政策结束:=============================

2014-11-13 19:11:43,253 - 接口政策总耗时:44817
2014-11-13 19:16:27,765 - 查询政策开始:=============================
时间:2014-11-13 19:16:24[5]平台:PiaoMeng 查询政策用时:00:00:03.4471620 
查询政策结束:=============================

2014-11-13 19:16:28,055 - 接口政策总耗时:3776
2014-11-13 19:23:50,215 - 查询政策开始:=============================
时间:2014-11-13 19:23:49[5]平台:PiaoMeng 查询政策用时:00:00:00.5054964 
查询政策结束:=============================

2014-11-13 19:23:50,273 - 接口政策总耗时:563
2014-11-13 19:24:14,854 - 查询政策开始:=============================
时间:2014-11-13 19:24:14[5]平台:PiaoMeng 查询政策用时:00:00:00.3306692 
查询政策结束:=============================

2014-11-13 19:24:14,911 - 接口政策总耗时:387
2014-11-13 19:24:24,707 - 2014/11/13 19:24:24:让超时的订单失效
2014-11-13 19:32:39,902 - 查询政策开始:=============================
时间:2014-11-13 19:32:39[5]平台:PiaoMeng 查询政策用时:00:00:00.6842620 
查询政策结束:=============================

2014-11-13 19:32:39,970 - 接口政策总耗时:986
