2014-11-14 10:38:51,845 - 2014/11/14 10:38:51:让超时的订单失效
2014-11-14 11:01:29,302 - 2014/11/14 11:01:29:让超时的订单失效
2014-11-14 11:11:29,302 - 2014/11/14 11:11:29:让超时的订单失效
2014-11-14 11:21:29,313 - 2014/11/14 11:21:29:让超时的订单失效
2014-11-14 11:31:29,329 - 2014/11/14 11:31:29:让超时的订单失效
2014-11-14 11:41:29,338 - 2014/11/14 11:41:29:让超时的订单失效
2014-11-14 11:51:29,350 - 2014/11/14 11:51:29:让超时的订单失效
2014-11-14 12:01:29,357 - 2014/11/14 12:01:29:让超时的订单失效
2014-11-14 12:11:29,371 - 2014/11/14 12:11:29:让超时的订单失效
2014-11-14 12:21:29,383 - 2014/11/14 12:21:29:让超时的订单失效
2014-11-14 12:31:29,394 - 2014/11/14 12:31:29:让超时的订单失效
2014-11-14 12:41:29,402 - 2014/11/14 12:41:29:让超时的订单失效
2014-11-14 12:51:29,414 - 2014/11/14 12:51:29:让超时的订单失效
2014-11-14 13:01:29,425 - 2014/11/14 13:01:29:让超时的订单失效
2014-11-14 13:11:29,436 - 2014/11/14 13:11:29:让超时的订单失效
2014-11-14 13:21:29,446 - 2014/11/14 13:21:29:让超时的订单失效
2014-11-14 13:31:29,457 - 2014/11/14 13:31:29:让超时的订单失效
2014-11-14 13:55:38,814 - 查询政策开始:=============================
时间:2014-11-14 13:55:37[5]平台:PiaoMeng 查询政策用时:00:00:00.9598792 
查询政策结束:=============================

2014-11-14 13:55:39,046 - 接口政策总耗时:1355
2014-11-14 14:02:21,567 - 2014/11/14 14:02:21:让超时的订单失效
2014-11-14 14:05:05,483 - 查询政策开始:=============================
时间:2014-11-14 14:05:04[5]平台:PiaoMeng 查询政策用时:00:00:00.5927526 
查询政策结束:=============================

2014-11-14 14:05:05,550 - 接口政策总耗时:662
2014-11-14 14:10:27,674 - 查询政策开始:=============================
时间:2014-11-14 14:10:23[5]平台:PiaoMeng 查询政策用时:00:00:04.0723943 
查询政策结束:=============================

2014-11-14 14:10:27,708 - 接口政策总耗时:4106
2014-11-14 14:12:15,977 - 2014/11/14 14:12:15:让超时的订单失效
2014-11-14 14:16:38,438 - 查询政策开始:=============================
时间:2014-11-14 14:16:37[5]平台:PiaoMeng 查询政策用时:00:00:00.6351156 
查询政策结束:=============================

2014-11-14 14:16:38,561 - 接口政策总耗时:759
2014-11-14 14:17:59,001 - 查询政策开始:=============================
时间:2014-11-14 14:17:54[5]平台:PiaoMeng 查询政策用时:00:00:04.1247180 
查询政策结束:=============================

2014-11-14 14:17:59,059 - 接口政策总耗时:4184
2014-11-14 14:22:15,984 - 2014/11/14 14:22:15:让超时的订单失效
2014-11-14 14:25:19,986 - 查询政策开始:=============================
时间:2014-11-14 14:24:58[5]平台:PiaoMeng 查询政策用时:00:00:21.5511492 
查询政策结束:=============================

2014-11-14 14:54:45,553 - 2014/11/14 14:54:45:让超时的订单失效
2014-11-14 15:50:07,064 - 2014/11/14 15:50:07:让超时的订单失效
2014-11-14 17:34:24,903 - 2014/11/14 17:34:24:让超时的订单失效
