2014-11-24 09:25:35,311 - 2014/11/24 9:25:35:让超时的订单失效
2014-11-24 09:27:36,675 - 查询政策开始:=============================
时间:2014-11-24 09:27:35[4]平台:Today 查询政策用时:00:00:01.0533761 
查询政策结束:=============================

2014-11-24 09:28:41,531 - 接口政策总耗时:66064
2014-11-24 09:28:58,074 - 查询政策开始:=============================
时间:2014-11-24 09:28:57[4]平台:Today 查询政策用时:00:00:00.6694503 
查询政策结束:=============================

2014-11-24 09:28:58,094 - 接口政策总耗时:689
2014-11-24 09:35:35,315 - 2014/11/24 9:35:35:让超时的订单失效
2014-11-24 09:39:23,359 - 查询政策开始:=============================
时间:2014-11-24 09:39:16[4]平台:Today 查询政策用时:00:00:01.1252900 
[7]平台:517 查询政策用时:00:00:06.7399921 
查询政策结束:=============================

2014-11-24 09:39:23,413 - 接口政策总耗时:6800
2014-11-24 09:47:15,701 - 查询政策开始:=============================
时间:2014-11-24 09:45:15[4]平台:Today 查询政策用时:00:00:09.7025866 
[10]平台:517 查询政策用时:00:02:00.1242689 
查询政策结束:=============================

2014-11-24 09:47:15,777 - 接口政策总耗时:120205
2014-11-24 09:54:17,713 - 查询政策开始:=============================
时间:2014-11-24 09:54:16[4]平台:Today 查询政策用时:00:00:00.8853783 
[7]平台:517 查询政策用时:00:00:01.4947388 
查询政策结束:=============================

2014-11-24 09:54:17,752 - 接口政策总耗时:1567
2014-11-24 09:59:30,289 - 2014/11/24 9:59:30:让超时的订单失效
