2014-11-21 11:01:45,167 - 16b1dc02-31b6-4ff8-971d-13142563daf5
2014-11-21 11:01:45,192 - 16b1dc02-31b6-4ff8-971d-13142563daf5
2014-11-21 11:01:45,251 - 16b1dc02-31b6-4ff8-971d-13142563daf5
2014-11-21 11:01:45,918 - 16b1dc02-31b6-4ff8-971d-13142563daf5
2014-11-21 11:01:46,688 - 16b1dc02-31b6-4ff8-971d-13142563daf5
2014-11-21 11:01:46,770 - 16b1dc02-31b6-4ff8-971d-13142563daf5
2014-11-21 11:01:58,338 - 16b1dc02-31b6-4ff8-971d-13142563daf5
2014-11-21 11:02:07,599 - 16b1dc02-31b6-4ff8-971d-13142563daf5
2014-11-21 11:02:09,746 - 16b1dc02-31b6-4ff8-971d-13142563daf5
2014-11-21 11:02:19,790 - 16b1dc02-31b6-4ff8-971d-13142563daf5
2014-11-21 11:02:20,159 - 16b1dc02-31b6-4ff8-971d-13142563daf5
2014-11-21 11:02:20,538 - Destine()-->预定编码前,执行时间:23
2014-11-21 11:02:23,628 - Destine()-->预定编码完成,执行时间:3089
2014-11-21 11:02:23,660 - Destine()-->航段,执行时间:32
2014-11-21 11:02:24,486 - 今日获取政策开始时间：2014-11-21 11:02:24.486

2014-11-21 11:02:25,731 - 今日获取政策结束时间：2014-11-21 11:02:25.731

2014-11-21 11:02:25,808 - 重选政策用时:2090
2014-11-21 11:02:25,824 - Destine()-->航段,成人订单:2163
2014-11-21 11:02:25,824 - Destine()-->航段,儿童订单:0
2014-11-21 11:02:26,772 - Destine()--保存到数据库,执行时间:947
2014-11-21 11:02:47,209 - 16b1dc02-31b6-4ff8-971d-13142563daf5
2014-11-21 11:04:00,012 - 16b1dc02-31b6-4ff8-971d-13142563daf5
2014-11-21 11:04:09,913 - 今日获取政策开始时间：2014-11-21 11:04:09.912

2014-11-21 11:35:59,583 - 276e97ca-ca2c-416c-8acb-b0f358670b83
2014-11-21 11:35:59,752 - 276e97ca-ca2c-416c-8acb-b0f358670b83
2014-11-21 11:35:59,766 - 276e97ca-ca2c-416c-8acb-b0f358670b83
2014-11-21 11:36:00,792 - 276e97ca-ca2c-416c-8acb-b0f358670b83
2014-11-21 11:36:02,105 - 276e97ca-ca2c-416c-8acb-b0f358670b83
2014-11-21 11:36:02,287 - 276e97ca-ca2c-416c-8acb-b0f358670b83
2014-11-21 11:36:09,205 - 276e97ca-ca2c-416c-8acb-b0f358670b83
2014-11-21 11:36:22,988 - 今日获取政策开始时间：2014-11-21 11:36:22.988

2014-11-21 11:36:59,144 - 今日获取政策结束时间：2014-11-21 11:36:59.144

2014-11-21 11:36:59,214 - 重选政策用时:47223
2014-11-21 11:46:24,978 - 276e97ca-ca2c-416c-8acb-b0f358670b83
2014-11-21 11:46:28,579 - 今日获取政策开始时间：2014-11-21 11:46:28.579

2014-11-21 11:55:26,098 - 72ad72cf-e244-4edf-b015-c15db46d176d
2014-11-21 11:55:26,169 - 72ad72cf-e244-4edf-b015-c15db46d176d
2014-11-21 11:55:26,439 - 72ad72cf-e244-4edf-b015-c15db46d176d
2014-11-21 11:55:26,726 - 72ad72cf-e244-4edf-b015-c15db46d176d
2014-11-21 11:55:28,590 - 72ad72cf-e244-4edf-b015-c15db46d176d
2014-11-21 11:55:28,750 - 72ad72cf-e244-4edf-b015-c15db46d176d
2014-11-21 11:55:33,478 - 72ad72cf-e244-4edf-b015-c15db46d176d
2014-11-21 11:55:37,774 - 今日获取政策开始时间：2014-11-21 11:55:37.774

2014-11-21 13:53:05,340 - 478d441d-9312-4507-86f9-937043c7a2eb
2014-11-21 13:53:05,468 - 478d441d-9312-4507-86f9-937043c7a2eb
2014-11-21 13:53:05,512 - 478d441d-9312-4507-86f9-937043c7a2eb
2014-11-21 13:53:06,499 - 478d441d-9312-4507-86f9-937043c7a2eb
2014-11-21 13:53:07,756 - 478d441d-9312-4507-86f9-937043c7a2eb
2014-11-21 13:53:07,834 - 478d441d-9312-4507-86f9-937043c7a2eb
2014-11-21 13:55:51,091 - 478d441d-9312-4507-86f9-937043c7a2eb
2014-11-21 13:56:00,631 - 今日获取政策开始时间：2014-11-21 13:56:00.630

2014-11-21 13:56:41,210 - 今日获取政策结束时间：2014-11-21 13:56:41.210

2014-11-21 13:56:41,614 - 重选政策用时:49402
2014-11-21 15:32:49,522 - 733fd356-2b34-4013-ab95-2ea7a261ce58
2014-11-21 15:32:50,077 - 733fd356-2b34-4013-ab95-2ea7a261ce58
2014-11-21 15:32:50,305 - 733fd356-2b34-4013-ab95-2ea7a261ce58
2014-11-21 15:32:52,641 - 733fd356-2b34-4013-ab95-2ea7a261ce58
2014-11-21 15:32:53,532 - 733fd356-2b34-4013-ab95-2ea7a261ce58
2014-11-21 15:32:53,612 - 733fd356-2b34-4013-ab95-2ea7a261ce58
2014-11-21 15:33:48,026 - 733fd356-2b34-4013-ab95-2ea7a261ce58
2014-11-21 15:34:14,530 - 733fd356-2b34-4013-ab95-2ea7a261ce58
2014-11-21 15:34:16,814 - 733fd356-2b34-4013-ab95-2ea7a261ce58
2014-11-21 15:34:24,151 - 733fd356-2b34-4013-ab95-2ea7a261ce58
2014-11-21 15:34:24,428 - 733fd356-2b34-4013-ab95-2ea7a261ce58
2014-11-21 15:34:24,696 - Destine()-->预定编码前,执行时间:6
2014-11-21 15:40:05,087 - 733fd356-2b34-4013-ab95-2ea7a261ce58
2014-11-21 15:40:05,554 - 733fd356-2b34-4013-ab95-2ea7a261ce58
2014-11-21 15:40:05,688 - Destine()-->预定编码前,执行时间:2
2014-11-21 15:41:53,895 - 733fd356-2b34-4013-ab95-2ea7a261ce58
2014-11-21 15:41:56,571 - 今日获取政策开始时间：2014-11-21 15:41:56.571

2014-11-21 15:41:59,494 - 今日获取政策结束时间：2014-11-21 15:41:59.494

2014-11-21 15:42:06,524 - 重选政策用时:10884
2014-11-21 15:42:36,232 - 733fd356-2b34-4013-ab95-2ea7a261ce58
2014-11-21 15:42:57,722 - 733fd356-2b34-4013-ab95-2ea7a261ce58
2014-11-21 15:42:57,887 - http://10.11.3.241:889/api/Bank/GetBankList?code=0000005390&currentTime=20141121154257&partnerKey=D722137BB41D4713946B406F430317F3&signature=dec426a4956aaf4f366010e036520cb9
2014-11-21 15:43:15,453 - 733fd356-2b34-4013-ab95-2ea7a261ce58
2014-11-21 15:43:15,481 - 733fd356-2b34-4013-ab95-2ea7a261ce58
2014-11-21 15:43:15,984 - 733fd356-2b34-4013-ab95-2ea7a261ce58
2014-11-21 15:43:16,032 - http://10.11.3.241:889/api/BusinessMan/GetUserInfo?code=0000005390&currentTime=20141121154316&partnerKey=D722137BB41D4713946B406F430317F3&signature=01252912ec3774de8d64f5d22580de5b
