2014-11-17 10:31:47,609 - 4946b767-0d61-407f-977d-d6a8c37817ee
2014-11-17 10:31:47,701 - 4946b767-0d61-407f-977d-d6a8c37817ee
2014-11-17 11:10:39,826 - 4946b767-0d61-407f-977d-d6a8c37817ee
2014-11-17 11:10:47,000 - d70a36da-92d1-407f-bb26-b010612028f3
2014-11-17 11:10:47,037 - d70a36da-92d1-407f-bb26-b010612028f3
2014-11-17 11:11:03,894 - d70a36da-92d1-407f-bb26-b010612028f3
2014-11-17 11:11:11,024 - d70a36da-92d1-407f-bb26-b010612028f3
2014-11-17 11:11:16,990 - d70a36da-92d1-407f-bb26-b010612028f3
2014-11-17 11:19:54,982 - d70a36da-92d1-407f-bb26-b010612028f3
2014-11-17 11:19:58,729 - d70a36da-92d1-407f-bb26-b010612028f3
2014-11-17 11:21:55,567 - e61a0b23-251a-4fd7-8a21-f643d1406494
2014-11-17 11:21:55,595 - e61a0b23-251a-4fd7-8a21-f643d1406494
2014-11-17 11:21:55,902 - http://10.11.3.241:889/api/BusinessMan/GetUserInfo?code=0000005571&currentTime=20141117112155&partnerKey=D722137BB41D4713946B406F430317F3&signature=cfb9679fa0392eb3b21b7d5879a18c09
2014-11-17 11:21:55,916 - e61a0b23-251a-4fd7-8a21-f643d1406494
2014-11-17 11:21:56,831 - e61a0b23-251a-4fd7-8a21-f643d1406494
2014-11-17 11:21:57,032 - e61a0b23-251a-4fd7-8a21-f643d1406494
2014-11-17 11:21:57,054 - http://10.11.3.241:889/api/Product/GetAllProducts?code=0000005571&currentTime=20141117112157&partnerKey=D722137BB41D4713946B406F430317F3&signature=a567c3c7ceec1c7704ab126509d0f7d0
2014-11-17 11:21:57,057 - e61a0b23-251a-4fd7-8a21-f643d1406494
2014-11-17 11:21:58,151 - e61a0b23-251a-4fd7-8a21-f643d1406494
2014-11-17 11:21:58,152 - e61a0b23-251a-4fd7-8a21-f643d1406494
2014-11-17 11:21:58,185 - http://10.11.3.241:889/api/Bank/GetAccount?code=0000005571&currentTime=20141117112158&partnerKey=D722137BB41D4713946B406F430317F3&signature=d28a8c3fa0428c24dbddd98181bdc54d
2014-11-17 11:21:58,209 - http://10.11.3.241:889/api/History/Financing?code=0000005571&CurrentPage=1&PageSize=15&currentTime=20141117112158&partnerKey=D722137BB41D4713946B406F430317F3&signature=445df36b3359c04f331dbac8dca46107
2014-11-17 11:29:27,310 - 543ccd6e-2f73-4768-ba9e-45756bff9eb2
2014-11-17 11:29:27,318 - 543ccd6e-2f73-4768-ba9e-45756bff9eb2
2014-11-17 11:29:27,389 - 543ccd6e-2f73-4768-ba9e-45756bff9eb2
2014-11-17 11:29:27,984 - 543ccd6e-2f73-4768-ba9e-45756bff9eb2
2014-11-17 11:29:28,543 - 543ccd6e-2f73-4768-ba9e-45756bff9eb2
2014-11-17 11:29:28,859 - 543ccd6e-2f73-4768-ba9e-45756bff9eb2
2014-11-17 11:29:37,484 - 543ccd6e-2f73-4768-ba9e-45756bff9eb2
2014-11-17 11:29:41,039 - 543ccd6e-2f73-4768-ba9e-45756bff9eb2
2014-11-17 11:30:03,366 - 543ccd6e-2f73-4768-ba9e-45756bff9eb2
2014-11-17 11:30:04,720 - 543ccd6e-2f73-4768-ba9e-45756bff9eb2
2014-11-17 11:30:08,527 - 重选政策用时:2815
2014-11-17 11:30:23,643 - 543ccd6e-2f73-4768-ba9e-45756bff9eb2
2014-11-17 11:30:36,617 - 543ccd6e-2f73-4768-ba9e-45756bff9eb2
2014-11-17 11:30:36,821 - http://10.11.3.241:889/api/Bank/GetBankList?code=0000005571&currentTime=20141117113036&partnerKey=D722137BB41D4713946B406F430317F3&signature=10474f8a142165af6b1117fbb3f8ae7c
2014-11-17 11:30:37,601 - 543ccd6e-2f73-4768-ba9e-45756bff9eb2
2014-11-17 11:30:37,629 - 543ccd6e-2f73-4768-ba9e-45756bff9eb2
2014-11-17 11:30:37,712 - 543ccd6e-2f73-4768-ba9e-45756bff9eb2
2014-11-17 11:30:37,872 - http://10.11.3.241:889/api/BusinessMan/GetUserInfo?code=0000005571&currentTime=20141117113037&partnerKey=D722137BB41D4713946B406F430317F3&signature=7a8dd2ccde170c6515dbbc488aa5d145
2014-11-17 11:30:39,225 - 543ccd6e-2f73-4768-ba9e-45756bff9eb2
2014-11-17 11:34:47,655 - 543ccd6e-2f73-4768-ba9e-45756bff9eb2
2014-11-17 11:34:53,158 - 543ccd6e-2f73-4768-ba9e-45756bff9eb2
2014-11-17 11:34:58,935 - 543ccd6e-2f73-4768-ba9e-45756bff9eb2
2014-11-17 11:35:02,703 - 543ccd6e-2f73-4768-ba9e-45756bff9eb2
2014-11-17 11:35:03,602 - 543ccd6e-2f73-4768-ba9e-45756bff9eb2
2014-11-17 11:35:31,191 - a1460469-f305-445e-bcb1-72f35bae28ce
2014-11-17 11:35:31,253 - a1460469-f305-445e-bcb1-72f35bae28ce
2014-11-17 11:35:45,914 - a1460469-f305-445e-bcb1-72f35bae28ce
2014-11-17 11:36:41,413 - a1460469-f305-445e-bcb1-72f35bae28ce
2014-11-17 11:37:25,298 - a1460469-f305-445e-bcb1-72f35bae28ce
2014-11-17 11:37:35,798 - a1460469-f305-445e-bcb1-72f35bae28ce
2014-11-17 11:38:06,105 - a1460469-f305-445e-bcb1-72f35bae28ce
2014-11-17 14:29:22,002 - 08ed8d26-a21a-4f4c-aee5-da9f677c5dd1
2014-11-17 14:29:22,239 - 08ed8d26-a21a-4f4c-aee5-da9f677c5dd1
2014-11-17 14:29:37,077 - 08ed8d26-a21a-4f4c-aee5-da9f677c5dd1
2014-11-17 14:38:18,667 - 08ed8d26-a21a-4f4c-aee5-da9f677c5dd1
2014-11-17 15:24:43,338 - fd509199-8c29-42d6-858f-038e291c1d42
2014-11-17 15:24:43,341 - fd509199-8c29-42d6-858f-038e291c1d42
2014-11-17 15:24:43,360 - fd509199-8c29-42d6-858f-038e291c1d42
2014-11-17 15:24:44,377 - fd509199-8c29-42d6-858f-038e291c1d42
2014-11-17 15:24:45,000 - fd509199-8c29-42d6-858f-038e291c1d42
2014-11-17 15:24:46,154 - fd509199-8c29-42d6-858f-038e291c1d42
2014-11-17 15:24:50,474 - fd509199-8c29-42d6-858f-038e291c1d42
2014-11-17 15:24:56,118 - fd509199-8c29-42d6-858f-038e291c1d42
2014-11-17 15:24:56,297 - fd509199-8c29-42d6-858f-038e291c1d42
2014-11-17 15:25:05,608 - fd509199-8c29-42d6-858f-038e291c1d42
2014-11-17 15:25:05,654 - fd509199-8c29-42d6-858f-038e291c1d42
2014-11-17 15:25:29,313 - fd509199-8c29-42d6-858f-038e291c1d42
2014-11-17 15:25:34,601 - fd509199-8c29-42d6-858f-038e291c1d42
2014-11-17 15:45:28,096 - 08ed8d26-a21a-4f4c-aee5-da9f677c5dd1
2014-11-17 15:45:45,007 - a23f3a9a-e752-4795-b8bf-3add1bf3a0d0
2014-11-17 15:45:45,096 - a23f3a9a-e752-4795-b8bf-3add1bf3a0d0
2014-11-17 15:45:50,411 - a23f3a9a-e752-4795-b8bf-3add1bf3a0d0
2014-11-17 15:46:43,815 - a23f3a9a-e752-4795-b8bf-3add1bf3a0d0
2014-11-17 15:47:08,647 - a23f3a9a-e752-4795-b8bf-3add1bf3a0d0
