2014-11-14 09:17:36,011 - a68310d2-8099-4370-9e6e-a9a2105f5ff6
2014-11-14 09:17:36,110 - a68310d2-8099-4370-9e6e-a9a2105f5ff6
2014-11-14 09:17:36,404 - a68310d2-8099-4370-9e6e-a9a2105f5ff6
2014-11-14 09:17:37,157 - a68310d2-8099-4370-9e6e-a9a2105f5ff6
2014-11-14 09:17:43,374 - a68310d2-8099-4370-9e6e-a9a2105f5ff6
2014-11-14 09:17:43,641 - a68310d2-8099-4370-9e6e-a9a2105f5ff6
2014-11-14 09:19:37,943 - a68310d2-8099-4370-9e6e-a9a2105f5ff6
2014-11-14 10:42:15,076 - 3580dee2-ecb7-4a67-a47c-5ea6181627e2
2014-11-14 10:42:16,075 - http://10.11.3.241:889/api/BusinessMan/GetUserInfo?code=0000005571&currentTime=20141114104215&partnerKey=D722137BB41D4713946B406F430317F3&signature=ed374c1ec9e94bd457dba5d02483e195
2014-11-14 10:42:16,115 - 3580dee2-ecb7-4a67-a47c-5ea6181627e2
2014-11-14 13:53:42,126 - a247354b-0302-4023-ac2a-e486d37d015c
2014-11-14 13:53:42,178 - a247354b-0302-4023-ac2a-e486d37d015c
2014-11-14 13:53:42,422 - a247354b-0302-4023-ac2a-e486d37d015c
2014-11-14 13:53:44,086 - a247354b-0302-4023-ac2a-e486d37d015c
2014-11-14 13:53:44,193 - a247354b-0302-4023-ac2a-e486d37d015c
2014-11-14 13:53:46,188 - http://10.11.3.241:889/api/BusinessMan/GetUserInfo?code=0000004182&currentTime=20141114135344&partnerKey=D722137BB41D4713946B406F430317F3&signature=068e97d039455b9797ee355851df3b33
2014-11-14 13:53:47,757 - a247354b-0302-4023-ac2a-e486d37d015c
2014-11-14 13:53:48,011 - a247354b-0302-4023-ac2a-e486d37d015c
2014-11-14 13:54:02,567 - a247354b-0302-4023-ac2a-e486d37d015c
2014-11-14 13:54:02,578 - http://10.11.3.241:889/api/Bank/GetAccount?code=0000004182&currentTime=20141114135402&partnerKey=D722137BB41D4713946B406F430317F3&signature=4f009195c803e89962396c85869f5897
2014-11-14 13:54:02,581 - a247354b-0302-4023-ac2a-e486d37d015c
2014-11-14 13:54:02,600 - http://10.11.3.241:889/api/Product/GetAllProducts?code=0000004182&currentTime=20141114135402&partnerKey=D722137BB41D4713946B406F430317F3&signature=4f009195c803e89962396c85869f5897
2014-11-14 13:54:09,496 - a247354b-0302-4023-ac2a-e486d37d015c
2014-11-14 13:54:09,513 - http://10.11.3.241:889/api/History/Financing?code=0000004182&CurrentPage=1&PageSize=15&currentTime=20141114135409&partnerKey=D722137BB41D4713946B406F430317F3&signature=5d3ea9727c9b2d132accb6b539eea75f
2014-11-14 13:54:15,776 - a247354b-0302-4023-ac2a-e486d37d015c
2014-11-14 13:55:28,405 - a247354b-0302-4023-ac2a-e486d37d015c
2014-11-14 13:55:31,873 - a247354b-0302-4023-ac2a-e486d37d015c
2014-11-14 13:55:37,879 - 票盟获取政策开始时间：2014-11-14 13:55:37.879

2014-11-14 13:55:38,805 - 票盟获取政策结束时间：2014-11-14 13:55:38.805

2014-11-14 14:02:42,116 - 重选政策用时:428300
2014-11-14 14:04:47,479 - a247354b-0302-4023-ac2a-e486d37d015c
2014-11-14 14:04:51,449 - a247354b-0302-4023-ac2a-e486d37d015c
2014-11-14 14:05:00,813 - a247354b-0302-4023-ac2a-e486d37d015c
2014-11-14 14:05:03,320 - a247354b-0302-4023-ac2a-e486d37d015c
2014-11-14 14:05:04,891 - 票盟获取政策开始时间：2014-11-14 14:05:04.891

2014-11-14 14:05:05,483 - 票盟获取政策结束时间：2014-11-14 14:05:05.483

2014-11-14 14:05:05,551 - 重选政策用时:1741
2014-11-14 14:09:57,530 - a247354b-0302-4023-ac2a-e486d37d015c
2014-11-14 14:10:03,670 - a247354b-0302-4023-ac2a-e486d37d015c
2014-11-14 14:10:12,984 - a247354b-0302-4023-ac2a-e486d37d015c
2014-11-14 14:10:15,333 - a247354b-0302-4023-ac2a-e486d37d015c
2014-11-14 14:10:23,602 - 票盟获取政策开始时间：2014-11-14 14:10:23.602

2014-11-14 14:10:27,673 - 票盟获取政策结束时间：2014-11-14 14:10:27.673

2014-11-14 14:10:28,171 - 重选政策用时:9208
2014-11-14 14:16:23,799 - a247354b-0302-4023-ac2a-e486d37d015c
2014-11-14 14:16:27,160 - a247354b-0302-4023-ac2a-e486d37d015c
2014-11-14 14:16:35,005 - a247354b-0302-4023-ac2a-e486d37d015c
2014-11-14 14:16:36,594 - a247354b-0302-4023-ac2a-e486d37d015c
2014-11-14 14:16:37,803 - 票盟获取政策开始时间：2014-11-14 14:16:37.803

2014-11-14 14:16:38,437 - 票盟获取政策结束时间：2014-11-14 14:16:38.437

2014-11-14 14:17:22,873 - 重选政策用时:45628
2014-11-14 14:17:48,202 - a247354b-0302-4023-ac2a-e486d37d015c
2014-11-14 14:17:51,755 - a247354b-0302-4023-ac2a-e486d37d015c
2014-11-14 14:17:54,875 - 票盟获取政策开始时间：2014-11-14 14:17:54.875

2014-11-14 14:17:59,000 - 票盟获取政策结束时间：2014-11-14 14:17:59.000

2014-11-14 14:22:03,784 - 重选政策用时:249755
2014-11-14 14:22:05,795 - a247354b-0302-4023-ac2a-e486d37d015c
2014-11-14 14:23:38,010 - 892d692b-e1a8-4ee7-9724-9dc1f6cb753b
2014-11-14 14:23:38,071 - 892d692b-e1a8-4ee7-9724-9dc1f6cb753b
2014-11-14 14:23:38,429 - 892d692b-e1a8-4ee7-9724-9dc1f6cb753b
2014-11-14 14:23:38,485 - 892d692b-e1a8-4ee7-9724-9dc1f6cb753b
2014-11-14 14:23:38,628 - 892d692b-e1a8-4ee7-9724-9dc1f6cb753b
2014-11-14 14:23:39,758 - 892d692b-e1a8-4ee7-9724-9dc1f6cb753b
2014-11-14 14:23:55,215 - 892d692b-e1a8-4ee7-9724-9dc1f6cb753b
2014-11-14 14:24:14,034 - 892d692b-e1a8-4ee7-9724-9dc1f6cb753b
2014-11-14 14:24:17,166 - 892d692b-e1a8-4ee7-9724-9dc1f6cb753b
2014-11-14 14:24:24,547 - 892d692b-e1a8-4ee7-9724-9dc1f6cb753b
2014-11-14 14:24:24,639 - 892d692b-e1a8-4ee7-9724-9dc1f6cb753b
2014-11-14 14:24:24,750 - 892d692b-e1a8-4ee7-9724-9dc1f6cb753b
2014-11-14 14:24:24,840 - 892d692b-e1a8-4ee7-9724-9dc1f6cb753b
2014-11-14 14:24:49,027 - 892d692b-e1a8-4ee7-9724-9dc1f6cb753b
2014-11-14 14:24:49,192 - 892d692b-e1a8-4ee7-9724-9dc1f6cb753b
2014-11-14 14:24:49,395 - Destine()-->预定编码前,执行时间:6
2014-11-14 14:24:57,662 - Destine()-->预定编码完成,执行时间:8266
2014-11-14 14:24:57,666 - Destine()-->航段,执行时间:3
2014-11-14 14:24:58,435 - 票盟获取政策开始时间：2014-11-14 14:24:58.435

2014-11-14 14:25:19,986 - 票盟获取政策结束时间：2014-11-14 14:25:19.986

2014-11-14 14:33:50,391 - cd524384-4eda-4b2a-abbb-0ddbe04c3e85
2014-11-14 14:33:50,649 - cd524384-4eda-4b2a-abbb-0ddbe04c3e85
2014-11-14 14:33:51,235 - cd524384-4eda-4b2a-abbb-0ddbe04c3e85
2014-11-14 14:33:51,359 - cd524384-4eda-4b2a-abbb-0ddbe04c3e85
2014-11-14 14:33:51,559 - cd524384-4eda-4b2a-abbb-0ddbe04c3e85
2014-11-14 14:33:52,433 - cd524384-4eda-4b2a-abbb-0ddbe04c3e85
2014-11-14 14:34:04,771 - cd524384-4eda-4b2a-abbb-0ddbe04c3e85
2014-11-14 14:34:40,193 - cd524384-4eda-4b2a-abbb-0ddbe04c3e85
2014-11-14 14:34:46,986 - cd524384-4eda-4b2a-abbb-0ddbe04c3e85
2014-11-14 14:34:47,396 - cd524384-4eda-4b2a-abbb-0ddbe04c3e85
2014-11-14 14:34:47,479 - cd524384-4eda-4b2a-abbb-0ddbe04c3e85
2014-11-14 14:34:47,580 - cd524384-4eda-4b2a-abbb-0ddbe04c3e85
2014-11-14 14:35:02,053 - cd524384-4eda-4b2a-abbb-0ddbe04c3e85
2014-11-14 14:35:02,219 - cd524384-4eda-4b2a-abbb-0ddbe04c3e85
2014-11-14 14:35:02,388 - Destine()-->预定编码前,执行时间:6
2014-11-14 14:35:07,666 - Destine()-->预定编码完成,执行时间:5278
2014-11-14 14:35:07,669 - Destine()-->航段,执行时间:2
2014-11-14 14:35:31,315 - 票盟获取政策开始时间：2014-11-14 14:35:31.315

2014-11-14 14:36:07,553 - 票盟获取政策结束时间：2014-11-14 14:36:07.553

2014-11-14 14:40:27,918 - 4519671a-0399-4d13-9523-7eb02ac3012b
2014-11-14 14:40:27,930 - 4519671a-0399-4d13-9523-7eb02ac3012b
2014-11-14 14:40:28,113 - 4519671a-0399-4d13-9523-7eb02ac3012b
2014-11-14 14:40:28,985 - 4519671a-0399-4d13-9523-7eb02ac3012b
2014-11-14 14:40:31,191 - 4519671a-0399-4d13-9523-7eb02ac3012b
2014-11-14 14:40:32,918 - 4519671a-0399-4d13-9523-7eb02ac3012b
2014-11-14 14:40:59,435 - 4519671a-0399-4d13-9523-7eb02ac3012b
2014-11-14 14:45:05,545 - cf657992-f3df-48b8-ac1c-d45464d146fc
2014-11-14 14:45:06,013 - cf657992-f3df-48b8-ac1c-d45464d146fc
2014-11-14 14:45:06,577 - cf657992-f3df-48b8-ac1c-d45464d146fc
2014-11-14 14:45:07,129 - cf657992-f3df-48b8-ac1c-d45464d146fc
2014-11-14 14:45:08,874 - cf657992-f3df-48b8-ac1c-d45464d146fc
2014-11-14 14:45:13,980 - cf657992-f3df-48b8-ac1c-d45464d146fc
2014-11-14 14:45:19,777 - cf657992-f3df-48b8-ac1c-d45464d146fc
2014-11-14 14:45:44,033 - cf657992-f3df-48b8-ac1c-d45464d146fc
2014-11-14 14:45:49,562 - cf657992-f3df-48b8-ac1c-d45464d146fc
2014-11-14 14:45:59,019 - cf657992-f3df-48b8-ac1c-d45464d146fc
2014-11-14 14:45:59,118 - cf657992-f3df-48b8-ac1c-d45464d146fc
2014-11-14 14:45:59,189 - cf657992-f3df-48b8-ac1c-d45464d146fc
2014-11-14 14:45:59,257 - cf657992-f3df-48b8-ac1c-d45464d146fc
2014-11-14 14:46:01,504 - cf657992-f3df-48b8-ac1c-d45464d146fc
2014-11-14 14:46:01,760 - cf657992-f3df-48b8-ac1c-d45464d146fc
2014-11-14 14:46:15,722 - cf657992-f3df-48b8-ac1c-d45464d146fc
2014-11-14 14:46:16,829 - cf657992-f3df-48b8-ac1c-d45464d146fc
2014-11-14 14:46:17,072 - Destine()-->预定编码前,执行时间:5
2014-11-14 14:46:24,204 - Destine()-->预定编码完成,执行时间:7132
2014-11-14 14:46:24,207 - Destine()-->航段,执行时间:2
2014-11-14 14:56:00,192 - 重选政策用时:575966
2014-11-14 14:56:00,212 - Destine()-->航段,成人订单:576005
2014-11-14 14:56:00,212 - Destine()-->航段,儿童订单:0
2014-11-14 14:56:01,838 - Destine()--保存到数据库,执行时间:1625
2014-11-14 15:06:08,616 - 6a357824-3c31-4fea-9d08-8e5baf9208a1
2014-11-14 15:06:08,781 - 6a357824-3c31-4fea-9d08-8e5baf9208a1
2014-11-14 15:06:08,842 - 6a357824-3c31-4fea-9d08-8e5baf9208a1
2014-11-14 15:06:09,621 - 6a357824-3c31-4fea-9d08-8e5baf9208a1
2014-11-14 15:06:10,527 - 6a357824-3c31-4fea-9d08-8e5baf9208a1
2014-11-14 15:06:12,520 - 6a357824-3c31-4fea-9d08-8e5baf9208a1
2014-11-14 15:06:15,251 - 6a357824-3c31-4fea-9d08-8e5baf9208a1
2014-11-14 15:06:21,693 - 6a357824-3c31-4fea-9d08-8e5baf9208a1
2014-11-14 15:06:31,651 - 6a357824-3c31-4fea-9d08-8e5baf9208a1
2014-11-14 15:06:33,047 - 6a357824-3c31-4fea-9d08-8e5baf9208a1
2014-11-14 15:08:57,747 - 重选政策用时:143130
2014-11-14 15:37:34,148 - 1a2d8a36-bd0f-4ec3-ac05-72cf76db5882
2014-11-14 15:37:34,148 - 1a2d8a36-bd0f-4ec3-ac05-72cf76db5882
2014-11-14 15:37:34,158 - 1a2d8a36-bd0f-4ec3-ac05-72cf76db5882
2014-11-14 15:37:34,809 - 1a2d8a36-bd0f-4ec3-ac05-72cf76db5882
2014-11-14 15:37:35,272 - 1a2d8a36-bd0f-4ec3-ac05-72cf76db5882
2014-11-14 15:37:35,474 - 1a2d8a36-bd0f-4ec3-ac05-72cf76db5882
2014-11-14 15:37:54,709 - 1a2d8a36-bd0f-4ec3-ac05-72cf76db5882
2014-11-14 15:38:32,431 - 1a2d8a36-bd0f-4ec3-ac05-72cf76db5882
2014-11-14 15:45:20,059 - 1a2d8a36-bd0f-4ec3-ac05-72cf76db5882
2014-11-14 15:50:28,040 - 1a2d8a36-bd0f-4ec3-ac05-72cf76db5882
2014-11-14 17:18:51,684 - ef4b7894-a18b-448b-bfb5-7144f8a02cbc
2014-11-14 17:18:51,686 - ef4b7894-a18b-448b-bfb5-7144f8a02cbc
2014-11-14 17:18:51,691 - ef4b7894-a18b-448b-bfb5-7144f8a02cbc
2014-11-14 17:18:52,696 - ef4b7894-a18b-448b-bfb5-7144f8a02cbc
2014-11-14 17:18:53,737 - ef4b7894-a18b-448b-bfb5-7144f8a02cbc
2014-11-14 17:18:53,749 - ef4b7894-a18b-448b-bfb5-7144f8a02cbc
2014-11-14 17:19:22,206 - ef4b7894-a18b-448b-bfb5-7144f8a02cbc
2014-11-14 17:20:33,654 - ef4b7894-a18b-448b-bfb5-7144f8a02cbc
2014-11-14 17:21:38,407 - ef4b7894-a18b-448b-bfb5-7144f8a02cbc
2014-11-14 17:26:56,080 - 312fafa0-83d3-48bd-8236-387fbc1c60aa
2014-11-14 17:26:56,097 - 312fafa0-83d3-48bd-8236-387fbc1c60aa
2014-11-14 17:26:56,238 - 312fafa0-83d3-48bd-8236-387fbc1c60aa
2014-11-14 17:26:56,673 - 312fafa0-83d3-48bd-8236-387fbc1c60aa
2014-11-14 17:26:57,169 - 312fafa0-83d3-48bd-8236-387fbc1c60aa
2014-11-14 17:26:57,846 - 312fafa0-83d3-48bd-8236-387fbc1c60aa
2014-11-14 17:27:07,988 - 312fafa0-83d3-48bd-8236-387fbc1c60aa
2014-11-14 17:27:46,584 - 312fafa0-83d3-48bd-8236-387fbc1c60aa
2014-11-14 17:34:34,204 - 312fafa0-83d3-48bd-8236-387fbc1c60aa
