2014-11-24 09:22:54,785 - 212c9263-9a92-40eb-8355-fd4be23b6511
2014-11-24 09:24:49,594 - 19fe241d-8e22-4e1c-8047-5f5916a3380a
2014-11-24 09:24:49,631 - 19fe241d-8e22-4e1c-8047-5f5916a3380a
2014-11-24 09:24:50,666 - 19fe241d-8e22-4e1c-8047-5f5916a3380a
2014-11-24 09:24:51,183 - 19fe241d-8e22-4e1c-8047-5f5916a3380a
2014-11-24 09:24:54,964 - 19fe241d-8e22-4e1c-8047-5f5916a3380a
2014-11-24 09:24:55,487 - 19fe241d-8e22-4e1c-8047-5f5916a3380a
2014-11-24 09:26:08,948 - 18cfec4c-2704-46c7-b64e-43a45dc79eba
2014-11-24 09:26:35,588 - 18cfec4c-2704-46c7-b64e-43a45dc79eba
2014-11-24 09:26:57,612 - 19fe241d-8e22-4e1c-8047-5f5916a3380a
2014-11-24 09:27:06,905 - 19fe241d-8e22-4e1c-8047-5f5916a3380a
2014-11-24 09:27:11,079 - 19fe241d-8e22-4e1c-8047-5f5916a3380a
2014-11-24 09:27:19,080 - 19fe241d-8e22-4e1c-8047-5f5916a3380a
2014-11-24 09:27:19,333 - 19fe241d-8e22-4e1c-8047-5f5916a3380a
2014-11-24 09:27:19,545 - 19fe241d-8e22-4e1c-8047-5f5916a3380a
2014-11-24 09:27:19,756 - 19fe241d-8e22-4e1c-8047-5f5916a3380a
2014-11-24 09:27:19,875 - 18cfec4c-2704-46c7-b64e-43a45dc79eba
2014-11-24 09:27:20,581 - 19fe241d-8e22-4e1c-8047-5f5916a3380a
2014-11-24 09:27:20,910 - 19fe241d-8e22-4e1c-8047-5f5916a3380a
2014-11-24 09:27:22,061 - 19fe241d-8e22-4e1c-8047-5f5916a3380a
2014-11-24 09:27:24,238 - 19fe241d-8e22-4e1c-8047-5f5916a3380a
2014-11-24 09:27:24,585 - 19fe241d-8e22-4e1c-8047-5f5916a3380a
2014-11-24 09:27:27,291 - 18cfec4c-2704-46c7-b64e-43a45dc79eba
2014-11-24 09:27:27,660 - 18cfec4c-2704-46c7-b64e-43a45dc79eba
2014-11-24 09:27:28,178 - Destine()-->预定编码前,执行时间:10
2014-11-24 09:27:34,624 - Destine()-->预定编码完成,执行时间:6446
2014-11-24 09:27:34,628 - Destine()-->航段,执行时间:3
2014-11-24 09:27:35,637 - 今日获取政策开始时间：2014-11-24 09:27:35.637

2014-11-24 09:27:36,662 - 今日获取政策结束时间：2014-11-24 09:27:36.662

2014-11-24 09:28:39,201 - 18cfec4c-2704-46c7-b64e-43a45dc79eba
2014-11-24 09:28:45,011 - 重选政策用时:70369
2014-11-24 09:28:45,034 - Destine()-->航段,成人订单:70404
2014-11-24 09:28:45,034 - Destine()-->航段,儿童订单:0
2014-11-24 09:28:47,262 - Destine()--保存到数据库,执行时间:2227
2014-11-24 09:28:47,307 - Destine()-->预定编码前,执行时间:4
2014-11-24 09:28:56,436 - Destine()-->预定编码完成,执行时间:9128
2014-11-24 09:28:56,436 - Destine()-->航段,执行时间:0
2014-11-24 09:28:57,405 - 今日获取政策开始时间：2014-11-24 09:28:57.405

2014-11-24 09:28:58,074 - 今日获取政策结束时间：2014-11-24 09:28:58.074

2014-11-24 09:29:00,785 - 重选政策用时:4347
2014-11-24 09:29:00,786 - Destine()-->航段,成人订单:4350
2014-11-24 09:29:00,786 - Destine()-->航段,儿童订单:0
2014-11-24 09:29:02,544 - Destine()--保存到数据库,执行时间:1757
2014-11-24 09:36:27,339 - 18cfec4c-2704-46c7-b64e-43a45dc79eba
2014-11-24 09:36:29,983 - 18cfec4c-2704-46c7-b64e-43a45dc79eba
2014-11-24 09:36:30,014 - 18cfec4c-2704-46c7-b64e-43a45dc79eba
2014-11-24 09:36:30,200 - http://10.11.3.241:889/api/funds/GetRecieveAndCreditMoney?code=0000004182&currentTime=20141124093630&partnerKey=D722137BB41D4713946B406F430317F3&signature=ff69ddfa8b69fb9c905afaa67539c566
2014-11-24 09:38:46,840 - 65848d43-7fa7-4dd2-a8f5-6b186692fc77
2014-11-24 09:38:53,459 - 65848d43-7fa7-4dd2-a8f5-6b186692fc77
2014-11-24 09:39:12,833 - 65848d43-7fa7-4dd2-a8f5-6b186692fc77
2014-11-24 09:39:12,923 - 65848d43-7fa7-4dd2-a8f5-6b186692fc77
2014-11-24 09:39:13,166 - Destine()-->预定编码前,执行时间:5
2014-11-24 09:39:16,296 - Destine()-->预定编码完成,执行时间:3130
2014-11-24 09:39:16,299 - Destine()-->航段,执行时间:2
2014-11-24 09:39:16,667 - 517开始时间：2014-11-24 09:39:16.667

2014-11-24 09:39:17,440 - 今日获取政策开始时间：2014-11-24 09:39:17.440

2014-11-24 09:39:18,544 - 今日获取政策结束时间：2014-11-24 09:39:18.544

2014-11-24 09:39:23,358 - 517结束时间：2014-11-24 09:39:23.358

2014-11-24 09:39:24,010 - 重选政策用时:7698
2014-11-24 09:39:24,024 - Destine()-->航段,成人订单:7724
2014-11-24 09:39:24,024 - Destine()-->航段,儿童订单:0
2014-11-24 09:39:24,369 - Destine()--保存到数据库,执行时间:344
2014-11-24 09:39:31,381 - 65848d43-7fa7-4dd2-a8f5-6b186692fc77
2014-11-24 09:39:33,711 - 65848d43-7fa7-4dd2-a8f5-6b186692fc77
2014-11-24 09:39:33,721 - 65848d43-7fa7-4dd2-a8f5-6b186692fc77
2014-11-24 09:39:33,817 - http://10.11.3.241:889/api/funds/GetRecieveAndCreditMoney?code=0000004182&currentTime=20141124093933&partnerKey=bf4ebff2c39240599b34d886945cd879&signature=d328dcf142c63fef7f2b7d3995e7d690
2014-11-24 09:43:45,475 - 65848d43-7fa7-4dd2-a8f5-6b186692fc77
2014-11-24 09:44:07,638 - 6c0524e3-2bb2-4520-99a0-0c90546ffdd4
2014-11-24 09:44:07,768 - 6c0524e3-2bb2-4520-99a0-0c90546ffdd4
2014-11-24 09:44:08,671 - 6c0524e3-2bb2-4520-99a0-0c90546ffdd4
2014-11-24 09:44:09,232 - 6c0524e3-2bb2-4520-99a0-0c90546ffdd4
2014-11-24 09:44:09,588 - 6c0524e3-2bb2-4520-99a0-0c90546ffdd4
2014-11-24 09:44:09,931 - 6c0524e3-2bb2-4520-99a0-0c90546ffdd4
2014-11-24 09:44:22,470 - 6c0524e3-2bb2-4520-99a0-0c90546ffdd4
2014-11-24 09:44:44,496 - 6c0524e3-2bb2-4520-99a0-0c90546ffdd4
2014-11-24 09:44:46,804 - 6c0524e3-2bb2-4520-99a0-0c90546ffdd4
2014-11-24 09:44:55,621 - 6c0524e3-2bb2-4520-99a0-0c90546ffdd4
2014-11-24 09:44:58,348 - 6c0524e3-2bb2-4520-99a0-0c90546ffdd4
2014-11-24 09:44:58,429 - 6c0524e3-2bb2-4520-99a0-0c90546ffdd4
2014-11-24 09:44:58,505 - 6c0524e3-2bb2-4520-99a0-0c90546ffdd4
2014-11-24 09:44:58,574 - 6c0524e3-2bb2-4520-99a0-0c90546ffdd4
2014-11-24 09:44:58,642 - 6c0524e3-2bb2-4520-99a0-0c90546ffdd4
2014-11-24 09:45:04,399 - df56e2af-31ff-4462-950e-e5091fe43a8e
2014-11-24 09:45:12,344 - 6c0524e3-2bb2-4520-99a0-0c90546ffdd4
2014-11-24 09:45:12,533 - 6c0524e3-2bb2-4520-99a0-0c90546ffdd4
2014-11-24 09:45:12,765 - Destine()-->预定编码前,执行时间:6
2014-11-24 09:45:15,210 - Destine()-->预定编码完成,执行时间:2445
2014-11-24 09:45:15,213 - Destine()-->航段,执行时间:2
2014-11-24 09:45:15,585 - df56e2af-31ff-4462-950e-e5091fe43a8e
2014-11-24 09:45:15,593 - 517开始时间：2014-11-24 09:45:15.593

2014-11-24 09:45:27,166 - 今日获取政策开始时间：2014-11-24 09:45:27.166

2014-11-24 09:45:36,310 - 今日获取政策结束时间：2014-11-24 09:45:36.310

2014-11-24 09:47:15,700 - 517结束时间：2014-11-24 09:47:15.681

2014-11-24 09:47:16,485 - 重选政策用时:121252
2014-11-24 09:47:16,488 - Destine()-->航段,成人订单:121274
2014-11-24 09:47:16,488 - Destine()-->航段,儿童订单:0
2014-11-24 09:47:16,959 - Destine()--保存到数据库,执行时间:470
2014-11-24 09:47:19,518 - 6c0524e3-2bb2-4520-99a0-0c90546ffdd4
2014-11-24 09:47:22,503 - 6c0524e3-2bb2-4520-99a0-0c90546ffdd4
2014-11-24 09:47:22,556 - http://10.11.3.241:889/api/Bank/GetBankList?code=0000005570&currentTime=20141124094722&partnerKey=D722137BB41D4713946B406F430317F3&signature=e94939c05ab603c4d05e34bfa55c5c40
2014-11-24 09:49:44,521 - df56e2af-31ff-4462-950e-e5091fe43a8e
2014-11-24 09:52:17,118 - 25a825e3-e4ff-49bf-bc0d-85f8b8d9389e
2014-11-24 09:52:40,789 - 25a825e3-e4ff-49bf-bc0d-85f8b8d9389e
2014-11-24 09:52:43,325 - 25a825e3-e4ff-49bf-bc0d-85f8b8d9389e
2014-11-24 09:53:31,665 - 25a825e3-e4ff-49bf-bc0d-85f8b8d9389e
2014-11-24 09:53:31,715 - 25a825e3-e4ff-49bf-bc0d-85f8b8d9389e
2014-11-24 09:53:31,939 - Destine()-->预定编码前,执行时间:11
2014-11-24 09:54:12,511 - 25a825e3-e4ff-49bf-bc0d-85f8b8d9389e
2014-11-24 09:54:12,566 - 25a825e3-e4ff-49bf-bc0d-85f8b8d9389e
2014-11-24 09:54:12,716 - Destine()-->预定编码前,执行时间:2
2014-11-24 09:54:15,759 - Destine()-->预定编码完成,执行时间:3043
2014-11-24 09:54:15,763 - Destine()-->航段,执行时间:3
2014-11-24 09:54:16,233 - 517开始时间：2014-11-24 09:54:16.233

2014-11-24 09:54:16,665 - 今日获取政策开始时间：2014-11-24 09:54:16.665

2014-11-24 09:54:17,537 - 今日获取政策结束时间：2014-11-24 09:54:17.537

2014-11-24 09:54:17,712 - 517结束时间：2014-11-24 09:54:17.712

2014-11-24 09:54:17,755 - 重选政策用时:1961
2014-11-24 09:54:17,769 - Destine()-->航段,成人订单:2006
2014-11-24 09:54:17,769 - Destine()-->航段,儿童订单:0
2014-11-24 09:54:18,142 - Destine()--保存到数据库,执行时间:372
2014-11-24 09:54:22,236 - 25a825e3-e4ff-49bf-bc0d-85f8b8d9389e
2014-11-24 09:54:25,047 - 25a825e3-e4ff-49bf-bc0d-85f8b8d9389e
2014-11-24 09:54:25,048 - 25a825e3-e4ff-49bf-bc0d-85f8b8d9389e
2014-11-24 09:54:25,167 - http://10.11.3.241:889/api/funds/GetRecieveAndCreditMoney?code=0000000022&currentTime=20141124095425&partnerKey=bf4ebff2c39240599b34d886945cd879&signature=5e18f264df393ce2e76592593ca843a4
