2014-11-25 11:06:49,629 - 5da0710d-bcd7-4590-9d97-61867a117754
2014-11-25 11:06:49,710 - 5da0710d-bcd7-4590-9d97-61867a117754
2014-11-25 11:06:49,967 - 5da0710d-bcd7-4590-9d97-61867a117754
2014-11-25 11:06:51,007 - 5da0710d-bcd7-4590-9d97-61867a117754
2014-11-25 11:06:51,100 - 5da0710d-bcd7-4590-9d97-61867a117754
2014-11-25 11:07:30,113 - 5da0710d-bcd7-4590-9d97-61867a117754
2014-11-25 11:07:39,180 - 5da0710d-bcd7-4590-9d97-61867a117754
2014-11-25 11:07:41,361 - 5da0710d-bcd7-4590-9d97-61867a117754
2014-11-25 11:07:49,762 - 5da0710d-bcd7-4590-9d97-61867a117754
2014-11-25 11:07:49,980 - 5da0710d-bcd7-4590-9d97-61867a117754
2014-11-25 11:07:50,227 - Destine()-->预定编码前,执行时间:20
2014-11-25 11:07:52,943 - Destine()-->预定编码完成,执行时间:2716
2014-11-25 11:07:52,946 - Destine()-->航段,执行时间:2
2014-11-25 11:07:53,668 - 今日获取政策开始时间：2014-11-25 11:07:53.668

2014-11-25 11:07:55,661 - 今日获取政策结束时间：2014-11-25 11:07:55.661

2014-11-25 11:07:55,710 - 重选政策用时:2650
2014-11-25 11:07:55,739 - Destine()-->航段,成人订单:2792
2014-11-25 11:07:55,739 - Destine()-->航段,儿童订单:0
2014-11-25 11:07:56,132 - Destine()--保存到数据库,执行时间:392
2014-11-25 11:08:04,310 - 5da0710d-bcd7-4590-9d97-61867a117754
2014-11-25 11:08:10,178 - 5da0710d-bcd7-4590-9d97-61867a117754
2014-11-25 11:08:10,360 - http://10.11.3.241:889/api/Bank/GetBankList?code=0000000022&currentTime=20141125110810&partnerKey=bf4ebff2c39240599b34d886945cd879&signature=0f836b0d68fa74efb7e04cd504100a76
2014-11-25 11:08:14,194 - 5da0710d-bcd7-4590-9d97-61867a117754
2014-11-25 11:08:14,208 - 5da0710d-bcd7-4590-9d97-61867a117754
2014-11-25 11:08:14,461 - 5da0710d-bcd7-4590-9d97-61867a117754
2014-11-25 11:08:14,574 - http://10.11.3.241:889/api/BusinessMan/GetUserInfo?code=0000000022&currentTime=20141125110814&partnerKey=bf4ebff2c39240599b34d886945cd879&signature=a413b5eacab56467686fe5cd418f0193
2014-11-25 11:08:15,545 - 5da0710d-bcd7-4590-9d97-61867a117754
2014-11-25 11:08:23,198 - 5da0710d-bcd7-4590-9d97-61867a117754
2014-11-25 13:56:42,427 - 1aae6c77-3350-46e7-9a83-cfe8fc9e4174
2014-11-25 13:56:42,479 - 1aae6c77-3350-46e7-9a83-cfe8fc9e4174
2014-11-25 13:56:42,498 - 1aae6c77-3350-46e7-9a83-cfe8fc9e4174
2014-11-25 13:56:42,983 - 1aae6c77-3350-46e7-9a83-cfe8fc9e4174
2014-11-25 13:56:43,372 - 1aae6c77-3350-46e7-9a83-cfe8fc9e4174
2014-11-25 13:57:30,304 - 1aae6c77-3350-46e7-9a83-cfe8fc9e4174
2014-11-25 13:58:38,021 - 1aae6c77-3350-46e7-9a83-cfe8fc9e4174
2014-11-25 13:58:41,497 - 1aae6c77-3350-46e7-9a83-cfe8fc9e4174
2014-11-25 13:58:51,931 - 1aae6c77-3350-46e7-9a83-cfe8fc9e4174
2014-11-25 13:58:52,177 - 1aae6c77-3350-46e7-9a83-cfe8fc9e4174
2014-11-25 13:58:53,516 - 1aae6c77-3350-46e7-9a83-cfe8fc9e4174
2014-11-25 13:58:53,766 - Destine()-->预定编码前,执行时间:6
2014-11-25 13:58:59,123 - Destine()-->预定编码完成,执行时间:5355
2014-11-25 13:58:59,126 - Destine()-->航段,执行时间:2
2014-11-25 13:59:01,010 - 今日获取政策开始时间：2014-11-25 13:59:01.010

2014-11-25 13:59:04,077 - 今日获取政策结束时间：2014-11-25 13:59:04.077

2014-11-25 13:59:04,124 - 重选政策用时:4852
2014-11-25 13:59:04,157 - Destine()-->航段,成人订单:5031
2014-11-25 13:59:04,158 - Destine()-->航段,儿童订单:0
2014-11-25 13:59:04,929 - Destine()--保存到数据库,执行时间:771
2014-11-25 13:59:09,221 - 1aae6c77-3350-46e7-9a83-cfe8fc9e4174
2014-11-25 13:59:20,175 - 1aae6c77-3350-46e7-9a83-cfe8fc9e4174
2014-11-25 13:59:20,382 - http://10.11.3.241:889/api/Bank/GetBankList?code=0000000022&currentTime=20141125135920&partnerKey=bf4ebff2c39240599b34d886945cd879&signature=a2e664c49b7c729204a911a07d4e94b0
2014-11-25 13:59:21,534 - 1aae6c77-3350-46e7-9a83-cfe8fc9e4174
2014-11-25 13:59:21,666 - 1aae6c77-3350-46e7-9a83-cfe8fc9e4174
2014-11-25 13:59:22,157 - 1aae6c77-3350-46e7-9a83-cfe8fc9e4174
2014-11-25 13:59:22,173 - 1aae6c77-3350-46e7-9a83-cfe8fc9e4174
2014-11-25 13:59:22,221 - http://10.11.3.241:889/api/BusinessMan/GetUserInfo?code=0000000022&currentTime=20141125135922&partnerKey=bf4ebff2c39240599b34d886945cd879&signature=e51e58364092b3bc7bb7b3e09e3841b8
2014-11-25 13:59:54,857 - 1aae6c77-3350-46e7-9a83-cfe8fc9e4174
2014-11-25 16:53:34,459 - 760266ee-d561-43bb-a8df-7c02b2c2b061
2014-11-25 16:53:34,686 - 760266ee-d561-43bb-a8df-7c02b2c2b061
2014-11-25 16:53:34,687 - 760266ee-d561-43bb-a8df-7c02b2c2b061
2014-11-25 16:53:35,754 - 760266ee-d561-43bb-a8df-7c02b2c2b061
2014-11-25 16:53:36,034 - 760266ee-d561-43bb-a8df-7c02b2c2b061
2014-11-25 17:01:02,576 - 760266ee-d561-43bb-a8df-7c02b2c2b061
