2014-11-28 10:13:33,383 - f1a043d8-2571-41dd-a808-59776a2d08ac
2014-11-28 10:13:33,388 - f1a043d8-2571-41dd-a808-59776a2d08ac
2014-11-28 10:13:33,424 - f1a043d8-2571-41dd-a808-59776a2d08ac
2014-11-28 10:13:34,009 - f1a043d8-2571-41dd-a808-59776a2d08ac
2014-11-28 10:13:34,436 - f1a043d8-2571-41dd-a808-59776a2d08ac
2014-11-28 10:13:51,049 - f1a043d8-2571-41dd-a808-59776a2d08ac
2014-11-28 10:14:01,843 - f1a043d8-2571-41dd-a808-59776a2d08ac
2014-11-28 10:14:10,732 - f1a043d8-2571-41dd-a808-59776a2d08ac
2014-11-28 10:14:10,806 - f1a043d8-2571-41dd-a808-59776a2d08ac
2014-11-28 10:14:11,767 - f1a043d8-2571-41dd-a808-59776a2d08ac
2014-11-28 10:14:11,794 - f1a043d8-2571-41dd-a808-59776a2d08ac
2014-11-28 10:14:11,825 - f1a043d8-2571-41dd-a808-59776a2d08ac
2014-11-28 10:14:12,156 - f1a043d8-2571-41dd-a808-59776a2d08ac
2014-11-28 10:19:17,342 - f1a043d8-2571-41dd-a808-59776a2d08ac
2014-11-28 10:19:17,424 - f1a043d8-2571-41dd-a808-59776a2d08ac
2014-11-28 10:19:17,462 - f1a043d8-2571-41dd-a808-59776a2d08ac
2014-11-28 10:19:17,554 - f1a043d8-2571-41dd-a808-59776a2d08ac
2014-11-28 10:19:17,647 - f1a043d8-2571-41dd-a808-59776a2d08ac
2014-11-28 10:19:17,794 - f1a043d8-2571-41dd-a808-59776a2d08ac
2014-11-28 10:19:40,119 - f1a043d8-2571-41dd-a808-59776a2d08ac
2014-11-28 10:19:40,261 - f1a043d8-2571-41dd-a808-59776a2d08ac
2014-11-28 10:19:40,288 - f1a043d8-2571-41dd-a808-59776a2d08ac
2014-11-28 10:19:40,353 - f1a043d8-2571-41dd-a808-59776a2d08ac
2014-11-28 10:20:06,977 - f1a043d8-2571-41dd-a808-59776a2d08ac
2014-11-28 10:20:07,440 - f1a043d8-2571-41dd-a808-59776a2d08ac
2014-11-28 10:20:07,482 - f1a043d8-2571-41dd-a808-59776a2d08ac
2014-11-28 10:20:07,524 - f1a043d8-2571-41dd-a808-59776a2d08ac
2014-11-28 10:44:45,121 - f1a043d8-2571-41dd-a808-59776a2d08ac
2014-11-28 10:44:45,373 - f1a043d8-2571-41dd-a808-59776a2d08ac
2014-11-28 10:44:45,784 - f1a043d8-2571-41dd-a808-59776a2d08ac
2014-11-28 10:44:46,392 - f1a043d8-2571-41dd-a808-59776a2d08ac
2014-11-28 10:44:46,934 - f1a043d8-2571-41dd-a808-59776a2d08ac
2014-11-28 10:44:47,869 - Destine()-->预定编码前,执行时间:55
2014-11-28 10:45:54,492 - f1a043d8-2571-41dd-a808-59776a2d08ac
2014-11-28 10:45:55,337 - f1a043d8-2571-41dd-a808-59776a2d08ac
2014-11-28 10:45:56,079 - f1a043d8-2571-41dd-a808-59776a2d08ac
2014-11-28 10:45:56,344 - f1a043d8-2571-41dd-a808-59776a2d08ac
2014-11-28 10:45:56,552 - f1a043d8-2571-41dd-a808-59776a2d08ac
2014-11-28 10:45:56,931 - Destine()-->预定编码前,执行时间:4
2014-11-28 10:46:00,138 - Destine()-->预定编码完成,执行时间:3207
2014-11-28 10:46:00,144 - Destine()-->航段,执行时间:5
2014-11-28 10:46:00,982 - 今日获取政策开始时间：2014-11-28 10:46:00.981

2014-11-28 10:46:02,940 - 今日获取政策结束时间：2014-11-28 10:46:02.940

2014-11-28 10:46:03,060 - 重选政策用时:2774
2014-11-28 10:46:03,102 - Destine()-->航段,成人订单:2957
2014-11-28 10:46:03,103 - Destine()-->航段,儿童订单:0
2014-11-28 10:46:05,279 - Destine()--保存到数据库,执行时间:2176
2014-11-28 10:46:13,074 - f1a043d8-2571-41dd-a808-59776a2d08ac
2014-11-28 10:46:15,597 - f1a043d8-2571-41dd-a808-59776a2d08ac
2014-11-28 15:59:29,901 - ac44d8b1-8c2e-4ab5-9e32-5833484d03b5
2014-11-28 16:00:15,282 - ac44d8b1-8c2e-4ab5-9e32-5833484d03b5
2014-11-28 16:02:18,869 - Destine()-->预定编码前,执行时间:10
2014-11-28 16:02:19,284 - Destine()-->预定编码完成,执行时间:415
2014-11-28 16:02:19,285 - Destine()-->航段,执行时间:0
2014-11-28 16:02:19,285 - Destine()-->航段,成人订单:0
2014-11-28 16:02:19,285 - Destine()-->航段,儿童订单:0
2014-11-28 16:02:19,286 - Destine()--保存到数据库,执行时间:0
