2014-11-18 11:46:46,566 - 091a7792-738f-4e47-a449-cffc081002c7
2014-11-18 11:46:47,189 - 091a7792-738f-4e47-a449-cffc081002c7
2014-11-18 11:46:47,572 - 091a7792-738f-4e47-a449-cffc081002c7
2014-11-18 11:46:48,183 - 091a7792-738f-4e47-a449-cffc081002c7
2014-11-18 11:46:49,088 - 091a7792-738f-4e47-a449-cffc081002c7
2014-11-18 11:46:49,742 - 091a7792-738f-4e47-a449-cffc081002c7
2014-11-18 11:47:02,067 - 091a7792-738f-4e47-a449-cffc081002c7
2014-11-18 11:47:56,901 - 091a7792-738f-4e47-a449-cffc081002c7
2014-11-18 11:47:59,209 - 091a7792-738f-4e47-a449-cffc081002c7
2014-11-18 11:48:33,063 - 091a7792-738f-4e47-a449-cffc081002c7
2014-11-18 11:48:33,376 - 091a7792-738f-4e47-a449-cffc081002c7
2014-11-18 11:48:33,677 - Destine()-->预定编码前,执行时间:12
2014-11-18 11:48:37,821 - Destine()-->预定编码完成,执行时间:4144
2014-11-18 11:48:37,825 - Destine()-->航段,执行时间:3
2014-11-18 11:48:39,243 - 今日获取政策开始时间：2014-11-18 11:48:39.243

2014-11-18 11:49:08,329 - 今日获取政策结束时间：2014-11-18 11:49:08.329

2014-11-18 11:49:09,427 - 重选政策用时:31541
2014-11-18 11:49:09,440 - Destine()-->航段,成人订单:31614
2014-11-18 11:49:09,440 - Destine()-->航段,儿童订单:0
2014-11-18 11:49:10,147 - Destine()--保存到数据库,执行时间:706
2014-11-18 11:54:12,204 - 9aabe7eb-92ba-4ef2-bf4d-df6ce782e906
2014-11-18 11:54:12,267 - 9aabe7eb-92ba-4ef2-bf4d-df6ce782e906
2014-11-18 11:54:12,555 - 9aabe7eb-92ba-4ef2-bf4d-df6ce782e906
2014-11-18 11:54:13,046 - 9aabe7eb-92ba-4ef2-bf4d-df6ce782e906
2014-11-18 11:54:13,819 - 9aabe7eb-92ba-4ef2-bf4d-df6ce782e906
2014-11-18 11:54:14,192 - 9aabe7eb-92ba-4ef2-bf4d-df6ce782e906
2014-11-18 11:54:17,209 - 9aabe7eb-92ba-4ef2-bf4d-df6ce782e906
2014-11-18 11:54:24,209 - 9aabe7eb-92ba-4ef2-bf4d-df6ce782e906
2014-11-18 11:54:28,578 - 9aabe7eb-92ba-4ef2-bf4d-df6ce782e906
2014-11-18 11:54:37,401 - 今日获取政策开始时间：2014-11-18 11:54:37.401

2014-11-18 14:04:01,514 - a3f5fdc6-a99f-40ec-aa73-5fe00c2ce961
2014-11-18 14:04:01,751 - a3f5fdc6-a99f-40ec-aa73-5fe00c2ce961
2014-11-18 14:04:02,546 - a3f5fdc6-a99f-40ec-aa73-5fe00c2ce961
2014-11-18 14:04:02,964 - a3f5fdc6-a99f-40ec-aa73-5fe00c2ce961
2014-11-18 14:04:03,245 - a3f5fdc6-a99f-40ec-aa73-5fe00c2ce961
2014-11-18 14:04:03,716 - a3f5fdc6-a99f-40ec-aa73-5fe00c2ce961
2014-11-18 14:04:05,786 - a3f5fdc6-a99f-40ec-aa73-5fe00c2ce961
2014-11-18 14:04:41,523 - a3f5fdc6-a99f-40ec-aa73-5fe00c2ce961
2014-11-18 14:06:20,101 - a3f5fdc6-a99f-40ec-aa73-5fe00c2ce961
2014-11-18 14:06:22,456 - a3f5fdc6-a99f-40ec-aa73-5fe00c2ce961
2014-11-18 14:06:26,512 - 今日获取政策开始时间：2014-11-18 14:06:26.512

2014-11-18 14:34:35,773 - 320acbc4-9f3a-470f-ba35-bf61234950c5
2014-11-18 14:34:35,994 - 320acbc4-9f3a-470f-ba35-bf61234950c5
2014-11-18 14:34:36,044 - 320acbc4-9f3a-470f-ba35-bf61234950c5
2014-11-18 14:34:37,472 - 320acbc4-9f3a-470f-ba35-bf61234950c5
2014-11-18 14:34:40,659 - 320acbc4-9f3a-470f-ba35-bf61234950c5
2014-11-18 14:34:41,799 - 320acbc4-9f3a-470f-ba35-bf61234950c5
2014-11-18 14:34:44,831 - 320acbc4-9f3a-470f-ba35-bf61234950c5
2014-11-18 14:34:54,243 - 320acbc4-9f3a-470f-ba35-bf61234950c5
2014-11-18 14:35:03,734 - 320acbc4-9f3a-470f-ba35-bf61234950c5
2014-11-18 14:35:17,476 - 320acbc4-9f3a-470f-ba35-bf61234950c5
2014-11-18 14:35:23,955 - 今日获取政策开始时间：2014-11-18 14:35:23.955

