2014-11-13 15:35:42,990 - c2b318f8-49fc-4206-bd33-a07142bd00f9
2014-11-13 15:35:43,268 - c2b318f8-49fc-4206-bd33-a07142bd00f9
2014-11-13 15:35:45,028 - c2b318f8-49fc-4206-bd33-a07142bd00f9
2014-11-13 15:35:45,168 - c2b318f8-49fc-4206-bd33-a07142bd00f9
2014-11-13 15:35:45,748 - c2b318f8-49fc-4206-bd33-a07142bd00f9
2014-11-13 15:35:46,319 - c2b318f8-49fc-4206-bd33-a07142bd00f9
2014-11-13 15:37:17,161 - c2b318f8-49fc-4206-bd33-a07142bd00f9
2014-11-13 15:37:56,311 - c2b318f8-49fc-4206-bd33-a07142bd00f9
2014-11-13 15:41:24,381 - bec3bb32-46c7-4e4f-b4d2-671e159d05f8
2014-11-13 15:41:24,447 - bec3bb32-46c7-4e4f-b4d2-671e159d05f8
2014-11-13 15:41:24,776 - bec3bb32-46c7-4e4f-b4d2-671e159d05f8
2014-11-13 15:41:25,400 - bec3bb32-46c7-4e4f-b4d2-671e159d05f8
2014-11-13 15:41:25,486 - bec3bb32-46c7-4e4f-b4d2-671e159d05f8
2014-11-13 15:41:26,295 - bec3bb32-46c7-4e4f-b4d2-671e159d05f8
2014-11-13 15:42:00,987 - bec3bb32-46c7-4e4f-b4d2-671e159d05f8
2014-11-13 15:42:54,301 - bec3bb32-46c7-4e4f-b4d2-671e159d05f8
2014-11-13 15:55:08,653 - 51776247-dfd3-4569-9cfd-26902bc06ca9
2014-11-13 15:55:08,941 - 51776247-dfd3-4569-9cfd-26902bc06ca9
2014-11-13 15:55:09,018 - 51776247-dfd3-4569-9cfd-26902bc06ca9
2014-11-13 15:55:10,161 - 51776247-dfd3-4569-9cfd-26902bc06ca9
2014-11-13 15:55:11,147 - 51776247-dfd3-4569-9cfd-26902bc06ca9
2014-11-13 15:55:11,994 - 51776247-dfd3-4569-9cfd-26902bc06ca9
2014-11-13 15:55:22,375 - 51776247-dfd3-4569-9cfd-26902bc06ca9
2014-11-13 15:59:26,642 - 51776247-dfd3-4569-9cfd-26902bc06ca9
2014-11-13 16:00:52,713 - 51776247-dfd3-4569-9cfd-26902bc06ca9
2014-11-13 16:01:17,556 - 51776247-dfd3-4569-9cfd-26902bc06ca9
2014-11-13 16:06:05,729 - 8d439830-17f9-4d1f-9f75-d4f130ac786b
2014-11-13 16:06:05,851 - 8d439830-17f9-4d1f-9f75-d4f130ac786b
2014-11-13 16:06:06,040 - 8d439830-17f9-4d1f-9f75-d4f130ac786b
2014-11-13 16:06:07,501 - 8d439830-17f9-4d1f-9f75-d4f130ac786b
2014-11-13 16:06:07,507 - 8d439830-17f9-4d1f-9f75-d4f130ac786b
2014-11-13 16:06:08,141 - 8d439830-17f9-4d1f-9f75-d4f130ac786b
2014-11-13 16:06:23,677 - 8d439830-17f9-4d1f-9f75-d4f130ac786b
2014-11-13 16:10:28,930 - 8d439830-17f9-4d1f-9f75-d4f130ac786b
2014-11-13 16:19:50,868 - 505c4d78-ac8b-4b19-bfe1-df3851b81c39
2014-11-13 16:19:50,876 - 505c4d78-ac8b-4b19-bfe1-df3851b81c39
2014-11-13 16:19:51,802 - 505c4d78-ac8b-4b19-bfe1-df3851b81c39
2014-11-13 16:19:52,108 - 505c4d78-ac8b-4b19-bfe1-df3851b81c39
2014-11-13 16:19:52,128 - 505c4d78-ac8b-4b19-bfe1-df3851b81c39
2014-11-13 16:19:52,739 - 505c4d78-ac8b-4b19-bfe1-df3851b81c39
2014-11-13 16:23:27,539 - 918f4b2d-9d6a-4b5c-bca7-bbeafc0e928e
2014-11-13 16:23:27,802 - 918f4b2d-9d6a-4b5c-bca7-bbeafc0e928e
2014-11-13 16:23:27,803 - 918f4b2d-9d6a-4b5c-bca7-bbeafc0e928e
2014-11-13 16:23:28,638 - 918f4b2d-9d6a-4b5c-bca7-bbeafc0e928e
2014-11-13 16:23:29,172 - 918f4b2d-9d6a-4b5c-bca7-bbeafc0e928e
2014-11-13 16:23:42,874 - 918f4b2d-9d6a-4b5c-bca7-bbeafc0e928e
2014-11-13 16:36:46,263 - 918f4b2d-9d6a-4b5c-bca7-bbeafc0e928e
2014-11-13 16:38:55,724 - 918f4b2d-9d6a-4b5c-bca7-bbeafc0e928e
2014-11-13 16:41:27,017 - 918f4b2d-9d6a-4b5c-bca7-bbeafc0e928e
2014-11-13 16:42:03,798 - 918f4b2d-9d6a-4b5c-bca7-bbeafc0e928e
2014-11-13 16:42:32,144 - 918f4b2d-9d6a-4b5c-bca7-bbeafc0e928e
2014-11-13 16:44:04,669 - 918f4b2d-9d6a-4b5c-bca7-bbeafc0e928e
2014-11-13 16:48:22,571 - 918f4b2d-9d6a-4b5c-bca7-bbeafc0e928e
2014-11-13 16:57:09,573 - 7f788997-f438-46bf-9e6c-d99a6355fcb3
2014-11-13 16:57:09,930 - 7f788997-f438-46bf-9e6c-d99a6355fcb3
2014-11-13 16:57:09,951 - 7f788997-f438-46bf-9e6c-d99a6355fcb3
2014-11-13 16:57:10,796 - 7f788997-f438-46bf-9e6c-d99a6355fcb3
2014-11-13 16:57:11,954 - 7f788997-f438-46bf-9e6c-d99a6355fcb3
2014-11-13 16:57:21,177 - 7f788997-f438-46bf-9e6c-d99a6355fcb3
2014-11-13 17:12:54,455 - 4527529c-7019-4b7f-8082-99d5936014ca
2014-11-13 17:12:54,477 - 4527529c-7019-4b7f-8082-99d5936014ca
2014-11-13 17:12:55,288 - 4527529c-7019-4b7f-8082-99d5936014ca
2014-11-13 17:12:55,552 - 4527529c-7019-4b7f-8082-99d5936014ca
2014-11-13 17:12:56,584 - 4527529c-7019-4b7f-8082-99d5936014ca
2014-11-13 17:12:56,775 - 4527529c-7019-4b7f-8082-99d5936014ca
2014-11-13 17:13:18,840 - 4527529c-7019-4b7f-8082-99d5936014ca
2014-11-13 17:32:01,097 - 74c7ea1f-d6b7-4455-8e27-21abc838ed23
2014-11-13 17:32:01,203 - 74c7ea1f-d6b7-4455-8e27-21abc838ed23
2014-11-13 17:32:01,234 - 74c7ea1f-d6b7-4455-8e27-21abc838ed23
2014-11-13 17:32:02,211 - 74c7ea1f-d6b7-4455-8e27-21abc838ed23
2014-11-13 17:32:03,093 - 74c7ea1f-d6b7-4455-8e27-21abc838ed23
2014-11-13 17:32:03,572 - 74c7ea1f-d6b7-4455-8e27-21abc838ed23
2014-11-13 17:32:24,861 - 74c7ea1f-d6b7-4455-8e27-21abc838ed23
2014-11-13 17:42:56,425 - 74c7ea1f-d6b7-4455-8e27-21abc838ed23
2014-11-13 17:43:26,424 - 74c7ea1f-d6b7-4455-8e27-21abc838ed23
2014-11-13 17:44:46,465 - 74c7ea1f-d6b7-4455-8e27-21abc838ed23
2014-11-13 17:45:24,532 - 74c7ea1f-d6b7-4455-8e27-21abc838ed23
2014-11-13 17:46:01,948 - 74c7ea1f-d6b7-4455-8e27-21abc838ed23
2014-11-13 17:47:01,008 - 74c7ea1f-d6b7-4455-8e27-21abc838ed23
2014-11-13 17:51:18,923 - b207cd83-81ad-4423-96d4-0ce1ec99b942
2014-11-13 17:51:19,096 - b207cd83-81ad-4423-96d4-0ce1ec99b942
2014-11-13 17:51:19,151 - b207cd83-81ad-4423-96d4-0ce1ec99b942
2014-11-13 17:51:19,800 - b207cd83-81ad-4423-96d4-0ce1ec99b942
2014-11-13 17:51:20,855 - b207cd83-81ad-4423-96d4-0ce1ec99b942
2014-11-13 17:51:22,152 - b207cd83-81ad-4423-96d4-0ce1ec99b942
2014-11-13 17:51:28,909 - b207cd83-81ad-4423-96d4-0ce1ec99b942
2014-11-13 18:04:10,243 - 2f4e2cc5-fba6-4061-9210-5b5886d7ef09
2014-11-13 18:04:10,271 - 2f4e2cc5-fba6-4061-9210-5b5886d7ef09
2014-11-13 18:04:10,413 - 2f4e2cc5-fba6-4061-9210-5b5886d7ef09
2014-11-13 18:04:10,996 - http://10.11.3.241:889/api/BusinessMan/GetUserInfo?code=0000005571&currentTime=20141113180410&partnerKey=D722137BB41D4713946B406F430317F3&signature=d4a22b964aac5ecec8b65b5cbdae10ed
2014-11-13 18:04:11,315 - 2f4e2cc5-fba6-4061-9210-5b5886d7ef09
2014-11-13 18:04:11,469 - 2f4e2cc5-fba6-4061-9210-5b5886d7ef09
2014-11-13 18:04:12,213 - 2f4e2cc5-fba6-4061-9210-5b5886d7ef09
2014-11-13 18:06:36,845 - 0b645559-a69b-48c6-ba50-8571a1fa6ee9
2014-11-13 18:06:37,884 - 0b645559-a69b-48c6-ba50-8571a1fa6ee9
2014-11-13 18:06:40,277 - 0b645559-a69b-48c6-ba50-8571a1fa6ee9
2014-11-13 18:06:40,771 - 0b645559-a69b-48c6-ba50-8571a1fa6ee9
2014-11-13 18:06:41,433 - 0b645559-a69b-48c6-ba50-8571a1fa6ee9
2014-11-13 18:06:44,239 - 0b645559-a69b-48c6-ba50-8571a1fa6ee9
2014-11-13 18:06:51,136 - 0b645559-a69b-48c6-ba50-8571a1fa6ee9
2014-11-13 18:10:48,529 - 2b9f8753-c999-44a3-9599-a463432b7765
2014-11-13 18:10:48,903 - 2b9f8753-c999-44a3-9599-a463432b7765
2014-11-13 18:10:50,099 - 2b9f8753-c999-44a3-9599-a463432b7765
2014-11-13 18:10:50,355 - 2b9f8753-c999-44a3-9599-a463432b7765
2014-11-13 18:10:53,085 - 2b9f8753-c999-44a3-9599-a463432b7765
2014-11-13 18:10:56,003 - 2b9f8753-c999-44a3-9599-a463432b7765
2014-11-13 18:11:02,275 - 2b9f8753-c999-44a3-9599-a463432b7765
2014-11-13 18:45:12,029 - ecdda004-a68f-491c-b56d-e9a613be0335
2014-11-13 18:45:12,099 - ecdda004-a68f-491c-b56d-e9a613be0335
2014-11-13 18:45:12,333 - ecdda004-a68f-491c-b56d-e9a613be0335
2014-11-13 18:45:12,902 - ecdda004-a68f-491c-b56d-e9a613be0335
2014-11-13 18:45:13,195 - ecdda004-a68f-491c-b56d-e9a613be0335
2014-11-13 18:45:13,766 - ecdda004-a68f-491c-b56d-e9a613be0335
2014-11-13 18:45:21,577 - ecdda004-a68f-491c-b56d-e9a613be0335
2014-11-13 18:53:58,050 - ecdda004-a68f-491c-b56d-e9a613be0335
2014-11-13 19:03:51,227 - f52dd215-b725-4c74-b5c1-4ae551ea64af
2014-11-13 19:03:52,273 - f52dd215-b725-4c74-b5c1-4ae551ea64af
2014-11-13 19:03:53,225 - f52dd215-b725-4c74-b5c1-4ae551ea64af
2014-11-13 19:03:53,815 - f52dd215-b725-4c74-b5c1-4ae551ea64af
2014-11-13 19:03:54,357 - f52dd215-b725-4c74-b5c1-4ae551ea64af
2014-11-13 19:03:54,506 - f52dd215-b725-4c74-b5c1-4ae551ea64af
2014-11-13 19:04:01,600 - f52dd215-b725-4c74-b5c1-4ae551ea64af
2014-11-13 19:04:28,186 - f52dd215-b725-4c74-b5c1-4ae551ea64af
2014-11-13 19:05:27,761 - f52dd215-b725-4c74-b5c1-4ae551ea64af
2014-11-13 19:06:37,968 - 305a6f26-ff85-4ae6-9616-f8b1c3976b6e
2014-11-13 19:06:38,180 - 305a6f26-ff85-4ae6-9616-f8b1c3976b6e
2014-11-13 19:06:38,225 - 305a6f26-ff85-4ae6-9616-f8b1c3976b6e
2014-11-13 19:06:39,030 - 305a6f26-ff85-4ae6-9616-f8b1c3976b6e
2014-11-13 19:06:39,584 - 305a6f26-ff85-4ae6-9616-f8b1c3976b6e
2014-11-13 19:06:40,001 - 305a6f26-ff85-4ae6-9616-f8b1c3976b6e
2014-11-13 19:06:51,208 - 305a6f26-ff85-4ae6-9616-f8b1c3976b6e
2014-11-13 19:07:13,683 - 305a6f26-ff85-4ae6-9616-f8b1c3976b6e
2014-11-13 19:07:16,909 - 305a6f26-ff85-4ae6-9616-f8b1c3976b6e
2014-11-13 19:07:26,796 - 305a6f26-ff85-4ae6-9616-f8b1c3976b6e
2014-11-13 19:07:26,891 - 305a6f26-ff85-4ae6-9616-f8b1c3976b6e
2014-11-13 19:07:26,961 - 305a6f26-ff85-4ae6-9616-f8b1c3976b6e
2014-11-13 19:07:27,030 - 305a6f26-ff85-4ae6-9616-f8b1c3976b6e
2014-11-13 19:07:27,965 - 305a6f26-ff85-4ae6-9616-f8b1c3976b6e
2014-11-13 19:07:29,146 - 305a6f26-ff85-4ae6-9616-f8b1c3976b6e
2014-11-13 19:07:29,249 - 305a6f26-ff85-4ae6-9616-f8b1c3976b6e
2014-11-13 19:08:28,491 - 305a6f26-ff85-4ae6-9616-f8b1c3976b6e
2014-11-13 19:08:28,704 - 305a6f26-ff85-4ae6-9616-f8b1c3976b6e
2014-11-13 19:08:30,793 - Destine()-->预定编码前,执行时间:24
2014-11-13 19:08:35,218 - Destine()-->预定编码完成,执行时间:4424
2014-11-13 19:08:35,221 - Destine()-->航段,执行时间:2
2014-11-13 19:10:58,523 - 票盟获取政策开始时间：2014-11-13 19:10:58.523

2014-11-13 19:11:43,100 - 票盟获取政策结束时间：2014-11-13 19:11:43.100

2014-11-13 19:15:30,965 - cdd1b7c5-5eb4-4ad5-8ec0-bf12d78ebcdb
2014-11-13 19:15:30,971 - cdd1b7c5-5eb4-4ad5-8ec0-bf12d78ebcdb
2014-11-13 19:15:31,155 - cdd1b7c5-5eb4-4ad5-8ec0-bf12d78ebcdb
2014-11-13 19:15:31,743 - cdd1b7c5-5eb4-4ad5-8ec0-bf12d78ebcdb
2014-11-13 19:15:32,710 - cdd1b7c5-5eb4-4ad5-8ec0-bf12d78ebcdb
2014-11-13 19:15:44,069 - cdd1b7c5-5eb4-4ad5-8ec0-bf12d78ebcdb
2014-11-13 19:15:56,051 - cdd1b7c5-5eb4-4ad5-8ec0-bf12d78ebcdb
2014-11-13 19:16:02,218 - cdd1b7c5-5eb4-4ad5-8ec0-bf12d78ebcdb
2014-11-13 19:16:02,348 - cdd1b7c5-5eb4-4ad5-8ec0-bf12d78ebcdb
2014-11-13 19:16:02,427 - cdd1b7c5-5eb4-4ad5-8ec0-bf12d78ebcdb
2014-11-13 19:16:02,500 - cdd1b7c5-5eb4-4ad5-8ec0-bf12d78ebcdb
2014-11-13 19:16:16,630 - cdd1b7c5-5eb4-4ad5-8ec0-bf12d78ebcdb
2014-11-13 19:16:17,107 - cdd1b7c5-5eb4-4ad5-8ec0-bf12d78ebcdb
2014-11-13 19:16:17,314 - Destine()-->预定编码前,执行时间:6
2014-11-13 19:16:22,236 - Destine()-->预定编码完成,执行时间:4921
2014-11-13 19:16:22,239 - Destine()-->航段,执行时间:2
2014-11-13 19:16:24,325 - 票盟获取政策开始时间：2014-11-13 19:16:24.325

2014-11-13 19:16:27,760 - 票盟获取政策结束时间：2014-11-13 19:16:27.760

2014-11-13 19:22:22,222 - 重选政策用时:359940
2014-11-13 19:22:22,246 - Destine()-->航段,成人订单:360007
2014-11-13 19:22:22,247 - Destine()-->航段,儿童订单:0
2014-11-13 19:22:22,785 - Destine()--保存到数据库,执行时间:538
2014-11-13 19:23:40,332 - cdd1b7c5-5eb4-4ad5-8ec0-bf12d78ebcdb
2014-11-13 19:23:48,507 - cdd1b7c5-5eb4-4ad5-8ec0-bf12d78ebcdb
2014-11-13 19:23:49,710 - 票盟获取政策开始时间：2014-11-13 19:23:49.710

2014-11-13 19:23:50,215 - 票盟获取政策结束时间：2014-11-13 19:23:50.215

2014-11-13 19:23:50,369 - 重选政策用时:1196
2014-11-13 19:23:58,486 - cdd1b7c5-5eb4-4ad5-8ec0-bf12d78ebcdb
2014-11-13 19:24:13,576 - cdd1b7c5-5eb4-4ad5-8ec0-bf12d78ebcdb
2014-11-13 19:24:14,524 - 票盟获取政策开始时间：2014-11-13 19:24:14.524

2014-11-13 19:24:14,854 - 票盟获取政策结束时间：2014-11-13 19:24:14.854

2014-11-13 19:31:45,860 - 5816aa0f-4c90-4a91-bc7a-fa64060c04b4
2014-11-13 19:31:45,861 - 5816aa0f-4c90-4a91-bc7a-fa64060c04b4
2014-11-13 19:31:46,872 - 5816aa0f-4c90-4a91-bc7a-fa64060c04b4
2014-11-13 19:31:47,127 - 5816aa0f-4c90-4a91-bc7a-fa64060c04b4
2014-11-13 19:31:47,263 - 5816aa0f-4c90-4a91-bc7a-fa64060c04b4
2014-11-13 19:31:48,186 - 5816aa0f-4c90-4a91-bc7a-fa64060c04b4
2014-11-13 19:31:55,617 - 5816aa0f-4c90-4a91-bc7a-fa64060c04b4
2014-11-13 19:32:06,261 - 5816aa0f-4c90-4a91-bc7a-fa64060c04b4
2014-11-13 19:32:08,882 - 5816aa0f-4c90-4a91-bc7a-fa64060c04b4
2014-11-13 19:32:16,181 - 5816aa0f-4c90-4a91-bc7a-fa64060c04b4
2014-11-13 19:32:16,269 - 5816aa0f-4c90-4a91-bc7a-fa64060c04b4
2014-11-13 19:32:16,340 - 5816aa0f-4c90-4a91-bc7a-fa64060c04b4
2014-11-13 19:32:16,413 - 5816aa0f-4c90-4a91-bc7a-fa64060c04b4
2014-11-13 19:32:31,965 - 5816aa0f-4c90-4a91-bc7a-fa64060c04b4
2014-11-13 19:32:32,143 - 5816aa0f-4c90-4a91-bc7a-fa64060c04b4
2014-11-13 19:32:32,345 - Destine()-->预定编码前,执行时间:7
2014-11-13 19:32:37,092 - Destine()-->预定编码完成,执行时间:4747
2014-11-13 19:32:37,094 - Destine()-->航段,执行时间:2
2014-11-13 19:32:39,317 - 票盟获取政策开始时间：2014-11-13 19:32:39.317

2014-11-13 19:32:39,889 - 票盟获取政策结束时间：2014-11-13 19:32:39.889

2014-11-13 19:32:47,581 - 重选政策用时:10458
2014-11-13 19:32:47,620 - Destine()-->航段,成人订单:10525
2014-11-13 19:32:47,620 - Destine()-->航段,儿童订单:0
2014-11-13 19:32:47,998 - Destine()--保存到数据库,执行时间:377
2014-11-13 19:33:34,722 - 5816aa0f-4c90-4a91-bc7a-fa64060c04b4
2014-11-13 19:37:22,429 - 5816aa0f-4c90-4a91-bc7a-fa64060c04b4
