2014-11-19 11:04:43,667 - 7202989c-bfbf-4ff9-820d-f486e2c5328f
2014-11-19 11:04:43,680 - 7202989c-bfbf-4ff9-820d-f486e2c5328f
2014-11-19 11:04:43,770 - 7202989c-bfbf-4ff9-820d-f486e2c5328f
2014-11-19 11:04:44,607 - 7202989c-bfbf-4ff9-820d-f486e2c5328f
2014-11-19 11:04:45,018 - 7202989c-bfbf-4ff9-820d-f486e2c5328f
2014-11-19 11:04:45,061 - 7202989c-bfbf-4ff9-820d-f486e2c5328f
2014-11-19 11:07:56,767 - 7202989c-bfbf-4ff9-820d-f486e2c5328f
2014-11-19 11:13:49,516 - aac14298-43b1-47ea-8039-1c8e135847dc
2014-11-19 11:13:49,645 - aac14298-43b1-47ea-8039-1c8e135847dc
2014-11-19 11:13:49,739 - aac14298-43b1-47ea-8039-1c8e135847dc
2014-11-19 11:13:49,769 - aac14298-43b1-47ea-8039-1c8e135847dc
2014-11-19 11:13:50,995 - aac14298-43b1-47ea-8039-1c8e135847dc
2014-11-19 11:13:51,309 - aac14298-43b1-47ea-8039-1c8e135847dc
2014-11-19 11:14:00,592 - aac14298-43b1-47ea-8039-1c8e135847dc
2014-11-19 11:26:52,066 - 1de9e53e-5b76-4062-a449-6216fdaea14c
2014-11-19 11:26:52,705 - 1de9e53e-5b76-4062-a449-6216fdaea14c
2014-11-19 11:26:53,672 - 1de9e53e-5b76-4062-a449-6216fdaea14c
2014-11-19 11:26:53,962 - 1de9e53e-5b76-4062-a449-6216fdaea14c
2014-11-19 11:26:54,871 - 1de9e53e-5b76-4062-a449-6216fdaea14c
2014-11-19 11:27:27,451 - 1de9e53e-5b76-4062-a449-6216fdaea14c
2014-11-19 11:27:45,326 - 1de9e53e-5b76-4062-a449-6216fdaea14c
2014-11-19 11:27:47,679 - 1de9e53e-5b76-4062-a449-6216fdaea14c
2014-11-19 11:27:55,926 - 1de9e53e-5b76-4062-a449-6216fdaea14c
2014-11-19 11:27:56,109 - 1de9e53e-5b76-4062-a449-6216fdaea14c
2014-11-19 11:27:56,705 - Destine()-->预定编码前,执行时间:38
2014-11-19 11:27:59,183 - Destine()-->预定编码完成,执行时间:2478
2014-11-19 11:27:59,186 - Destine()-->航段,执行时间:2
2014-11-19 11:27:59,601 - 今日获取政策开始时间：2014-11-19 11:27:59.601

2014-11-19 11:30:00,359 - 今日获取政策结束时间：2014-11-19 11:30:00.359

2014-11-19 11:30:01,328 - 重选政策用时:122133
2014-11-19 11:30:01,341 - Destine()-->航段,成人订单:122155
2014-11-19 11:30:01,342 - Destine()-->航段,儿童订单:0
2014-11-19 11:30:01,689 - Destine()--保存到数据库,执行时间:346
2014-11-19 11:30:39,101 - 1de9e53e-5b76-4062-a449-6216fdaea14c
2014-11-19 11:49:21,068 - 73bbbeea-7b0b-4203-9bd2-398a15353aa7
2014-11-19 11:49:21,263 - 73bbbeea-7b0b-4203-9bd2-398a15353aa7
2014-11-19 11:49:21,303 - 73bbbeea-7b0b-4203-9bd2-398a15353aa7
2014-11-19 11:49:21,836 - 73bbbeea-7b0b-4203-9bd2-398a15353aa7
2014-11-19 11:49:22,916 - 73bbbeea-7b0b-4203-9bd2-398a15353aa7
2014-11-19 11:49:23,100 - 73bbbeea-7b0b-4203-9bd2-398a15353aa7
2014-11-19 11:49:27,345 - 73bbbeea-7b0b-4203-9bd2-398a15353aa7
2014-11-19 11:49:30,908 - 73bbbeea-7b0b-4203-9bd2-398a15353aa7
2014-11-19 11:49:33,593 - 73bbbeea-7b0b-4203-9bd2-398a15353aa7
2014-11-19 11:49:36,427 - 今日获取政策开始时间：2014-11-19 11:49:36.427

2014-11-19 11:49:49,676 - 今日获取政策结束时间：2014-11-19 11:49:49.676

2014-11-19 11:49:51,560 - 重选政策用时:17181
2014-11-19 11:49:55,437 - 73bbbeea-7b0b-4203-9bd2-398a15353aa7
2014-11-19 11:51:16,339 - 73bbbeea-7b0b-4203-9bd2-398a15353aa7
2014-11-19 11:51:16,479 - http://10.11.3.241:889/api/Bank/GetBankList?code=0000005390&currentTime=20141119115116&partnerKey=D722137BB41D4713946B406F430317F3&signature=f51e6fc4609cae0f82d7fd4ff1f07d16
