2014-11-20 17:07:18,387 - e413d7c8-db18-4ac0-8b16-b2e48729bade
2014-11-20 17:07:18,753 - e413d7c8-db18-4ac0-8b16-b2e48729bade
2014-11-20 17:11:11,702 - b3817468-2eff-4606-9644-c1f3d9e9e681
2014-11-20 17:11:11,702 - b3817468-2eff-4606-9644-c1f3d9e9e681
2014-11-20 17:11:11,707 - b3817468-2eff-4606-9644-c1f3d9e9e681
2014-11-20 17:11:13,211 - b3817468-2eff-4606-9644-c1f3d9e9e681
2014-11-20 17:11:13,575 - b3817468-2eff-4606-9644-c1f3d9e9e681
2014-11-20 17:11:26,791 - b3817468-2eff-4606-9644-c1f3d9e9e681
2014-11-20 17:12:59,161 - b3817468-2eff-4606-9644-c1f3d9e9e681
2014-11-20 17:17:29,877 - b3817468-2eff-4606-9644-c1f3d9e9e681
2014-11-20 17:33:15,638 - 8af2c6bf-857a-4fe2-89b2-35276c55ddf9
2014-11-20 17:33:16,017 - 8af2c6bf-857a-4fe2-89b2-35276c55ddf9
2014-11-20 17:33:16,028 - 8af2c6bf-857a-4fe2-89b2-35276c55ddf9
2014-11-20 17:33:17,052 - 8af2c6bf-857a-4fe2-89b2-35276c55ddf9
2014-11-20 17:33:23,123 - 8af2c6bf-857a-4fe2-89b2-35276c55ddf9
2014-11-20 17:33:30,329 - 8af2c6bf-857a-4fe2-89b2-35276c55ddf9
2014-11-20 17:35:07,196 - 8af2c6bf-857a-4fe2-89b2-35276c55ddf9
2014-11-20 17:37:49,854 - 8af2c6bf-857a-4fe2-89b2-35276c55ddf9
2014-11-20 17:43:31,716 - 8af2c6bf-857a-4fe2-89b2-35276c55ddf9
2014-11-20 17:43:38,222 - 8af2c6bf-857a-4fe2-89b2-35276c55ddf9
2014-11-20 17:43:48,641 - 8af2c6bf-857a-4fe2-89b2-35276c55ddf9
2014-11-20 17:43:49,110 - 8af2c6bf-857a-4fe2-89b2-35276c55ddf9
2014-11-20 17:43:50,084 - Destine()-->预定编码前,执行时间:5
2014-11-20 17:43:58,201 - Destine()-->预定编码完成,执行时间:8116
2014-11-20 17:43:58,214 - Destine()-->航段,执行时间:12
2014-11-20 17:44:06,758 - 重选政策用时:8488
2014-11-20 17:44:06,788 - Destine()-->航段,成人订单:8574
2014-11-20 17:44:06,788 - Destine()-->航段,儿童订单:0
2014-11-20 17:44:07,996 - Destine()--保存到数据库,执行时间:1207
2014-11-20 17:45:25,701 - 8af2c6bf-857a-4fe2-89b2-35276c55ddf9
2014-11-20 17:45:31,285 - 8af2c6bf-857a-4fe2-89b2-35276c55ddf9
2014-11-20 17:46:07,350 - 重选政策用时:35650
2014-11-20 17:46:19,541 - 8af2c6bf-857a-4fe2-89b2-35276c55ddf9
2014-11-20 17:46:46,765 - 8af2c6bf-857a-4fe2-89b2-35276c55ddf9
2014-11-20 17:47:04,966 - 重选政策用时:17478
2014-11-20 17:48:11,264 - 8af2c6bf-857a-4fe2-89b2-35276c55ddf9
2014-11-20 17:48:13,908 - 8af2c6bf-857a-4fe2-89b2-35276c55ddf9
2014-11-20 17:48:14,056 - http://10.11.3.241:889/api/Bank/GetBankList?code=0000000010&currentTime=20141120174813&partnerKey=D722137BB41D4713946B406F430317F3&signature=6b28f60900975c71855190a796ef7b9d
2014-11-20 17:48:22,891 - 8af2c6bf-857a-4fe2-89b2-35276c55ddf9
2014-11-20 17:48:23,124 - 8af2c6bf-857a-4fe2-89b2-35276c55ddf9
2014-11-20 17:48:23,128 - 8af2c6bf-857a-4fe2-89b2-35276c55ddf9
2014-11-20 17:48:23,231 - http://10.11.3.241:889/api/BusinessMan/GetUserInfo?code=0000000010&currentTime=20141120174823&partnerKey=D722137BB41D4713946B406F430317F3&signature=b357f5170cb4455f42d484e930f3c56a
2014-11-20 17:48:28,067 - 8af2c6bf-857a-4fe2-89b2-35276c55ddf9
2014-11-20 17:49:08,046 - 8af2c6bf-857a-4fe2-89b2-35276c55ddf9
2014-11-20 17:51:34,197 - 8af2c6bf-857a-4fe2-89b2-35276c55ddf9
2014-11-20 17:51:36,285 - 8af2c6bf-857a-4fe2-89b2-35276c55ddf9
2014-11-20 17:51:40,824 - 8af2c6bf-857a-4fe2-89b2-35276c55ddf9
2014-11-20 17:51:40,950 - 8af2c6bf-857a-4fe2-89b2-35276c55ddf9
2014-11-20 17:51:41,044 - Destine()-->预定编码前,执行时间:2
2014-11-20 17:51:44,203 - Destine()-->预定编码完成,执行时间:3159
2014-11-20 17:51:44,203 - Destine()-->航段,执行时间:0
2014-11-20 18:04:26,824 - 32ca4994-972a-4025-a20f-469761cd6f5c
2014-11-20 18:04:27,033 - 32ca4994-972a-4025-a20f-469761cd6f5c
2014-11-20 18:04:27,107 - 32ca4994-972a-4025-a20f-469761cd6f5c
2014-11-20 18:04:27,457 - 32ca4994-972a-4025-a20f-469761cd6f5c
2014-11-20 18:04:28,142 - 32ca4994-972a-4025-a20f-469761cd6f5c
2014-11-20 18:04:41,425 - 32ca4994-972a-4025-a20f-469761cd6f5c
2014-11-20 18:06:09,069 - 32ca4994-972a-4025-a20f-469761cd6f5c
2014-11-20 18:09:48,077 - 32ca4994-972a-4025-a20f-469761cd6f5c
2014-11-20 18:10:09,362 - 32ca4994-972a-4025-a20f-469761cd6f5c
2014-11-20 18:10:25,720 - 32ca4994-972a-4025-a20f-469761cd6f5c
2014-11-20 18:10:29,790 - 32ca4994-972a-4025-a20f-469761cd6f5c
2014-11-20 18:10:33,264 - 32ca4994-972a-4025-a20f-469761cd6f5c
2014-11-20 18:10:34,541 - 32ca4994-972a-4025-a20f-469761cd6f5c
2014-11-20 18:10:34,847 - Destine()-->预定编码前,执行时间:51
2014-11-20 18:10:44,480 - Destine()-->预定编码完成,执行时间:9633
2014-11-20 18:10:44,483 - Destine()-->航段,执行时间:2
2014-11-20 18:11:19,466 - 重选政策用时:34903
2014-11-20 18:11:19,495 - Destine()-->航段,成人订单:35011
2014-11-20 18:11:19,495 - Destine()-->航段,儿童订单:0
2014-11-20 18:11:21,218 - Destine()--保存到数据库,执行时间:1721
2014-11-20 18:11:32,909 - 32ca4994-972a-4025-a20f-469761cd6f5c
2014-11-20 18:11:37,156 - 32ca4994-972a-4025-a20f-469761cd6f5c
2014-11-20 18:11:37,369 - http://10.11.3.241:889/api/Bank/GetBankList?code=0000000010&currentTime=20141120181137&partnerKey=D722137BB41D4713946B406F430317F3&signature=124d25fdd318405a10d1450193e7a46e
2014-11-20 18:11:45,343 - 32ca4994-972a-4025-a20f-469761cd6f5c
2014-11-20 18:11:45,671 - 32ca4994-972a-4025-a20f-469761cd6f5c
2014-11-20 18:11:46,474 - 32ca4994-972a-4025-a20f-469761cd6f5c
2014-11-20 18:11:46,517 - http://10.11.3.241:889/api/BusinessMan/GetUserInfo?code=0000000010&currentTime=20141120181146&partnerKey=D722137BB41D4713946B406F430317F3&signature=81f2f7d9370f8bbd213da86ffea6ae3f
2014-11-20 18:11:54,303 - 32ca4994-972a-4025-a20f-469761cd6f5c
2014-11-20 18:12:14,541 - 32ca4994-972a-4025-a20f-469761cd6f5c
2014-11-20 18:12:24,204 - 32ca4994-972a-4025-a20f-469761cd6f5c
2014-11-20 18:12:42,164 - 32ca4994-972a-4025-a20f-469761cd6f5c
2014-11-20 18:13:03,470 - 重选政策用时:21131
2014-11-20 18:13:25,666 - 32ca4994-972a-4025-a20f-469761cd6f5c
2014-11-20 18:13:28,162 - 32ca4994-972a-4025-a20f-469761cd6f5c
2014-11-20 18:13:28,175 - 32ca4994-972a-4025-a20f-469761cd6f5c
2014-11-20 18:13:28,177 - http://10.11.3.241:889/api/BusinessMan/GetUserInfo?code=0000000010&currentTime=20141120181328&partnerKey=D722137BB41D4713946B406F430317F3&signature=83eb10f83aec71d4bb044736f4d5e03f
2014-11-20 18:13:28,188 - 32ca4994-972a-4025-a20f-469761cd6f5c
2014-11-20 18:13:31,230 - 32ca4994-972a-4025-a20f-469761cd6f5c
