2014-11-04 14:22:31,698 - 24573760-6af5-4434-a42a-93c1ee8392df
2014-11-04 14:22:31,836 - 24573760-6af5-4434-a42a-93c1ee8392df
2014-11-04 14:22:31,903 - 24573760-6af5-4434-a42a-93c1ee8392df
2014-11-04 14:22:32,424 - 24573760-6af5-4434-a42a-93c1ee8392df
2014-11-04 14:22:34,640 - 24573760-6af5-4434-a42a-93c1ee8392df
2014-11-04 14:22:34,761 - 24573760-6af5-4434-a42a-93c1ee8392df
2014-11-04 14:22:48,525 - 24573760-6af5-4434-a42a-93c1ee8392df
2014-11-04 14:23:13,222 - 24573760-6af5-4434-a42a-93c1ee8392df
2014-11-04 14:23:15,586 - 24573760-6af5-4434-a42a-93c1ee8392df
2014-11-04 14:23:22,080 - 24573760-6af5-4434-a42a-93c1ee8392df
2014-11-04 14:23:22,266 - 24573760-6af5-4434-a42a-93c1ee8392df
2014-11-04 14:23:22,425 - Destine()-->预定编码前,执行时间:12
2014-11-04 14:23:28,638 - Destine()-->预定编码完成,执行时间:6211
2014-11-04 14:23:28,641 - Destine()-->航段,执行时间:2
2014-11-04 14:23:29,197 - 517开始时间：2014-11-04 14:23:29.196

2014-11-04 14:23:40,621 - 517结束时间：2014-11-04 14:23:40.621

2014-11-04 14:23:40,694 - 重选政策用时:12044
2014-11-04 14:23:40,711 - Destine()-->航段,成人订单:12069
2014-11-04 14:23:40,711 - Destine()-->航段,儿童订单:0
2014-11-04 14:23:41,888 - Destine()--保存到数据库,执行时间:1176
2014-11-04 14:23:51,147 - 24573760-6af5-4434-a42a-93c1ee8392df
