2014-11-03 09:59:09,024 - b371119a-068b-4922-bd76-f5895371f456
2014-11-03 09:59:09,140 - b371119a-068b-4922-bd76-f5895371f456
2014-11-03 09:59:09,272 - b371119a-068b-4922-bd76-f5895371f456
2014-11-03 09:59:10,003 - b371119a-068b-4922-bd76-f5895371f456
2014-11-03 09:59:10,326 - b371119a-068b-4922-bd76-f5895371f456
2014-11-03 09:59:10,491 - b371119a-068b-4922-bd76-f5895371f456
2014-11-03 10:00:05,091 - b371119a-068b-4922-bd76-f5895371f456
2014-11-03 10:00:12,319 - b371119a-068b-4922-bd76-f5895371f456
2014-11-03 10:00:15,640 - b371119a-068b-4922-bd76-f5895371f456
2014-11-03 10:00:22,523 - b371119a-068b-4922-bd76-f5895371f456
2014-11-03 10:00:22,689 - b371119a-068b-4922-bd76-f5895371f456
2014-11-03 10:00:22,822 - Destine()-->预定编码前,执行时间:5
2014-11-03 10:05:39,243 - 18f49e95-34f9-4b4d-a3f0-72c534618e40
2014-11-03 10:05:39,287 - 18f49e95-34f9-4b4d-a3f0-72c534618e40
2014-11-03 10:05:39,828 - 18f49e95-34f9-4b4d-a3f0-72c534618e40
2014-11-03 10:05:40,730 - 18f49e95-34f9-4b4d-a3f0-72c534618e40
2014-11-03 10:05:40,828 - 18f49e95-34f9-4b4d-a3f0-72c534618e40
2014-11-03 10:05:41,121 - 18f49e95-34f9-4b4d-a3f0-72c534618e40
2014-11-03 10:05:52,606 - 18f49e95-34f9-4b4d-a3f0-72c534618e40
2014-11-03 10:05:58,030 - 18f49e95-34f9-4b4d-a3f0-72c534618e40
2014-11-03 10:05:59,267 - 18f49e95-34f9-4b4d-a3f0-72c534618e40
2014-11-03 10:06:07,711 - 18f49e95-34f9-4b4d-a3f0-72c534618e40
2014-11-03 10:06:07,825 - 18f49e95-34f9-4b4d-a3f0-72c534618e40
2014-11-03 10:06:07,968 - Destine()-->预定编码前,执行时间:8
2014-11-03 10:07:31,549 - Destine()-->预定编码完成,执行时间:82590
2014-11-03 10:07:32,768 - Destine()-->航段,执行时间:2
2014-11-03 10:09:18,451 - 重选政策用时:38214
2014-11-03 10:09:18,547 - Destine()-->航段,成人订单:105778
2014-11-03 10:09:18,547 - Destine()-->航段,儿童订单:0
2014-11-03 10:09:19,496 - Destine()--保存到数据库,执行时间:948
2014-11-03 10:31:50,972 - cc274ff3-b23c-45d7-a72d-eb8fae239a41
2014-11-03 10:31:51,015 - cc274ff3-b23c-45d7-a72d-eb8fae239a41
2014-11-03 10:31:51,465 - cc274ff3-b23c-45d7-a72d-eb8fae239a41
2014-11-03 10:31:51,562 - cc274ff3-b23c-45d7-a72d-eb8fae239a41
2014-11-03 10:31:52,044 - cc274ff3-b23c-45d7-a72d-eb8fae239a41
2014-11-03 10:31:52,236 - cc274ff3-b23c-45d7-a72d-eb8fae239a41
2014-11-03 10:32:02,208 - cc274ff3-b23c-45d7-a72d-eb8fae239a41
2014-11-03 10:32:38,406 - cc274ff3-b23c-45d7-a72d-eb8fae239a41
2014-11-03 10:32:39,857 - cc274ff3-b23c-45d7-a72d-eb8fae239a41
2014-11-03 10:32:46,688 - cc274ff3-b23c-45d7-a72d-eb8fae239a41
2014-11-03 10:32:47,203 - cc274ff3-b23c-45d7-a72d-eb8fae239a41
2014-11-03 10:33:20,286 - Destine()-->预定编码前,执行时间:42
2014-11-03 10:33:27,708 - Destine()-->预定编码完成,执行时间:7422
2014-11-03 10:33:27,710 - Destine()-->航段,执行时间:2
2014-11-03 10:35:59,317 - de5b2301-7b48-4ae2-beb3-4f83c7046a39
2014-11-03 10:35:59,427 - de5b2301-7b48-4ae2-beb3-4f83c7046a39
2014-11-03 10:35:59,744 - de5b2301-7b48-4ae2-beb3-4f83c7046a39
2014-11-03 10:36:00,188 - de5b2301-7b48-4ae2-beb3-4f83c7046a39
2014-11-03 10:36:00,415 - de5b2301-7b48-4ae2-beb3-4f83c7046a39
2014-11-03 10:36:00,771 - de5b2301-7b48-4ae2-beb3-4f83c7046a39
2014-11-03 10:36:11,654 - de5b2301-7b48-4ae2-beb3-4f83c7046a39
2014-11-03 10:36:42,723 - de5b2301-7b48-4ae2-beb3-4f83c7046a39
2014-11-03 10:36:44,651 - de5b2301-7b48-4ae2-beb3-4f83c7046a39
2014-11-03 10:36:50,338 - de5b2301-7b48-4ae2-beb3-4f83c7046a39
2014-11-03 10:36:50,465 - de5b2301-7b48-4ae2-beb3-4f83c7046a39
2014-11-03 10:36:53,013 - Destine()-->预定编码前,执行时间:17
2014-11-03 10:36:59,347 - Destine()-->预定编码完成,执行时间:6333
2014-11-03 10:36:59,350 - Destine()-->航段,执行时间:2
2014-11-03 10:37:00,987 - 重选政策用时:1534
2014-11-03 10:37:01,055 - Destine()-->航段,成人订单:1705
2014-11-03 10:37:01,056 - Destine()-->航段,儿童订单:0
2014-11-03 10:37:01,528 - Destine()--保存到数据库,执行时间:471
2014-11-03 11:01:13,285 - 67ea687c-0ba6-4b01-a7c7-8ff7c59a48d5
2014-11-03 11:01:13,788 - 67ea687c-0ba6-4b01-a7c7-8ff7c59a48d5
2014-11-03 11:01:13,893 - 67ea687c-0ba6-4b01-a7c7-8ff7c59a48d5
2014-11-03 11:01:14,230 - 67ea687c-0ba6-4b01-a7c7-8ff7c59a48d5
2014-11-03 11:01:14,367 - 67ea687c-0ba6-4b01-a7c7-8ff7c59a48d5
2014-11-03 11:01:14,643 - 67ea687c-0ba6-4b01-a7c7-8ff7c59a48d5
2014-11-03 11:01:34,534 - 67ea687c-0ba6-4b01-a7c7-8ff7c59a48d5
2014-11-03 11:01:59,061 - 67ea687c-0ba6-4b01-a7c7-8ff7c59a48d5
2014-11-03 11:03:16,271 - 67ea687c-0ba6-4b01-a7c7-8ff7c59a48d5
2014-11-03 11:05:50,877 - 67ea687c-0ba6-4b01-a7c7-8ff7c59a48d5
2014-11-03 11:07:10,095 - 67ea687c-0ba6-4b01-a7c7-8ff7c59a48d5
2014-11-03 11:07:19,665 - 67ea687c-0ba6-4b01-a7c7-8ff7c59a48d5
2014-11-03 11:07:59,008 - 67ea687c-0ba6-4b01-a7c7-8ff7c59a48d5
2014-11-03 11:08:03,538 - 67ea687c-0ba6-4b01-a7c7-8ff7c59a48d5
2014-11-03 11:08:17,346 - 67ea687c-0ba6-4b01-a7c7-8ff7c59a48d5
2014-11-03 11:08:17,509 - 67ea687c-0ba6-4b01-a7c7-8ff7c59a48d5
2014-11-03 11:11:24,277 - Destine()-->预定编码前,执行时间:28
2014-11-03 14:31:09,318 - 6b5b303b-348e-4d44-9c3c-c789ff6a9e5a
2014-11-03 14:31:09,566 - 6b5b303b-348e-4d44-9c3c-c789ff6a9e5a
2014-11-03 14:31:09,600 - 6b5b303b-348e-4d44-9c3c-c789ff6a9e5a
2014-11-03 14:31:09,936 - 6b5b303b-348e-4d44-9c3c-c789ff6a9e5a
2014-11-03 14:31:10,877 - 6b5b303b-348e-4d44-9c3c-c789ff6a9e5a
2014-11-03 14:31:11,111 - 6b5b303b-348e-4d44-9c3c-c789ff6a9e5a
2014-11-03 14:31:21,893 - 6b5b303b-348e-4d44-9c3c-c789ff6a9e5a
2014-11-03 14:31:45,643 - 6b5b303b-348e-4d44-9c3c-c789ff6a9e5a
2014-11-03 14:32:33,229 - 6b5b303b-348e-4d44-9c3c-c789ff6a9e5a
2014-11-03 14:34:18,897 - c74d8f13-4db5-42ab-8e52-36b727d7831b
2014-11-03 14:34:19,041 - c74d8f13-4db5-42ab-8e52-36b727d7831b
2014-11-03 14:34:19,161 - c74d8f13-4db5-42ab-8e52-36b727d7831b
2014-11-03 14:34:20,214 - c74d8f13-4db5-42ab-8e52-36b727d7831b
2014-11-03 14:34:20,857 - c74d8f13-4db5-42ab-8e52-36b727d7831b
2014-11-03 14:34:21,108 - c74d8f13-4db5-42ab-8e52-36b727d7831b
2014-11-03 14:34:31,728 - c74d8f13-4db5-42ab-8e52-36b727d7831b
2014-11-03 14:46:49,117 - c74d8f13-4db5-42ab-8e52-36b727d7831b
2014-11-03 14:48:25,759 - c74d8f13-4db5-42ab-8e52-36b727d7831b
2014-11-03 14:50:04,797 - 2110a19d-c6c2-486b-b6ee-d5a429ccfc10
2014-11-03 14:50:04,827 - 2110a19d-c6c2-486b-b6ee-d5a429ccfc10
2014-11-03 14:50:05,163 - 2110a19d-c6c2-486b-b6ee-d5a429ccfc10
2014-11-03 14:50:05,371 - 2110a19d-c6c2-486b-b6ee-d5a429ccfc10
2014-11-03 14:50:05,944 - 2110a19d-c6c2-486b-b6ee-d5a429ccfc10
2014-11-03 14:50:06,091 - 2110a19d-c6c2-486b-b6ee-d5a429ccfc10
2014-11-03 14:50:37,433 - 2110a19d-c6c2-486b-b6ee-d5a429ccfc10
2014-11-03 14:51:15,298 - 2110a19d-c6c2-486b-b6ee-d5a429ccfc10
2014-11-03 14:56:25,957 - 2110a19d-c6c2-486b-b6ee-d5a429ccfc10
2014-11-03 14:57:57,131 - 2110a19d-c6c2-486b-b6ee-d5a429ccfc10
2014-11-03 14:58:53,113 - 2110a19d-c6c2-486b-b6ee-d5a429ccfc10
2014-11-03 14:59:37,739 - 2110a19d-c6c2-486b-b6ee-d5a429ccfc10
2014-11-03 15:00:24,248 - 2110a19d-c6c2-486b-b6ee-d5a429ccfc10
2014-11-03 15:01:42,138 - 2110a19d-c6c2-486b-b6ee-d5a429ccfc10
2014-11-03 15:04:41,403 - 2110a19d-c6c2-486b-b6ee-d5a429ccfc10
2014-11-03 15:06:24,321 - 2110a19d-c6c2-486b-b6ee-d5a429ccfc10
2014-11-03 15:07:03,292 - 2110a19d-c6c2-486b-b6ee-d5a429ccfc10
2014-11-03 15:07:11,878 - 2110a19d-c6c2-486b-b6ee-d5a429ccfc10
2014-11-03 15:07:12,092 - 2110a19d-c6c2-486b-b6ee-d5a429ccfc10
2014-11-03 15:07:12,282 - Destine()-->预定编码前,执行时间:5
2014-11-03 15:08:57,216 - Destine()-->预定编码完成,执行时间:104933
2014-11-03 15:08:57,219 - Destine()-->航段,执行时间:2
2014-11-03 15:09:48,935 - 重选政策用时:1796
2014-11-03 15:09:48,947 - Destine()-->航段,成人订单:51728
2014-11-03 15:09:48,948 - Destine()-->航段,儿童订单:0
2014-11-03 15:09:49,874 - Destine()--保存到数据库,执行时间:926
2014-11-03 15:23:25,297 - 942d08cc-5b06-4732-98e2-1a26ba06e233
2014-11-03 15:23:25,447 - 942d08cc-5b06-4732-98e2-1a26ba06e233
2014-11-03 15:23:26,446 - 942d08cc-5b06-4732-98e2-1a26ba06e233
2014-11-03 15:23:26,665 - 942d08cc-5b06-4732-98e2-1a26ba06e233
2014-11-03 15:23:27,094 - 942d08cc-5b06-4732-98e2-1a26ba06e233
2014-11-03 15:23:44,429 - 942d08cc-5b06-4732-98e2-1a26ba06e233
2014-11-03 15:24:11,469 - 942d08cc-5b06-4732-98e2-1a26ba06e233
2014-11-03 15:24:17,087 - 942d08cc-5b06-4732-98e2-1a26ba06e233
2014-11-03 15:24:23,161 - 942d08cc-5b06-4732-98e2-1a26ba06e233
2014-11-03 15:24:23,319 - 942d08cc-5b06-4732-98e2-1a26ba06e233
2014-11-03 15:24:23,464 - Destine()-->预定编码前,执行时间:5
2014-11-03 15:25:21,643 - Destine()-->预定编码完成,执行时间:58179
2014-11-03 15:25:21,646 - Destine()-->航段,执行时间:2
2014-11-03 15:25:33,983 - 重选政策用时:765
2014-11-03 15:25:33,995 - Destine()-->航段,成人订单:12349
2014-11-03 15:25:33,995 - Destine()-->航段,儿童订单:0
2014-11-03 15:25:34,483 - Destine()--保存到数据库,执行时间:487
2014-11-03 15:26:15,319 - 942d08cc-5b06-4732-98e2-1a26ba06e233
2014-11-03 15:26:38,202 - 942d08cc-5b06-4732-98e2-1a26ba06e233
2014-11-03 15:26:40,260 - 942d08cc-5b06-4732-98e2-1a26ba06e233
2014-11-03 15:26:58,419 - 942d08cc-5b06-4732-98e2-1a26ba06e233
2014-11-03 15:26:58,580 - 942d08cc-5b06-4732-98e2-1a26ba06e233
2014-11-03 15:26:59,614 - Destine()-->预定编码前,执行时间:14
2014-11-03 15:29:11,928 - 942d08cc-5b06-4732-98e2-1a26ba06e233
2014-11-03 15:29:12,011 - 942d08cc-5b06-4732-98e2-1a26ba06e233
2014-11-03 15:29:12,078 - 942d08cc-5b06-4732-98e2-1a26ba06e233
2014-11-03 15:29:12,148 - 942d08cc-5b06-4732-98e2-1a26ba06e233
2014-11-03 15:29:19,011 - 942d08cc-5b06-4732-98e2-1a26ba06e233
2014-11-03 15:29:19,126 - 942d08cc-5b06-4732-98e2-1a26ba06e233
2014-11-03 15:29:19,228 - Destine()-->预定编码前,执行时间:2
2014-11-03 15:32:56,752 - e276cace-4ced-4f80-9f1e-510e56e2dbda
2014-11-03 15:32:56,752 - e276cace-4ced-4f80-9f1e-510e56e2dbda
2014-11-03 15:32:57,858 - e276cace-4ced-4f80-9f1e-510e56e2dbda
2014-11-03 15:32:58,432 - e276cace-4ced-4f80-9f1e-510e56e2dbda
2014-11-03 15:32:58,836 - e276cace-4ced-4f80-9f1e-510e56e2dbda
2014-11-03 15:32:59,028 - e276cace-4ced-4f80-9f1e-510e56e2dbda
2014-11-03 15:33:14,808 - e276cace-4ced-4f80-9f1e-510e56e2dbda
2014-11-03 15:34:40,501 - e276cace-4ced-4f80-9f1e-510e56e2dbda
2014-11-03 15:35:10,276 - e276cace-4ced-4f80-9f1e-510e56e2dbda
2014-11-03 15:37:26,091 - e276cace-4ced-4f80-9f1e-510e56e2dbda
2014-11-03 15:37:54,059 - e276cace-4ced-4f80-9f1e-510e56e2dbda
2014-11-03 15:38:10,535 - e276cace-4ced-4f80-9f1e-510e56e2dbda
2014-11-03 15:38:13,343 - e276cace-4ced-4f80-9f1e-510e56e2dbda
2014-11-03 15:38:23,769 - e276cace-4ced-4f80-9f1e-510e56e2dbda
2014-11-03 15:38:23,841 - e276cace-4ced-4f80-9f1e-510e56e2dbda
2014-11-03 15:38:23,903 - e276cace-4ced-4f80-9f1e-510e56e2dbda
2014-11-03 15:38:23,966 - e276cace-4ced-4f80-9f1e-510e56e2dbda
2014-11-03 15:38:28,585 - e276cace-4ced-4f80-9f1e-510e56e2dbda
2014-11-03 15:38:28,730 - e276cace-4ced-4f80-9f1e-510e56e2dbda
2014-11-03 15:38:28,882 - Destine()-->预定编码前,执行时间:7
2014-11-03 15:38:53,216 - Destine()-->预定编码完成,执行时间:24333
2014-11-03 15:38:53,218 - Destine()-->航段,执行时间:2
2014-11-03 15:39:41,807 - 重选政策用时:25500
2014-11-03 15:39:41,823 - Destine()-->航段,成人订单:48605
2014-11-03 15:39:41,823 - Destine()-->航段,儿童订单:0
2014-11-03 15:39:42,666 - Destine()--保存到数据库,执行时间:842
2014-11-03 15:41:27,712 - e276cace-4ced-4f80-9f1e-510e56e2dbda
2014-11-03 15:41:39,997 - e276cace-4ced-4f80-9f1e-510e56e2dbda
2014-11-03 15:42:16,166 - e276cace-4ced-4f80-9f1e-510e56e2dbda
2014-11-03 15:42:17,602 - e276cace-4ced-4f80-9f1e-510e56e2dbda
2014-11-03 15:42:24,265 - e276cace-4ced-4f80-9f1e-510e56e2dbda
2014-11-03 15:42:24,363 - e276cace-4ced-4f80-9f1e-510e56e2dbda
2014-11-03 15:42:24,450 - Destine()-->预定编码前,执行时间:2
2014-11-03 15:42:38,433 - Destine()-->预定编码完成,执行时间:13984
2014-11-03 15:42:38,434 - Destine()-->航段,执行时间:0
2014-11-03 15:53:18,992 - 5268e8c8-a3a5-4e90-b0f0-dc1627329688
2014-11-03 15:53:19,516 - 5268e8c8-a3a5-4e90-b0f0-dc1627329688
2014-11-03 15:53:19,768 - 5268e8c8-a3a5-4e90-b0f0-dc1627329688
2014-11-03 15:53:20,056 - 5268e8c8-a3a5-4e90-b0f0-dc1627329688
2014-11-03 15:53:20,136 - 5268e8c8-a3a5-4e90-b0f0-dc1627329688
2014-11-03 15:53:20,435 - 5268e8c8-a3a5-4e90-b0f0-dc1627329688
2014-11-03 15:53:37,947 - 5268e8c8-a3a5-4e90-b0f0-dc1627329688
2014-11-03 15:53:58,493 - 5268e8c8-a3a5-4e90-b0f0-dc1627329688
2014-11-03 15:54:00,425 - 5268e8c8-a3a5-4e90-b0f0-dc1627329688
2014-11-03 15:54:06,230 - 5268e8c8-a3a5-4e90-b0f0-dc1627329688
2014-11-03 15:54:06,350 - 5268e8c8-a3a5-4e90-b0f0-dc1627329688
2014-11-03 15:54:06,499 - Destine()-->预定编码前,执行时间:5
2014-11-03 15:54:25,836 - Destine()-->预定编码完成,执行时间:19336
2014-11-03 15:54:25,845 - Destine()-->航段,执行时间:8
2014-11-03 15:54:55,812 - 重选政策用时:29219
2014-11-03 15:54:55,826 - Destine()-->航段,成人订单:29980
2014-11-03 15:54:55,826 - Destine()-->航段,儿童订单:0
2014-11-03 15:54:56,173 - Destine()--保存到数据库,执行时间:346
2014-11-03 15:55:38,069 - 5268e8c8-a3a5-4e90-b0f0-dc1627329688
2014-11-03 15:56:27,578 - 5268e8c8-a3a5-4e90-b0f0-dc1627329688
2014-11-03 15:57:32,677 - 5268e8c8-a3a5-4e90-b0f0-dc1627329688
2014-11-03 15:57:47,364 - 5268e8c8-a3a5-4e90-b0f0-dc1627329688
2014-11-03 15:57:54,192 - 5268e8c8-a3a5-4e90-b0f0-dc1627329688
2014-11-03 15:58:00,023 - 5268e8c8-a3a5-4e90-b0f0-dc1627329688
2014-11-03 15:58:00,124 - 5268e8c8-a3a5-4e90-b0f0-dc1627329688
2014-11-03 15:58:00,201 - Destine()-->预定编码前,执行时间:2
2014-11-03 15:58:16,963 - Destine()-->预定编码完成,执行时间:16761
2014-11-03 15:58:16,963 - Destine()-->航段,执行时间:0
2014-11-03 15:58:21,592 - 重选政策用时:3825
2014-11-03 15:58:21,593 - Destine()-->航段,成人订单:4629
2014-11-03 15:58:21,593 - Destine()-->航段,儿童订单:0
2014-11-03 15:58:21,719 - Destine()--保存到数据库,执行时间:126
2014-11-03 15:58:29,225 - 5268e8c8-a3a5-4e90-b0f0-dc1627329688
2014-11-03 15:58:59,573 - 5268e8c8-a3a5-4e90-b0f0-dc1627329688
2014-11-03 15:59:48,392 - 5268e8c8-a3a5-4e90-b0f0-dc1627329688
2014-11-03 16:00:12,029 - 5268e8c8-a3a5-4e90-b0f0-dc1627329688
2014-11-03 16:00:13,665 - 5268e8c8-a3a5-4e90-b0f0-dc1627329688
2014-11-03 16:01:59,198 - 5268e8c8-a3a5-4e90-b0f0-dc1627329688
2014-11-03 16:01:59,301 - 5268e8c8-a3a5-4e90-b0f0-dc1627329688
2014-11-03 16:01:59,419 - Destine()-->预定编码前,执行时间:2
2014-11-03 16:02:51,558 - 5268e8c8-a3a5-4e90-b0f0-dc1627329688
2014-11-03 16:03:04,097 - 5268e8c8-a3a5-4e90-b0f0-dc1627329688
2014-11-03 16:03:06,889 - 5268e8c8-a3a5-4e90-b0f0-dc1627329688
2014-11-03 16:03:11,320 - 5268e8c8-a3a5-4e90-b0f0-dc1627329688
2014-11-03 16:03:14,304 - 5268e8c8-a3a5-4e90-b0f0-dc1627329688
2014-11-03 16:03:18,295 - 5268e8c8-a3a5-4e90-b0f0-dc1627329688
2014-11-03 16:03:22,539 - 5268e8c8-a3a5-4e90-b0f0-dc1627329688
2014-11-03 16:03:34,931 - 5268e8c8-a3a5-4e90-b0f0-dc1627329688
2014-11-03 16:03:35,026 - 5268e8c8-a3a5-4e90-b0f0-dc1627329688
2014-11-03 16:03:35,100 - Destine()-->预定编码前,执行时间:2
2014-11-03 16:03:55,912 - Destine()-->预定编码完成,执行时间:20811
2014-11-03 16:03:55,912 - Destine()-->航段,执行时间:0
2014-11-03 16:04:10,751 - 重选政策用时:9055
2014-11-03 16:04:10,752 - Destine()-->航段,成人订单:14840
2014-11-03 16:04:10,752 - Destine()-->航段,儿童订单:0
2014-11-03 16:04:11,164 - Destine()--保存到数据库,执行时间:412
2014-11-03 16:29:45,608 - 9436ac37-fe47-4ec8-8f4d-3aaa4539dca5
2014-11-03 16:29:46,018 - 9436ac37-fe47-4ec8-8f4d-3aaa4539dca5
2014-11-03 16:29:46,339 - 9436ac37-fe47-4ec8-8f4d-3aaa4539dca5
2014-11-03 16:29:46,804 - 9436ac37-fe47-4ec8-8f4d-3aaa4539dca5
2014-11-03 16:29:46,808 - 9436ac37-fe47-4ec8-8f4d-3aaa4539dca5
2014-11-03 16:29:47,037 - 9436ac37-fe47-4ec8-8f4d-3aaa4539dca5
2014-11-03 16:30:41,656 - 9436ac37-fe47-4ec8-8f4d-3aaa4539dca5
2014-11-03 16:31:14,073 - 9436ac37-fe47-4ec8-8f4d-3aaa4539dca5
2014-11-03 16:31:17,048 - 9436ac37-fe47-4ec8-8f4d-3aaa4539dca5
2014-11-03 16:31:24,936 - 9436ac37-fe47-4ec8-8f4d-3aaa4539dca5
2014-11-03 16:31:25,077 - 9436ac37-fe47-4ec8-8f4d-3aaa4539dca5
2014-11-03 16:31:25,234 - Destine()-->预定编码前,执行时间:6
2014-11-03 16:31:50,186 - Destine()-->预定编码完成,执行时间:24951
2014-11-03 16:31:50,193 - Destine()-->航段,执行时间:6
2014-11-03 16:31:59,073 - 重选政策用时:3749
2014-11-03 16:31:59,086 - Destine()-->航段,成人订单:8892
2014-11-03 16:31:59,086 - Destine()-->航段,儿童订单:0
2014-11-03 16:31:59,482 - Destine()--保存到数据库,执行时间:396
