2014-10-31 17:26:35,299 - 7237d286-aecf-4f15-8dd4-187330bb794a
2014-10-31 17:26:35,380 - 7237d286-aecf-4f15-8dd4-187330bb794a
2014-10-31 17:26:35,391 - 7237d286-aecf-4f15-8dd4-187330bb794a
2014-10-31 17:26:35,445 - 7237d286-aecf-4f15-8dd4-187330bb794a
2014-10-31 17:26:36,710 - 7237d286-aecf-4f15-8dd4-187330bb794a
2014-10-31 17:26:36,904 - 7237d286-aecf-4f15-8dd4-187330bb794a
2014-10-31 17:26:57,992 - 7237d286-aecf-4f15-8dd4-187330bb794a
2014-10-31 17:27:10,793 - 7237d286-aecf-4f15-8dd4-187330bb794a
2014-10-31 17:27:38,993 - 7237d286-aecf-4f15-8dd4-187330bb794a
2014-10-31 17:27:40,440 - 7237d286-aecf-4f15-8dd4-187330bb794a
2014-10-31 17:27:52,602 - 7237d286-aecf-4f15-8dd4-187330bb794a
2014-10-31 17:27:52,730 - 7237d286-aecf-4f15-8dd4-187330bb794a
2014-10-31 17:27:52,883 - Destine()-->预定编码前,执行时间:5
2014-10-31 17:27:56,586 - Destine()-->预定编码完成,执行时间:3702
2014-10-31 17:27:56,588 - Destine()-->航段,执行时间:2
2014-10-31 17:27:57,914 - 重选政策用时:1230
2014-10-31 17:27:57,988 - Destine()-->航段,成人订单:1400
2014-10-31 17:27:57,989 - Destine()-->航段,儿童订单:0
2014-10-31 17:27:58,475 - Destine()--保存到数据库,执行时间:486
2014-10-31 17:33:36,438 - c554b77f-7e3f-4488-a5de-8818fe893929
2014-10-31 17:33:37,538 - c554b77f-7e3f-4488-a5de-8818fe893929
2014-10-31 17:33:37,655 - c554b77f-7e3f-4488-a5de-8818fe893929
2014-10-31 17:33:38,290 - c554b77f-7e3f-4488-a5de-8818fe893929
2014-10-31 17:33:38,509 - c554b77f-7e3f-4488-a5de-8818fe893929
2014-10-31 17:33:38,753 - c554b77f-7e3f-4488-a5de-8818fe893929
2014-10-31 17:33:59,119 - c554b77f-7e3f-4488-a5de-8818fe893929
2014-10-31 17:34:05,023 - c554b77f-7e3f-4488-a5de-8818fe893929
2014-10-31 17:34:06,928 - c554b77f-7e3f-4488-a5de-8818fe893929
2014-10-31 17:34:15,366 - c554b77f-7e3f-4488-a5de-8818fe893929
2014-10-31 17:34:15,534 - c554b77f-7e3f-4488-a5de-8818fe893929
2014-10-31 17:34:16,101 - Destine()-->预定编码前,执行时间:5
2014-10-31 17:34:23,340 - Destine()-->预定编码完成,执行时间:7239
2014-10-31 17:34:23,345 - Destine()-->航段,执行时间:5
2014-10-31 17:35:08,910 - 重选政策用时:32780
2014-10-31 17:35:08,924 - Destine()-->航段,成人订单:45578
2014-10-31 17:35:08,924 - Destine()-->航段,儿童订单:0
2014-10-31 17:35:09,313 - Destine()--保存到数据库,执行时间:388
2014-10-31 17:35:13,535 - c554b77f-7e3f-4488-a5de-8818fe893929
2014-10-31 17:35:19,297 - c554b77f-7e3f-4488-a5de-8818fe893929
2014-10-31 17:35:19,395 - http://10.11.3.241:889/api/Bank/GetBankList?code=0000005571&currentTime=20141031173519&partnerKey=D722137BB41D4713946B406F430317F3&signature=9de5b87fa8775b3e7a030e1a312f5a8a
2014-10-31 17:35:29,730 - c554b77f-7e3f-4488-a5de-8818fe893929
2014-10-31 17:35:29,731 - c554b77f-7e3f-4488-a5de-8818fe893929
2014-10-31 17:35:29,790 - http://10.11.3.241:889/api/BusinessMan/GetUserInfo?code=0000005571&currentTime=20141031173529&partnerKey=D722137BB41D4713946B406F430317F3&signature=ea3ba885fd971d4bee758e182b69bc26
2014-10-31 17:35:29,906 - c554b77f-7e3f-4488-a5de-8818fe893929
2014-10-31 17:35:31,930 - c554b77f-7e3f-4488-a5de-8818fe893929
2014-10-31 17:41:57,662 - 2728c6e6-b7ef-4b4e-88e7-603e1fc82c7e
2014-10-31 17:41:57,733 - 2728c6e6-b7ef-4b4e-88e7-603e1fc82c7e
2014-10-31 17:41:57,972 - 2728c6e6-b7ef-4b4e-88e7-603e1fc82c7e
2014-10-31 17:41:58,615 - 2728c6e6-b7ef-4b4e-88e7-603e1fc82c7e
2014-10-31 17:41:59,359 - 2728c6e6-b7ef-4b4e-88e7-603e1fc82c7e
2014-10-31 17:42:00,051 - 2728c6e6-b7ef-4b4e-88e7-603e1fc82c7e
2014-10-31 17:42:15,077 - 2728c6e6-b7ef-4b4e-88e7-603e1fc82c7e
2014-10-31 17:43:28,192 - 2728c6e6-b7ef-4b4e-88e7-603e1fc82c7e
2014-10-31 17:43:56,289 - 2728c6e6-b7ef-4b4e-88e7-603e1fc82c7e
2014-10-31 17:46:40,112 - e80e4a15-9d4f-4a1a-98e5-82327947acc3
2014-10-31 17:46:40,194 - e80e4a15-9d4f-4a1a-98e5-82327947acc3
2014-10-31 17:46:40,734 - e80e4a15-9d4f-4a1a-98e5-82327947acc3
2014-10-31 17:46:40,809 - e80e4a15-9d4f-4a1a-98e5-82327947acc3
2014-10-31 17:46:41,474 - e80e4a15-9d4f-4a1a-98e5-82327947acc3
2014-10-31 17:46:41,641 - e80e4a15-9d4f-4a1a-98e5-82327947acc3
2014-10-31 17:46:56,050 - e80e4a15-9d4f-4a1a-98e5-82327947acc3
2014-10-31 17:47:04,770 - e80e4a15-9d4f-4a1a-98e5-82327947acc3
2014-10-31 17:47:21,965 - e80e4a15-9d4f-4a1a-98e5-82327947acc3
